#
# A fatal error has been detected by the Java Runtime Environment:
#
#  SIGSEGV (0xb) at pc=0x00007f056c0b9d75, pid=4042, tid=0x00007f0552dfd700
#
# JRE version: OpenJDK Runtime Environment (8.0_252-b09) (build 1.8.0_252-8u252-b09-1~18.04-b09)
# Java VM: OpenJDK 64-Bit Server VM (25.252-b09 mixed mode linux-amd64 compressed oops)
# Problematic frame:
# V  [libjvm.so+0x961d75]
#
# Failed to write core dump. Core dumps have been disabled. To enable core dumping, try "ulimit -c unlimited" before starting Java again
#
# If you would like to submit a bug report, please visit:
#   http://bugreport.java.com/bugreport/crash.jsp
#

---------------  T H R E A D  ---------------

Current thread (0x00007f056407a000):  VMThread [stack: 0x00007f0552cfe000,0x00007f0552dfe000] [id=4065]

siginfo: si_signo: 11 (SIGSEGV), si_code: 128 (SI_KERNEL), si_addr: 0x0000000000000000

Registers:
RAX=0x0000000000000001, RBX=0x0000000000000101, RCX=0x0000000000000000, RDX=0x00007f0553000000
RSP=0x00007f0552dfc4e8, RBP=0x00007f0552dfc580, RSI=0x007fffffffa00000, RDI=0x00007f056c6cc360
R8 =0x0000000000000000, R9 =0x0000000000000000, R10=0x00007f05480008d0, R11=0x0000000000000000
R12=0x00000001000c8c50, R13=0x00007f056c6cc360, R14=0x00007f0548056540, R15=0x000000010078b758
RIP=0x00007f056c0b9d75, EFLAGS=0x0000000000010246, CSGSFS=0x002b000000000033, ERR=0x0000000000000000
  TRAPNO=0x000000000000000d

Top of Stack: (sp=0x00007f0552dfc4e8)
0x00007f0552dfc4e8:   00007f056bedf56f 00007f056c60b608
0x00007f0552dfc4f8:   00007f0552dfc520 0000000000000000
0x00007f0552dfc508:   0000000000000000 01007f0552dfc560
0x00007f0552dfc518:   0000000000000808 0000000000000000
0x00007f0552dfc528:   0000000000000000 0000000000000000
0x00007f0552dfc538:   0000000000000000 0000000000000000
0x00007f0552dfc548:   a07a2d56ee91bd00 00007f0552dfc580
0x00007f0552dfc558:   00007f0552dfc5d8 0000000000000002
0x00007f0552dfc568:   00007f0552dfc630 0000000000000002
0x00007f0552dfc578:   00007f0552dfc650 00007f0552dfc750
0x00007f0552dfc588:   00007f056c0bd90f 00007f0552dfc610
0x00007f0552dfc598:   00007f056c6cc480 00007f0552dfc670
0x00007f0552dfc5a8:   00007f0538094730 000000000000002e
0x00007f0552dfc5b8:   0000000000000cc4 000000000000012b
0x00007f0552dfc5c8:   0000000000000017 00007f0552dfc600
0x00007f0552dfc5d8:   00007f056ce59ea6 00007f056c60b1f0
0x00007f0552dfc5e8:   00007f0564077600 00007f056c60b208
0x00007f0552dfc5f8:   00007f056c04c800 00007f0564077600
0x00007f0552dfc608:   000000000bf6f6c1 00007f056c2939b6
0x00007f0552dfc618:   a07a2d56ee910100 00007f056c6cc4c0
0x00007f0552dfc628:   000009e13ca58952 00007f056c2939cd
0x00007f0552dfc638:   00007f056bfb0100 00007f056c6cc4c0
0x00007f0552dfc648:   000009e14730dcff 00007f056c25b95b
0x00007f0552dfc658:   0000000000000100 00007f056c6cc4c0
0x00007f0552dfc668:   000009e14734fa24 00007f056c60c580
0x00007f0552dfc678:   0000000000000002 00007f0564077300
0x00007f0552dfc688:   00007f0552dfc6f0 00007f0552dfc6c0
0x00007f0552dfc698:   0000000000000001 00007f0552dfc6d0
0x00007f0552dfc6a8:   00007f0552dfc710 00007f0552dfc6e0
0x00007f0552dfc6b8:   00007ffca39c0982 00007f0552dfc6f0
0x00007f0552dfc6c8:   00007ffc00000002 0000000000000001
0x00007f0552dfc6d8:   00007f05640798a0 00007f0552dfc710 

Instructions: (pc=0x00007f056c0b9d75)
0x00007f056c0b9d55:   00 8b 08 b8 01 00 00 00 48 89 e5 48 c1 ee 03 5d
0x00007f056c0b9d65:   48 d3 ee 48 89 f1 48 c1 ee 06 83 e1 3f 48 d3 e0
0x00007f056c0b9d75:   48 85 04 f2 0f 95 c0 c3 90 66 90 48 89 f0 55 48
0x00007f056c0b9d85:   8b 77 10 48 8b 10 48 89 c7 48 89 e5 5d 48 8b 92 

Register to memory mapping:

RAX=0x0000000000000001 is an unknown value
RBX=0x0000000000000101 is an unknown value
RCX=0x0000000000000000 is an unknown value
RDX=0x00007f0553000000 is an unknown value
RSP=0x00007f0552dfc4e8 is an unknown value
RBP=0x00007f0552dfc580 is an unknown value
RSI=0x007fffffffa00000 is an unknown value
RDI=0x00007f056c6cc360: <offset 0xf74360> in /usr/lib/jvm/java-8-openjdk-amd64/jre/lib/amd64/server/libjvm.so at 0x00007f056b758000
R8 =0x0000000000000000 is an unknown value
R9 =0x0000000000000000 is an unknown value
R10=0x00007f05480008d0 is an unknown value
R11=0x0000000000000000 is an unknown value
R12=0x00000001000c8c50 is pointing into metadata
R13=0x00007f056c6cc360: <offset 0xf74360> in /usr/lib/jvm/java-8-openjdk-amd64/jre/lib/amd64/server/libjvm.so at 0x00007f056b758000
R14=0x00007f0548056540 is an unknown value
R15=0x000000010078b758 is pointing into metadata


Stack: [0x00007f0552cfe000,0x00007f0552dfe000],  sp=0x00007f0552dfc4e8,  free space=1017k
Native frames: (J=compiled Java code, j=interpreted, Vv=VM code, C=native code)
V  [libjvm.so+0x961d75]
V  [libjvm.so+0x96590f]
V  [libjvm.so+0x966d2e]
V  [libjvm.so+0x96763e]
V  [libjvm.so+0xabe732]
V  [libjvm.so+0xac3446]
V  [libjvm.so+0xac16f5]
V  [libjvm.so+0xac1fce]
V  [libjvm.so+0xac2428]
V  [libjvm.so+0x8f3e62]

VM_Operation (0x00007f04e4de2570): ParallelGCSystemGC, mode: safepoint, requested by thread 0x00007f052452b800


---------------  P R O C E S S  ---------------

Java Threads: ( => current thread )
  0x00007f0524e2b000 JavaThread "ForkJoinPool-2-worker-1" daemon [_thread_blocked, id=4748, stack(0x00007f04d9db8000,0x00007f04d9eb9000)]
  0x00007f0548018800 JavaThread "spark-kernel-actor-system-akka.actor.default-dispatcher-87" [_thread_blocked, id=4744, stack(0x00007f04d98b5000,0x00007f04d99b6000)]
  0x00007f0520021800 JavaThread "rpc-server-4-2" daemon [_thread_in_native, id=4689, stack(0x00007f04d2c49000,0x00007f04d2d4a000)]
  0x00007f0524130000 JavaThread "scheduled-task-manager-3" daemon [_thread_blocked, id=4397, stack(0x00007f04d8ba8000,0x00007f04d8ca9000)]
  0x00007f0524100000 JavaThread "scheduled-task-manager-2" daemon [_thread_blocked, id=4304, stack(0x00007f052abc8000,0x00007f052acc9000)]
  0x00007f0524e15800 JavaThread "scheduled-task-manager-1" daemon [_thread_blocked, id=4206, stack(0x00007f04d97b4000,0x00007f04d98b5000)]
  0x00007f0518057800 JavaThread "task-result-getter-3" daemon [_thread_blocked, id=4203, stack(0x00007f052a9c6000,0x00007f052aac7000)]
  0x00007f0524dbf000 JavaThread "scheduled-task-manager-0" daemon [_thread_blocked, id=4190, stack(0x00007f04da7c2000,0x00007f04da8c3000)]
  0x00007f051c035000 JavaThread "task-result-getter-2" daemon [_thread_blocked, id=4189, stack(0x00007f04da8c3000,0x00007f04da9c4000)]
  0x00007f051c037800 JavaThread "task-result-getter-1" daemon [_thread_blocked, id=4161, stack(0x00007f04dc5de000,0x00007f04dc6df000)]
  0x00007f05180aa000 JavaThread "task-result-getter-0" daemon [_thread_blocked, id=4160, stack(0x00007f04dcaee000,0x00007f04dcbef000)]
  0x00007f0520018800 JavaThread "rpc-server-4-1" daemon [_thread_in_native, id=4156, stack(0x00007f04debf1000,0x00007f04decf2000)]
  0x00007f053006f000 JavaThread "files-client-8-1" daemon [_thread_in_native, id=4155, stack(0x00007f04decf2000,0x00007f04dedf3000)]
  0x00007f052493d800 JavaThread "org.apache.hadoop.fs.FileSystem$Statistics$StatisticsDataReferenceCleaner" daemon [_thread_blocked, id=4153, stack(0x00007f0528986000,0x00007f0528a87000)]
  0x00007f05248a6800 JavaThread "spark-listener-group-streams" daemon [_thread_blocked, id=4152, stack(0x00007f04e40dd000,0x00007f04e41de000)]
  0x00007f0524519800 JavaThread "spark-listener-group-shared" daemon [_thread_blocked, id=4150, stack(0x00007f04e48df000,0x00007f04e49e0000)]
  0x00007f056560e000 JavaThread "element-tracking-store-worker" daemon [_thread_blocked, id=4149, stack(0x00007f04e49e0000,0x00007f04e4ae1000)]
  0x00007f0524531800 JavaThread "spark-listener-group-executorManagement" daemon [_thread_blocked, id=4148, stack(0x00007f04e4ae1000,0x00007f04e4be2000)]
  0x00007f052452f800 JavaThread "spark-listener-group-appStatus" daemon [_thread_blocked, id=4147, stack(0x00007f04e4be2000,0x00007f04e4ce3000)]
  0x00007f052452b800 JavaThread "context-cleaner-periodic-gc" daemon [_thread_blocked, id=4146, stack(0x00007f04e4ce3000,0x00007f04e4de4000)]
  0x00007f052452a000 JavaThread "Spark Context Cleaner" daemon [_thread_blocked, id=4145, stack(0x00007f04e4de4000,0x00007f04e4ee5000)]
  0x00007f0524502000 JavaThread "shuffle-boss-6-1" daemon [_thread_in_native, id=4144, stack(0x00007f04e50e5000,0x00007f04e51e6000)]
  0x00007f05244bd000 JavaThread "driver-heartbeater" daemon [_thread_blocked, id=4143, stack(0x00007f04e51e6000,0x00007f04e52e7000)]
  0x00007f052447a000 JavaThread "dag-scheduler-event-loop" daemon [_thread_blocked, id=4142, stack(0x00007f04e52e7000,0x00007f04e53e8000)]
  0x00007f053004c800 JavaThread "netty-rpc-env-timeout" daemon [_thread_blocked, id=4141, stack(0x00007f04e53e8000,0x00007f04e54e9000)]
  0x00007f0524461800 JavaThread "Timer-1" daemon [_thread_blocked, id=4140, stack(0x00007f04e54e9000,0x00007f04e55ea000)]
  0x00007f0524460000 JavaThread "Timer-0" daemon [_thread_blocked, id=4139, stack(0x00007f04e55ea000,0x00007f04e56eb000)]
  0x00007f051802b800 JavaThread "heartbeat-receiver-event-loop-thread" daemon [_thread_blocked, id=4138, stack(0x00007f04e56eb000,0x00007f04e57ec000)]
  0x00007f0524421000 JavaThread "SparkUI-71" daemon [_thread_blocked, id=4137, stack(0x00007f04e59ec000,0x00007f04e5aed000)]
  0x00007f052441f800 JavaThread "SparkUI-70" daemon [_thread_blocked, id=4136, stack(0x00007f04e5aed000,0x00007f04e5bee000)]
  0x00007f052441d800 JavaThread "SparkUI-69" daemon [_thread_blocked, id=4135, stack(0x00007f04e5bee000,0x00007f04e5cef000)]
  0x00007f052441c000 JavaThread "SparkUI-68" daemon [_thread_blocked, id=4134, stack(0x00007f04e5cef000,0x00007f04e5df0000)]
  0x00007f052441a000 JavaThread "SparkUI-67" daemon [_thread_blocked, id=4133, stack(0x00007f04e5df0000,0x00007f04e5ef1000)]
  0x00007f0524418800 JavaThread "SparkUI-66" daemon [_thread_blocked, id=4132, stack(0x00007f04e5ef1000,0x00007f04e5ff2000)]
  0x00007f0524417000 JavaThread "SparkUI-65" daemon [_thread_in_native, id=4131, stack(0x00007f04e5ff2000,0x00007f04e60f3000)]
  0x00007f0524415000 JavaThread "SparkUI-64-acceptor-0@6c413373-ServerConnector@6286c08b{HTTP/1.1,[http/1.1]}{0.0.0.0:4040}" daemon [_thread_in_native, id=4130, stack(0x00007f04e60f3000,0x00007f04e61f4000)]
  0x00007f0524345800 JavaThread "RemoteBlock-temp-file-clean-thread" daemon [_thread_blocked, id=4129, stack(0x00007f04e61f4000,0x00007f04e62f5000)]
  0x00007f0524311000 JavaThread "map-output-dispatcher-7" daemon [_thread_blocked, id=4128, stack(0x00007f04e64f5000,0x00007f04e65f6000)]
  0x00007f052430f000 JavaThread "map-output-dispatcher-6" daemon [_thread_blocked, id=4127, stack(0x00007f04e65f6000,0x00007f04e66f7000)]
  0x00007f052430d000 JavaThread "map-output-dispatcher-5" daemon [_thread_blocked, id=4126, stack(0x00007f04e66f7000,0x00007f04e67f8000)]
  0x00007f052430b000 JavaThread "map-output-dispatcher-4" daemon [_thread_blocked, id=4125, stack(0x00007f04e67f8000,0x00007f04e68f9000)]
  0x00007f0524309800 JavaThread "map-output-dispatcher-3" daemon [_thread_blocked, id=4124, stack(0x00007f04e68f9000,0x00007f04e69fa000)]
  0x00007f0524308000 JavaThread "map-output-dispatcher-2" daemon [_thread_blocked, id=4123, stack(0x00007f04e69fa000,0x00007f04e6afb000)]
  0x00007f0524304800 JavaThread "map-output-dispatcher-1" daemon [_thread_blocked, id=4122, stack(0x00007f04e6afb000,0x00007f04e6bfc000)]
  0x00007f0524300800 JavaThread "map-output-dispatcher-0" daemon [_thread_blocked, id=4121, stack(0x00007f04e6bfc000,0x00007f04e6cfd000)]
  0x00007f05242ce000 JavaThread "rpc-boss-3-1" daemon [_thread_in_native, id=4120, stack(0x00007f04e6cfd000,0x00007f04e6dfe000)]
  0x00007f05241c5000 JavaThread "dispatcher-event-loop-1" daemon [_thread_blocked, id=4119, stack(0x00007f04e6ffe000,0x00007f04e70ff000)]
  0x00007f05241c4000 JavaThread "dispatcher-event-loop-0" daemon [_thread_blocked, id=4118, stack(0x00007f0529f96000,0x00007f052a097000)]
  0x00007f050a329000 JavaThread "task-manager-0" daemon [_thread_blocked, id=4104, stack(0x00007f052a097000,0x00007f052a198000)]
  0x00007f05382e1800 JavaThread "iothread-2" daemon [_thread_in_native, id=4102, stack(0x00007f0528e87000,0x00007f0528f88000)]
  0x00007f052c789000 JavaThread "iothread-2" daemon [_thread_in_native, id=4101, stack(0x00007f0528f88000,0x00007f0529089000)]
  0x00007f0540037000 JavaThread "iothread-2" daemon [_thread_in_native, id=4100, stack(0x00007f0529089000,0x00007f052918a000)]
  0x00007f0538396800 JavaThread "reaper-1" daemon [_thread_in_native, id=4099, stack(0x00007f052918a000,0x00007f052928b000)]
  0x00007f0534037000 JavaThread "iothread-2" daemon [_thread_in_native, id=4098, stack(0x00007f052948b000,0x00007f052958c000)]
  0x00007f053401b800 JavaThread "reaper-1" daemon [_thread_in_native, id=4097, stack(0x00007f052958c000,0x00007f052968d000)]
  0x00007f054001b800 JavaThread "reaper-1" daemon [_thread_in_native, id=4096, stack(0x00007f052968d000,0x00007f052978e000)]
  0x00007f0530041000 JavaThread "iothread-2" daemon [_thread_in_native, id=4095, stack(0x00007f052978e000,0x00007f052988f000)]
  0x00007f0530002000 JavaThread "reaper-1" daemon [_thread_in_native, id=4094, stack(0x00007f052988f000,0x00007f0529990000)]
  0x00007f052c6ec000 JavaThread "reaper-1" daemon [_thread_in_native, id=4093, stack(0x00007f0529990000,0x00007f0529a91000)]
  0x00007f0510081000 JavaThread "Thread-4" [_thread_blocked, id=4092, stack(0x00007f0529a91000,0x00007f0529b92000)]
  0x00007f051c029000 JavaThread "Thread-6" [_thread_blocked, id=4091, stack(0x00007f0529b92000,0x00007f0529c93000)]
  0x00007f0524014000 JavaThread "Thread-7" [_thread_blocked, id=4090, stack(0x00007f0529c93000,0x00007f0529d94000)]
  0x00007f051006e000 JavaThread "Thread-8" [_thread_blocked, id=4089, stack(0x00007f0529d94000,0x00007f0529e95000)]
  0x00007f0518003000 JavaThread "Thread-5" [_thread_blocked, id=4088, stack(0x00007f0529e95000,0x00007f0529f96000)]
  0x00007f0565294000 JavaThread "spark-kernel-actor-system-scheduler-1" [_thread_blocked, id=4079, stack(0x00007f055007d000,0x00007f055017e000)]
  0x00007f05640d2800 JavaThread "Service Thread" daemon [_thread_blocked, id=4074, stack(0x00007f0551d28000,0x00007f0551e29000)]
  0x00007f05640bd800 JavaThread "C1 CompilerThread1" daemon [_thread_blocked, id=4073, stack(0x00007f0551e2a000,0x00007f0551f2a000)]
  0x00007f05640ba800 JavaThread "C2 CompilerThread0" daemon [_thread_blocked, id=4072, stack(0x00007f0551f2b000,0x00007f055202b000)]
  0x00007f05640b6800 JavaThread "Signal Dispatcher" daemon [_thread_blocked, id=4071, stack(0x00007f055202b000,0x00007f055212c000)]
  0x00007f0564088800 JavaThread "Finalizer" daemon [_thread_blocked, id=4067, stack(0x00007f0552afb000,0x00007f0552bfc000)]
  0x00007f0564084000 JavaThread "Reference Handler" daemon [_thread_blocked, id=4066, stack(0x00007f0552bfc000,0x00007f0552cfd000)]
  0x00007f0564010800 JavaThread "main" [_thread_blocked, id=4062, stack(0x00007f056d43a000,0x00007f056d53a000)]

Other Threads:
=>0x00007f056407a000 VMThread [stack: 0x00007f0552cfe000,0x00007f0552dfe000] [id=4065]
  0x00007f05640d5000 WatcherThread [stack: 0x00007f0551c28000,0x00007f0551d28000] [id=4075]

VM state:at safepoint (normal execution)

VM Mutex/Monitor currently owned by a thread:  ([mutex/lock_event])
[0x00007f056400d020] Threads_lock - owner thread: 0x00007f056407a000
[0x00007f056400d520] Heap_lock - owner thread: 0x00007f052452b800

heap address: 0x00000000c0000000, size: 1024 MB, Compressed Oops mode: 32-bit
Narrow klass base: 0x0000000000000000, Narrow klass shift: 3
Compressed class space size: 1073741824 Address: 0x0000000100000000

Heap:
 PSYoungGen      total 61440K, used 96K [0x00000000eab00000, 0x00000000f2800000, 0x0000000100000000)
  eden space 60928K, 0% used [0x00000000eab00000,0x00000000eab00000,0x00000000ee680000)
  from space 512K, 18% used [0x00000000f2780000,0x00000000f2798000,0x00000000f2800000)
  to   space 512K, 0% used [0x00000000f2700000,0x00000000f2700000,0x00000000f2780000)
 ParOldGen       total 427008K, used 282096K [0x00000000c0000000, 0x00000000da100000, 0x00000000eab00000)
  object space 427008K, 66% used [0x00000000c0000000,0x00000000d137c0e0,0x00000000da100000)
 Metaspace       used 107895K, capacity 108702K, committed 110296K, reserved 1144832K
  class space    used 14910K, capacity 15057K, committed 15320K, reserved 1048576K

Card table byte_map: [0x00007f05697c7000,0x00007f05699c8000] byte_map_base: 0x00007f05691c7000

Marking Bits: (ParMarkBitMap*) 0x00007f056c6cc3c0
 Begin Bits: [0x00007f0553000000, 0x00007f0554000000)
 End Bits:   [0x00007f0554000000, 0x00007f0555000000)

Polling page: 0x00007f056d54d000

CodeCache: size=245760Kb used=53353Kb max_used=53867Kb free=192406Kb
 bounds [0x00007f0555000000, 0x00007f05584f0000, 0x00007f0564000000]
 total_blobs=18532 nmethods=17876 adapters=563
 compilation: enabled

Compilation events (10 events):
Event: 10329.685 Thread 0x00007f05640ba800 23120       4       java.util.concurrent.locks.AbstractQueuedSynchronizer$ConditionObject::doSignal (43 bytes)
Event: 10329.689 Thread 0x00007f05640ba800 nmethod 23120 0x00007f0556bf1710 code [0x00007f0556bf1880, 0x00007f0556bf1b98]
Event: 10382.674 Thread 0x00007f05640bd800 23121       3       org.apache.spark.rpc.RpcEndpointRef::ask (11 bytes)
Event: 10382.674 Thread 0x00007f05640bd800 nmethod 23121 0x00007f0556b93910 code [0x00007f0556b93a80, 0x00007f0556b93c88]
Event: 10729.685 Thread 0x00007f05640bd800 23122       3       sun.management.ManagementFactoryHelper::getGarbageCollectorMXBeans (66 bytes)
Event: 10729.686 Thread 0x00007f05640bd800 nmethod 23122 0x00007f05581d6390 code [0x00007f05581d65e0, 0x00007f05581d7448]
Event: 10759.685 Thread 0x00007f05640bd800 23123       3       org.apache.spark.executor.Executor::org$apache$spark$executor$Executor$$computeTotalGcTime (49 bytes)
Event: 10759.686 Thread 0x00007f05640bd800 nmethod 23123 0x00007f05563e3f10 code [0x00007f05563e4180, 0x00007f05563e52d8]
Event: 10769.685 Thread 0x00007f05640bd800 23124       3       org.apache.spark.status.LiveEntity::write (36 bytes)
Event: 10769.685 Thread 0x00007f05640bd800 nmethod 23124 0x00007f0555d05690 code [0x00007f0555d05820, 0x00007f0555d05cf8]

GC Heap History (10 events):
Event: 10816.676 GC heap after
Heap after GC invocations=484 (full 10):
 PSYoungGen      total 62976K, used 96K [0x00000000eab00000, 0x00000000f2800000, 0x0000000100000000)
  eden space 62464K, 0% used [0x00000000eab00000,0x00000000eab00000,0x00000000ee800000)
  from space 512K, 18% used [0x00000000f2780000,0x00000000f2798000,0x00000000f2800000)
  to   space 512K, 0% used [0x00000000f2700000,0x00000000f2700000,0x00000000f2780000)
 ParOldGen       total 427008K, used 282032K [0x00000000c0000000, 0x00000000da100000, 0x00000000eab00000)
  object space 427008K, 66% used [0x00000000c0000000,0x00000000d136c0e0,0x00000000da100000)
 Metaspace       used 107895K, capacity 108702K, committed 110296K, reserved 1144832K
  class space    used 14910K, capacity 15057K, committed 15320K, reserved 1048576K
}
Event: 10831.080 GC heap before
{Heap before GC invocations=485 (full 10):
 PSYoungGen      total 62976K, used 62560K [0x00000000eab00000, 0x00000000f2800000, 0x0000000100000000)
  eden space 62464K, 100% used [0x00000000eab00000,0x00000000ee800000,0x00000000ee800000)
  from space 512K, 18% used [0x00000000f2780000,0x00000000f2798000,0x00000000f2800000)
  to   space 512K, 0% used [0x00000000f2700000,0x00000000f2700000,0x00000000f2780000)
 ParOldGen       total 427008K, used 282032K [0x00000000c0000000, 0x00000000da100000, 0x00000000eab00000)
  object space 427008K, 66% used [0x00000000c0000000,0x00000000d136c0e0,0x00000000da100000)
 Metaspace       used 107895K, capacity 108702K, committed 110296K, reserved 1144832K
  class space    used 14910K, capacity 15057K, committed 15320K, reserved 1048576K
Event: 10831.084 GC heap after
Heap after GC invocations=485 (full 10):
 PSYoungGen      total 62464K, used 96K [0x00000000eab00000, 0x00000000f2800000, 0x0000000100000000)
  eden space 61952K, 0% used [0x00000000eab00000,0x00000000eab00000,0x00000000ee780000)
  from space 512K, 18% used [0x00000000f2700000,0x00000000f2718000,0x00000000f2780000)
  to   space 512K, 0% used [0x00000000f2780000,0x00000000f2780000,0x00000000f2800000)
 ParOldGen       total 427008K, used 282048K [0x00000000c0000000, 0x00000000da100000, 0x00000000eab00000)
  object space 427008K, 66% used [0x00000000c0000000,0x00000000d13700e0,0x00000000da100000)
 Metaspace       used 107895K, capacity 108702K, committed 110296K, reserved 1144832K
  class space    used 14910K, capacity 15057K, committed 15320K, reserved 1048576K
}
Event: 10845.997 GC heap before
{Heap before GC invocations=486 (full 10):
 PSYoungGen      total 62464K, used 62048K [0x00000000eab00000, 0x00000000f2800000, 0x0000000100000000)
  eden space 61952K, 100% used [0x00000000eab00000,0x00000000ee780000,0x00000000ee780000)
  from space 512K, 18% used [0x00000000f2700000,0x00000000f2718000,0x00000000f2780000)
  to   space 512K, 0% used [0x00000000f2780000,0x00000000f2780000,0x00000000f2800000)
 ParOldGen       total 427008K, used 282048K [0x00000000c0000000, 0x00000000da100000, 0x00000000eab00000)
  object space 427008K, 66% used [0x00000000c0000000,0x00000000d13700e0,0x00000000da100000)
 Metaspace       used 107895K, capacity 108702K, committed 110296K, reserved 1144832K
  class space    used 14910K, capacity 15057K, committed 15320K, reserved 1048576K
Event: 10846.002 GC heap after
Heap after GC invocations=486 (full 10):
 PSYoungGen      total 61952K, used 96K [0x00000000eab00000, 0x00000000f2800000, 0x0000000100000000)
  eden space 61440K, 0% used [0x00000000eab00000,0x00000000eab00000,0x00000000ee700000)
  from space 512K, 18% used [0x00000000f2780000,0x00000000f2798000,0x00000000f2800000)
  to   space 512K, 0% used [0x00000000f2700000,0x00000000f2700000,0x00000000f2780000)
 ParOldGen       total 427008K, used 282064K [0x00000000c0000000, 0x00000000da100000, 0x00000000eab00000)
  object space 427008K, 66% used [0x00000000c0000000,0x00000000d13740e0,0x00000000da100000)
 Metaspace       used 107895K, capacity 108702K, committed 110296K, reserved 1144832K
  class space    used 14910K, capacity 15057K, committed 15320K, reserved 1048576K
}
Event: 10861.229 GC heap before
{Heap before GC invocations=487 (full 10):
 PSYoungGen      total 61952K, used 61536K [0x00000000eab00000, 0x00000000f2800000, 0x0000000100000000)
  eden space 61440K, 100% used [0x00000000eab00000,0x00000000ee700000,0x00000000ee700000)
  from space 512K, 18% used [0x00000000f2780000,0x00000000f2798000,0x00000000f2800000)
  to   space 512K, 0% used [0x00000000f2700000,0x00000000f2700000,0x00000000f2780000)
 ParOldGen       total 427008K, used 282064K [0x00000000c0000000, 0x00000000da100000, 0x00000000eab00000)
  object space 427008K, 66% used [0x00000000c0000000,0x00000000d13740e0,0x00000000da100000)
 Metaspace       used 107895K, capacity 108702K, committed 110296K, reserved 1144832K
  class space    used 14910K, capacity 15057K, committed 15320K, reserved 1048576K
Event: 10861.234 GC heap after
Heap after GC invocations=487 (full 10):
 PSYoungGen      total 61440K, used 96K [0x00000000eab00000, 0x00000000f2800000, 0x0000000100000000)
  eden space 60928K, 0% used [0x00000000eab00000,0x00000000eab00000,0x00000000ee680000)
  from space 512K, 18% used [0x00000000f2700000,0x00000000f2718000,0x00000000f2780000)
  to   space 512K, 0% used [0x00000000f2780000,0x00000000f2780000,0x00000000f2800000)
 ParOldGen       total 427008K, used 282080K [0x00000000c0000000, 0x00000000da100000, 0x00000000eab00000)
  object space 427008K, 66% used [0x00000000c0000000,0x00000000d13780e0,0x00000000da100000)
 Metaspace       used 107895K, capacity 108702K, committed 110296K, reserved 1144832K
  class space    used 14910K, capacity 15057K, committed 15320K, reserved 1048576K
}
Event: 10862.986 GC heap before
{Heap before GC invocations=488 (full 10):
 PSYoungGen      total 61440K, used 7373K [0x00000000eab00000, 0x00000000f2800000, 0x0000000100000000)
  eden space 60928K, 11% used [0x00000000eab00000,0x00000000eb21b6d0,0x00000000ee680000)
  from space 512K, 18% used [0x00000000f2700000,0x00000000f2718000,0x00000000f2780000)
  to   space 512K, 0% used [0x00000000f2780000,0x00000000f2780000,0x00000000f2800000)
 ParOldGen       total 427008K, used 282080K [0x00000000c0000000, 0x00000000da100000, 0x00000000eab00000)
  object space 427008K, 66% used [0x00000000c0000000,0x00000000d13780e0,0x00000000da100000)
 Metaspace       used 107895K, capacity 108702K, committed 110296K, reserved 1144832K
  class space    used 14910K, capacity 15057K, committed 15320K, reserved 1048576K
Event: 10862.990 GC heap after
Heap after GC invocations=488 (full 10):
 PSYoungGen      total 61440K, used 96K [0x00000000eab00000, 0x00000000f2800000, 0x0000000100000000)
  eden space 60928K, 0% used [0x00000000eab00000,0x00000000eab00000,0x00000000ee680000)
  from space 512K, 18% used [0x00000000f2780000,0x00000000f2798000,0x00000000f2800000)
  to   space 512K, 0% used [0x00000000f2700000,0x00000000f2700000,0x00000000f2780000)
 ParOldGen       total 427008K, used 282096K [0x00000000c0000000, 0x00000000da100000, 0x00000000eab00000)
  object space 427008K, 66% used [0x00000000c0000000,0x00000000d137c0e0,0x00000000da100000)
 Metaspace       used 107895K, capacity 108702K, committed 110296K, reserved 1144832K
  class space    used 14910K, capacity 15057K, committed 15320K, reserved 1048576K
}
Event: 10862.990 GC heap before
{Heap before GC invocations=489 (full 11):
 PSYoungGen      total 61440K, used 96K [0x00000000eab00000, 0x00000000f2800000, 0x0000000100000000)
  eden space 60928K, 0% used [0x00000000eab00000,0x00000000eab00000,0x00000000ee680000)
  from space 512K, 18% used [0x00000000f2780000,0x00000000f2798000,0x00000000f2800000)
  to   space 512K, 0% used [0x00000000f2700000,0x00000000f2700000,0x00000000f2780000)
 ParOldGen       total 427008K, used 282096K [0x00000000c0000000, 0x00000000da100000, 0x00000000eab00000)
  object space 427008K, 66% used [0x00000000c0000000,0x00000000d137c0e0,0x00000000da100000)
 Metaspace       used 107895K, capacity 108702K, committed 110296K, reserved 1144832K
  class space    used 14910K, capacity 15057K, committed 15320K, reserved 1048576K

Deoptimization events (10 events):
Event: 754.916 Thread 0x00007f051c037000 Uncommon trap: reason=class_check action=maybe_recompile pc=0x00007f05578477e8 method=com.univocity.parsers.common.AbstractParser.handleEOF()[Ljava/lang/String; @ 28
Event: 755.309 Thread 0x00007f051c062000 Uncommon trap: reason=unstable_if action=reinterpret pc=0x00007f0556aedfa0 method=scala.collection.mutable.HashMap.remove(Ljava/lang/Object;)Lscala/Option; @ 10
Event: 874.976 Thread 0x00007f053006f000 Uncommon trap: reason=unstable_if action=reinterpret pc=0x00007f0558383744 method=sun.nio.ch.SelectorImpl.processDeregisterQueue()V @ 15
Event: 874.976 Thread 0x00007f0520021800 Uncommon trap: reason=unstable_if action=reinterpret pc=0x00007f0557e6bfd4 method=sun.nio.ch.SelectorImpl.processDeregisterQueue()V @ 15
Event: 4322.557 Thread 0x00007f0524421000 Uncommon trap: reason=unstable_if action=reinterpret pc=0x00007f0556e26a24 method=java.util.concurrent.locks.ReentrantLock$Sync.nonfairTryAcquire(I)Z @ 19
Event: 4809.686 Thread 0x00007f052452f800 Uncommon trap: reason=unstable_if action=reinterpret pc=0x00007f055762770c method=java.lang.ref.SoftReference.get()Ljava/lang/Object; @ 6
Event: 4809.686 Thread 0x00007f052452f800 Uncommon trap: reason=unstable_if action=reinterpret pc=0x00007f0555923670 method=java.lang.ref.SoftReference.get()Ljava/lang/Object; @ 6
Event: 4809.686 Thread 0x00007f052452f800 Uncommon trap: reason=unstable_if action=reinterpret pc=0x00007f055535108c method=java.lang.ref.SoftReference.get()Ljava/lang/Object; @ 6
Event: 4809.686 Thread 0x00007f052452f800 Uncommon trap: reason=unstable_if action=reinterpret pc=0x00007f0557131dfc method=java.lang.ref.SoftReference.get()Ljava/lang/Object; @ 6
Event: 9267.499 Thread 0x00007f05382e1800 Uncommon trap: reason=unstable_if action=reinterpret pc=0x00007f0556473b38 method=sun.nio.ch.SelectionKeyImpl.ensureValid()V @ 4

Classes redefined (0 events):
No events

Internal exceptions (10 events):
Event: 680.120 Thread 0x00007f050a329000 Exception <a 'java/lang/NoSuchMethodError': <clinit>> (0x00000000f213b8f8) thrown at [/build/openjdk-8-piDAoU/openjdk-8-8u252-b09/src/hotspot/src/share/vm/prims/jni.cpp, line 1615]
Event: 680.122 Thread 0x00007f050a329000 Exception <a 'java/lang/NoSuchMethodError': <clinit>> (0x00000000f215a610) thrown at [/build/openjdk-8-piDAoU/openjdk-8-8u252-b09/src/hotspot/src/share/vm/prims/jni.cpp, line 1615]
Event: 680.124 Thread 0x00007f050a329000 Exception <a 'java/lang/NoSuchMethodError': <clinit>> (0x00000000f2182988) thrown at [/build/openjdk-8-piDAoU/openjdk-8-8u252-b09/src/hotspot/src/share/vm/prims/jni.cpp, line 1615]
Event: 680.125 Thread 0x00007f050a329000 Exception <a 'java/lang/NoSuchMethodError': <clinit>> (0x00000000f21a1958) thrown at [/build/openjdk-8-piDAoU/openjdk-8-8u252-b09/src/hotspot/src/share/vm/prims/jni.cpp, line 1615]
Event: 754.740 Thread 0x00007f050a329000 Exception <a 'java/lang/NoSuchMethodError': <clinit>> (0x00000000ec4e3b48) thrown at [/build/openjdk-8-piDAoU/openjdk-8-8u252-b09/src/hotspot/src/share/vm/prims/jni.cpp, line 1615]
Event: 754.740 Thread 0x00007f050a329000 Exception <a 'java/lang/NoSuchMethodError': <clinit>> (0x00000000ec4eacf8) thrown at [/build/openjdk-8-piDAoU/openjdk-8-8u252-b09/src/hotspot/src/share/vm/prims/jni.cpp, line 1615]
Event: 4809.686 Thread 0x00007f052452f800 Implicit null exception at 0x00007f05576263c2 to 0x00007f05576276fd
Event: 4809.686 Thread 0x00007f052452f800 Implicit null exception at 0x00007f0555922fa6 to 0x00007f0555923659
Event: 4809.686 Thread 0x00007f052452f800 Implicit null exception at 0x00007f05553509bf to 0x00007f055535104d
Event: 4809.686 Thread 0x00007f052452f800 Implicit null exception at 0x00007f055712bc94 to 0x00007f0557131de1

Events (10 events):
Event: 10800.770 Executing VM operation: ParallelGCFailedAllocation done
Event: 10816.672 Executing VM operation: ParallelGCFailedAllocation
Event: 10816.676 Executing VM operation: ParallelGCFailedAllocation done
Event: 10831.080 Executing VM operation: ParallelGCFailedAllocation
Event: 10831.084 Executing VM operation: ParallelGCFailedAllocation done
Event: 10845.997 Executing VM operation: ParallelGCFailedAllocation
Event: 10846.002 Executing VM operation: ParallelGCFailedAllocation done
Event: 10861.229 Executing VM operation: ParallelGCFailedAllocation
Event: 10861.234 Executing VM operation: ParallelGCFailedAllocation done
Event: 10862.986 Executing VM operation: ParallelGCSystemGC


Dynamic libraries:
c0000000-da100000 rw-p 00000000 00:00 0 
da100000-eab00000 ---p 00000000 00:00 0 
eab00000-f2800000 rw-p 00000000 00:00 0 
f2800000-100000000 ---p 00000000 00:00 0 
100000000-100ef6000 rw-p 00000000 00:00 0 
100ef6000-140000000 ---p 00000000 00:00 0 
560780ffc000-560780ffd000 r-xp 00000000 08:01 1067024                    /usr/lib/jvm/java-8-openjdk-amd64/jre/bin/java
5607811fc000-5607811fd000 r--p 00000000 08:01 1067024                    /usr/lib/jvm/java-8-openjdk-amd64/jre/bin/java
5607811fd000-5607811fe000 rw-p 00001000 08:01 1067024                    /usr/lib/jvm/java-8-openjdk-amd64/jre/bin/java
5607818a9000-560781958000 rw-p 00000000 00:00 0                          [heap]
7f04d2c49000-7f04d2c4c000 ---p 00000000 00:00 0 
7f04d2c4c000-7f04d2d4a000 rw-p 00000000 00:00 0 
7f04d3451000-7f04d3454000 ---p 00000000 00:00 0 
7f04d3454000-7f04d3552000 rw-p 00000000 00:00 0 
7f04d3552000-7f04d3555000 ---p 00000000 00:00 0 
7f04d3555000-7f04d3653000 rw-p 00000000 00:00 0 
7f04d3653000-7f04d3656000 ---p 00000000 00:00 0 
7f04d3656000-7f04d3754000 rw-p 00000000 00:00 0 
7f04d3754000-7f04d3757000 ---p 00000000 00:00 0 
7f04d3757000-7f04d3855000 rw-p 00000000 00:00 0 
7f04d3855000-7f04d3858000 ---p 00000000 00:00 0 
7f04d3858000-7f04d3956000 rw-p 00000000 00:00 0 
7f04d3956000-7f04d3959000 ---p 00000000 00:00 0 
7f04d3959000-7f04d3a57000 rw-p 00000000 00:00 0 
7f04d3a57000-7f04d3a5a000 ---p 00000000 00:00 0 
7f04d3a5a000-7f04d3b58000 rw-p 00000000 00:00 0 
7f04d3b58000-7f04d3b5b000 ---p 00000000 00:00 0 
7f04d3b5b000-7f04d3c59000 rw-p 00000000 00:00 0 
7f04d3c59000-7f04d3c5c000 ---p 00000000 00:00 0 
7f04d3c5c000-7f04d3d5a000 rw-p 00000000 00:00 0 
7f04d3d5a000-7f04d3d5d000 ---p 00000000 00:00 0 
7f04d3d5d000-7f04d3e5b000 rw-p 00000000 00:00 0 
7f04d3e5b000-7f04d3e5e000 ---p 00000000 00:00 0 
7f04d3e5e000-7f04d3f5c000 rw-p 00000000 00:00 0 
7f04d3f5c000-7f04d3f5f000 ---p 00000000 00:00 0 
7f04d3f5f000-7f04d405d000 rw-p 00000000 00:00 0 
7f04d405d000-7f04d4060000 ---p 00000000 00:00 0 
7f04d4060000-7f04d415e000 rw-p 00000000 00:00 0 
7f04d415e000-7f04d4161000 ---p 00000000 00:00 0 
7f04d4161000-7f04d425f000 rw-p 00000000 00:00 0 
7f04d425f000-7f04d4262000 ---p 00000000 00:00 0 
7f04d4262000-7f04d4360000 rw-p 00000000 00:00 0 
7f04d4461000-7f04d4464000 ---p 00000000 00:00 0 
7f04d4464000-7f04d4562000 rw-p 00000000 00:00 0 
7f04d4562000-7f04d4565000 ---p 00000000 00:00 0 
7f04d4565000-7f04d4663000 rw-p 00000000 00:00 0 
7f04d4663000-7f04d4666000 ---p 00000000 00:00 0 
7f04d4666000-7f04d4764000 rw-p 00000000 00:00 0 
7f04d4a67000-7f04d4a6a000 ---p 00000000 00:00 0 
7f04d4a6a000-7f04d4b68000 rw-p 00000000 00:00 0 
7f04d709c000-7f04d809d000 rw-p 00000000 00:00 0 
7f04d8ba8000-7f04d8bab000 ---p 00000000 00:00 0 
7f04d8bab000-7f04d8ca9000 rw-p 00000000 00:00 0 
7f04d93b0000-7f04d93b3000 ---p 00000000 00:00 0 
7f04d93b3000-7f04d94b1000 rw-p 00000000 00:00 0 
7f04d94b1000-7f04d94b4000 ---p 00000000 00:00 0 
7f04d94b4000-7f04d95b2000 rw-p 00000000 00:00 0 
7f04d95b2000-7f04d95b5000 ---p 00000000 00:00 0 
7f04d95b5000-7f04d96b3000 rw-p 00000000 00:00 0 
7f04d96b3000-7f04d96b6000 ---p 00000000 00:00 0 
7f04d96b6000-7f04d97b4000 rw-p 00000000 00:00 0 
7f04d97b4000-7f04d97b7000 ---p 00000000 00:00 0 
7f04d97b7000-7f04d98b5000 rw-p 00000000 00:00 0 
7f04d98b5000-7f04d98b8000 ---p 00000000 00:00 0 
7f04d98b8000-7f04d9bb6000 rw-p 00000000 00:00 0 
7f04d9cb7000-7f04d9cba000 ---p 00000000 00:00 0 
7f04d9cba000-7f04d9db8000 rw-p 00000000 00:00 0 
7f04d9db8000-7f04d9dbb000 ---p 00000000 00:00 0 
7f04d9dbb000-7f04d9eb9000 rw-p 00000000 00:00 0 
7f04da5c0000-7f04da5c3000 ---p 00000000 00:00 0 
7f04da5c3000-7f04da6c1000 rw-p 00000000 00:00 0 
7f04da7c2000-7f04da7c5000 ---p 00000000 00:00 0 
7f04da7c5000-7f04da8c3000 rw-p 00000000 00:00 0 
7f04da8c3000-7f04da8c6000 ---p 00000000 00:00 0 
7f04da8c6000-7f04dabc4000 rw-p 00000000 00:00 0 
7f04daec9000-7f04daecc000 ---p 00000000 00:00 0 
7f04daecc000-7f04dafca000 rw-p 00000000 00:00 0 
7f04db4d1000-7f04db591000 rw-p 00000000 00:00 0 
7f04db591000-7f04db6d1000 ---p 00000000 00:00 0 
7f04dbbd8000-7f04dbbdb000 ---p 00000000 00:00 0 
7f04dbbdb000-7f04dbcd9000 rw-p 00000000 00:00 0 
7f04dbcd9000-7f04dbcdc000 ---p 00000000 00:00 0 
7f04dbcdc000-7f04dbdda000 rw-p 00000000 00:00 0 
7f04dbdda000-7f04dbddd000 ---p 00000000 00:00 0 
7f04dbddd000-7f04dbedb000 rw-p 00000000 00:00 0 
7f04dbedb000-7f04dbede000 ---p 00000000 00:00 0 
7f04dbede000-7f04dbfdc000 rw-p 00000000 00:00 0 
7f04dbfdc000-7f04dbfdf000 ---p 00000000 00:00 0 
7f04dbfdf000-7f04dc0dd000 rw-p 00000000 00:00 0 
7f04dc0dd000-7f04dc0e0000 ---p 00000000 00:00 0 
7f04dc0e0000-7f04dc3de000 rw-p 00000000 00:00 0 
7f04dc3de000-7f04dc5de000 rw-p 00000000 00:00 0 
7f04dc5de000-7f04dc5e1000 ---p 00000000 00:00 0 
7f04dc5e1000-7f04dc8df000 rw-p 00000000 00:00 0 
7f04dc8df000-7f04dcaee000 r--s 019ea000 08:01 320623                     /tmp/spark-6403ebfb-5b26-4e93-9dd6-502becf3be14/userFiles-40e8bc5c-49f4-4744-810b-278c7452bec0/toree-assembly-0.3.0-incubating.jar
7f04dcaee000-7f04dcaf1000 ---p 00000000 00:00 0 
7f04dcaf1000-7f04debf1000 rw-p 00000000 00:00 0 
7f04debf1000-7f04debf4000 ---p 00000000 00:00 0 
7f04debf4000-7f04decf2000 rw-p 00000000 00:00 0 
7f04decf2000-7f04decf5000 ---p 00000000 00:00 0 
7f04decf5000-7f04deff3000 rw-p 00000000 00:00 0 
7f04deff3000-7f04df000000 r-xp 00000000 08:01 320620                     /tmp/liblz4-java3887649169687342096.so
7f04df000000-7f04df1ff000 ---p 0000d000 08:01 320620                     /tmp/liblz4-java3887649169687342096.so
7f04df1ff000-7f04df200000 rw-p 0000c000 08:01 320620                     /tmp/liblz4-java3887649169687342096.so
7f04df200000-7f04df400000 rw-p 00000000 00:00 0 
7f04df400000-7f04df600000 rw-p 00000000 00:00 0 
7f04df600000-7f04df800000 rw-p 00000000 00:00 0 
7f04df800000-7f04dfa00000 rw-p 00000000 00:00 0 
7f04dfa00000-7f04dfc00000 rw-p 00000000 00:00 0 
7f04dfc00000-7f04dfe00000 rw-p 00000000 00:00 0 
7f04dfe00000-7f04e0000000 rw-p 00000000 00:00 0 
7f04e0000000-7f04e28d8000 rw-p 00000000 00:00 0 
7f04e28d8000-7f04e4000000 ---p 00000000 00:00 0 
7f04e40dd000-7f04e40e0000 ---p 00000000 00:00 0 
7f04e40e0000-7f04e43de000 rw-p 00000000 00:00 0 
7f04e43de000-7f04e45de000 rw-p 00000000 00:00 0 
7f04e45de000-7f04e47de000 rw-p 00000000 00:00 0 
7f04e47de000-7f04e47e1000 ---p 00000000 00:00 0 
7f04e47e1000-7f04e48df000 rw-p 00000000 00:00 0 
7f04e48df000-7f04e48e2000 ---p 00000000 00:00 0 
7f04e48e2000-7f04e49e0000 rw-p 00000000 00:00 0 
7f04e49e0000-7f04e49e3000 ---p 00000000 00:00 0 
7f04e49e3000-7f04e4ae1000 rw-p 00000000 00:00 0 
7f04e4ae1000-7f04e4ae4000 ---p 00000000 00:00 0 
7f04e4ae4000-7f04e4be2000 rw-p 00000000 00:00 0 
7f04e4be2000-7f04e4be5000 ---p 00000000 00:00 0 
7f04e4be5000-7f04e4ce3000 rw-p 00000000 00:00 0 
7f04e4ce3000-7f04e4ce6000 ---p 00000000 00:00 0 
7f04e4ce6000-7f04e4de4000 rw-p 00000000 00:00 0 
7f04e4de4000-7f04e4de7000 ---p 00000000 00:00 0 
7f04e4de7000-7f04e50e5000 rw-p 00000000 00:00 0 
7f04e50e5000-7f04e50e8000 ---p 00000000 00:00 0 
7f04e50e8000-7f04e51e6000 rw-p 00000000 00:00 0 
7f04e51e6000-7f04e51e9000 ---p 00000000 00:00 0 
7f04e51e9000-7f04e52e7000 rw-p 00000000 00:00 0 
7f04e52e7000-7f04e52ea000 ---p 00000000 00:00 0 
7f04e52ea000-7f04e53e8000 rw-p 00000000 00:00 0 
7f04e53e8000-7f04e53eb000 ---p 00000000 00:00 0 
7f04e53eb000-7f04e54e9000 rw-p 00000000 00:00 0 
7f04e54e9000-7f04e54ec000 ---p 00000000 00:00 0 
7f04e54ec000-7f04e55ea000 rw-p 00000000 00:00 0 
7f04e55ea000-7f04e55ed000 ---p 00000000 00:00 0 
7f04e55ed000-7f04e56eb000 rw-p 00000000 00:00 0 
7f04e56eb000-7f04e56ee000 ---p 00000000 00:00 0 
7f04e56ee000-7f04e59ec000 rw-p 00000000 00:00 0 
7f04e59ec000-7f04e59ef000 ---p 00000000 00:00 0 
7f04e59ef000-7f04e5aed000 rw-p 00000000 00:00 0 
7f04e5aed000-7f04e5af0000 ---p 00000000 00:00 0 
7f04e5af0000-7f04e5bee000 rw-p 00000000 00:00 0 
7f04e5bee000-7f04e5bf1000 ---p 00000000 00:00 0 
7f04e5bf1000-7f04e5cef000 rw-p 00000000 00:00 0 
7f04e5cef000-7f04e5cf2000 ---p 00000000 00:00 0 
7f04e5cf2000-7f04e5df0000 rw-p 00000000 00:00 0 
7f04e5df0000-7f04e5df3000 ---p 00000000 00:00 0 
7f04e5df3000-7f04e5ef1000 rw-p 00000000 00:00 0 
7f04e5ef1000-7f04e5ef4000 ---p 00000000 00:00 0 
7f04e5ef4000-7f04e5ff2000 rw-p 00000000 00:00 0 
7f04e5ff2000-7f04e5ff5000 ---p 00000000 00:00 0 
7f04e5ff5000-7f04e60f3000 rw-p 00000000 00:00 0 
7f04e60f3000-7f04e60f6000 ---p 00000000 00:00 0 
7f04e60f6000-7f04e61f4000 rw-p 00000000 00:00 0 
7f04e61f4000-7f04e61f7000 ---p 00000000 00:00 0 
7f04e61f7000-7f04e64f5000 rw-p 00000000 00:00 0 
7f04e64f5000-7f04e64f8000 ---p 00000000 00:00 0 
7f04e64f8000-7f04e65f6000 rw-p 00000000 00:00 0 
7f04e65f6000-7f04e65f9000 ---p 00000000 00:00 0 
7f04e65f9000-7f04e66f7000 rw-p 00000000 00:00 0 
7f04e66f7000-7f04e66fa000 ---p 00000000 00:00 0 
7f04e66fa000-7f04e67f8000 rw-p 00000000 00:00 0 
7f04e67f8000-7f04e67fb000 ---p 00000000 00:00 0 
7f04e67fb000-7f04e68f9000 rw-p 00000000 00:00 0 
7f04e68f9000-7f04e68fc000 ---p 00000000 00:00 0 
7f04e68fc000-7f04e69fa000 rw-p 00000000 00:00 0 
7f04e69fa000-7f04e69fd000 ---p 00000000 00:00 0 
7f04e69fd000-7f04e6afb000 rw-p 00000000 00:00 0 
7f04e6afb000-7f04e6afe000 ---p 00000000 00:00 0 
7f04e6afe000-7f04e6bfc000 rw-p 00000000 00:00 0 
7f04e6bfc000-7f04e6bff000 ---p 00000000 00:00 0 
7f04e6bff000-7f04e6cfd000 rw-p 00000000 00:00 0 
7f04e6cfd000-7f04e6d00000 ---p 00000000 00:00 0 
7f04e6d00000-7f04e6ffe000 rw-p 00000000 00:00 0 
7f04e6ffe000-7f04e7001000 ---p 00000000 00:00 0 
7f04e7001000-7f04e72ff000 rw-p 00000000 00:00 0 
7f04e72ff000-7f04e7302000 ---p 00000000 00:00 0 
7f04e7302000-7f04e7400000 rw-p 00000000 00:00 0 
7f04e7400000-7f04e7600000 rw-p 00000000 00:00 0 
7f04e7600000-7f04e7800000 rw-p 00000000 00:00 0 
7f04e7800000-7f04e7a00000 rw-p 00000000 00:00 0 
7f04e7a00000-7f04e7c00000 rw-p 00000000 00:00 0 
7f04e7c00000-7f04e7e00000 rw-p 00000000 00:00 0 
7f04e7e00000-7f04e8000000 rw-p 00000000 00:00 0 
7f04e8000000-7f04ebfff000 rw-p 00000000 00:00 0 
7f04ebfff000-7f04ec000000 ---p 00000000 00:00 0 
7f04ec000000-7f04efffc000 rw-p 00000000 00:00 0 
7f04efffc000-7f04f0000000 ---p 00000000 00:00 0 
7f04f0000000-7f04f3ffc000 rw-p 00000000 00:00 0 
7f04f3ffc000-7f04f4000000 ---p 00000000 00:00 0 
7f04f4000000-7f04f7ffc000 rw-p 00000000 00:00 0 
7f04f7ffc000-7f04f8000000 ---p 00000000 00:00 0 
7f04f8000000-7f04fbffd000 rw-p 00000000 00:00 0 
7f04fbffd000-7f04fc000000 ---p 00000000 00:00 0 
7f04fc000000-7f04ffffc000 rw-p 00000000 00:00 0 
7f04ffffc000-7f0500000000 ---p 00000000 00:00 0 
7f0500000000-7f0503ffd000 rw-p 00000000 00:00 0 
7f0503ffd000-7f0504000000 ---p 00000000 00:00 0 
7f0504000000-7f0507ffc000 rw-p 00000000 00:00 0 
7f0507ffc000-7f0508000000 ---p 00000000 00:00 0 
7f0508000000-7f050bffd000 rw-p 00000000 00:00 0 
7f050bffd000-7f050c000000 ---p 00000000 00:00 0 
7f050c000000-7f050fffd000 rw-p 00000000 00:00 0 
7f050fffd000-7f0510000000 ---p 00000000 00:00 0 
7f0510000000-7f05100b0000 rw-p 00000000 00:00 0 
7f05100b0000-7f0514000000 ---p 00000000 00:00 0 
7f0514000000-7f0517ffd000 rw-p 00000000 00:00 0 
7f0517ffd000-7f0518000000 ---p 00000000 00:00 0 
7f0518000000-7f05180b1000 rw-p 00000000 00:00 0 
7f05180b1000-7f051c000000 ---p 00000000 00:00 0 
7f051c000000-7f051c091000 rw-p 00000000 00:00 0 
7f051c091000-7f0520000000 ---p 00000000 00:00 0 
7f0520000000-7f0520025000 rw-p 00000000 00:00 0 
7f0520025000-7f0524000000 ---p 00000000 00:00 0 
7f0524000000-7f0524fad000 rw-p 00000000 00:00 0 
7f0524fad000-7f0528000000 ---p 00000000 00:00 0 
7f0528007000-7f052800a000 ---p 00000000 00:00 0 
7f052800a000-7f0528308000 rw-p 00000000 00:00 0 
7f0528308000-7f0528508000 rw-p 00000000 00:00 0 
7f0528508000-7f0528708000 rw-p 00000000 00:00 0 
7f0528708000-7f0528908000 rw-p 00000000 00:00 0 
7f0528986000-7f0528989000 ---p 00000000 00:00 0 
7f0528989000-7f0528c87000 rw-p 00000000 00:00 0 
7f0528c87000-7f0528e87000 rw-p 00000000 00:00 0 
7f0528e87000-7f0528e8a000 ---p 00000000 00:00 0 
7f0528e8a000-7f0528f88000 rw-p 00000000 00:00 0 
7f0528f88000-7f0528f8b000 ---p 00000000 00:00 0 
7f0528f8b000-7f0529089000 rw-p 00000000 00:00 0 
7f0529089000-7f052908c000 ---p 00000000 00:00 0 
7f052908c000-7f052918a000 rw-p 00000000 00:00 0 
7f052918a000-7f052918d000 ---p 00000000 00:00 0 
7f052918d000-7f052948b000 rw-p 00000000 00:00 0 
7f052948b000-7f052948e000 ---p 00000000 00:00 0 
7f052948e000-7f052958c000 rw-p 00000000 00:00 0 
7f052958c000-7f052958f000 ---p 00000000 00:00 0 
7f052958f000-7f052968d000 rw-p 00000000 00:00 0 
7f052968d000-7f0529690000 ---p 00000000 00:00 0 
7f0529690000-7f052978e000 rw-p 00000000 00:00 0 
7f052978e000-7f0529791000 ---p 00000000 00:00 0 
7f0529791000-7f052988f000 rw-p 00000000 00:00 0 
7f052988f000-7f0529892000 ---p 00000000 00:00 0 
7f0529892000-7f0529990000 rw-p 00000000 00:00 0 
7f0529990000-7f0529993000 ---p 00000000 00:00 0 
7f0529993000-7f0529a91000 rw-p 00000000 00:00 0 
7f0529a91000-7f0529a94000 ---p 00000000 00:00 0 
7f0529a94000-7f0529b92000 rw-p 00000000 00:00 0 
7f0529b92000-7f0529b95000 ---p 00000000 00:00 0 
7f0529b95000-7f0529c93000 rw-p 00000000 00:00 0 
7f0529c93000-7f0529c96000 ---p 00000000 00:00 0 
7f0529c96000-7f0529d94000 rw-p 00000000 00:00 0 
7f0529d94000-7f0529d97000 ---p 00000000 00:00 0 
7f0529d97000-7f0529e95000 rw-p 00000000 00:00 0 
7f0529e95000-7f0529e98000 ---p 00000000 00:00 0 
7f0529e98000-7f0529f96000 rw-p 00000000 00:00 0 
7f0529f96000-7f0529f99000 ---p 00000000 00:00 0 
7f0529f99000-7f052a097000 rw-p 00000000 00:00 0 
7f052a097000-7f052a09a000 ---p 00000000 00:00 0 
7f052a09a000-7f052a198000 rw-p 00000000 00:00 0 
7f052a198000-7f052a19b000 ---p 00000000 00:00 0 
7f052a19b000-7f052a499000 rw-p 00000000 00:00 0 
7f052a499000-7f052a699000 rw-p 00000000 00:00 0 
7f052a699000-7f052a6c1000 r-xp 00000000 08:01 1067067                    /usr/lib/jvm/java-8-openjdk-amd64/jre/lib/amd64/libsunec.so
7f052a6c1000-7f052a8c0000 ---p 00028000 08:01 1067067                    /usr/lib/jvm/java-8-openjdk-amd64/jre/lib/amd64/libsunec.so
7f052a8c0000-7f052a8c4000 r--p 00027000 08:01 1067067                    /usr/lib/jvm/java-8-openjdk-amd64/jre/lib/amd64/libsunec.so
7f052a8c4000-7f052a8c5000 rw-p 0002b000 08:01 1067067                    /usr/lib/jvm/java-8-openjdk-amd64/jre/lib/amd64/libsunec.so
7f052a8c5000-7f052a8c8000 ---p 00000000 00:00 0 
7f052a8c8000-7f052a9c6000 rw-p 00000000 00:00 0 
7f052a9c6000-7f052a9c9000 ---p 00000000 00:00 0 
7f052a9c9000-7f052aac7000 rw-p 00000000 00:00 0 
7f052aac7000-7f052aaca000 ---p 00000000 00:00 0 
7f052aaca000-7f052abc8000 rw-p 00000000 00:00 0 
7f052abc8000-7f052abcb000 ---p 00000000 00:00 0 
7f052abcb000-7f052acc9000 rw-p 00000000 00:00 0 
7f052acc9000-7f052accc000 ---p 00000000 00:00 0 
7f052accc000-7f052afca000 rw-p 00000000 00:00 0 
7f052afca000-7f052b1ca000 rw-p 00000000 00:00 0 
7f052b1ca000-7f052b3d9000 r--s 019ea000 08:01 994791                     /home/boris/.local/share/jupyter/kernels/apache_toree_scala/lib/toree-assembly-0.3.0-incubating.jar
7f052b3d9000-7f052b5d9000 rw-p 00000000 00:00 0 
7f052b5d9000-7f052b5da000 r-xp 00000000 08:01 1067050                    /usr/lib/jvm/java-8-openjdk-amd64/jre/lib/amd64/libjaas_unix.so
7f052b5da000-7f052b7d9000 ---p 00001000 08:01 1067050                    /usr/lib/jvm/java-8-openjdk-amd64/jre/lib/amd64/libjaas_unix.so
7f052b7d9000-7f052b7da000 r--p 00000000 08:01 1067050                    /usr/lib/jvm/java-8-openjdk-amd64/jre/lib/amd64/libjaas_unix.so
7f052b7da000-7f052b7db000 rw-p 00001000 08:01 1067050                    /usr/lib/jvm/java-8-openjdk-amd64/jre/lib/amd64/libjaas_unix.so
7f052b7db000-7f052b9db000 rw-p 00000000 00:00 0 
7f052b9db000-7f052b9e4000 r-xp 00000000 08:01 1067060                    /usr/lib/jvm/java-8-openjdk-amd64/jre/lib/amd64/libmanagement.so
7f052b9e4000-7f052bbe3000 ---p 00009000 08:01 1067060                    /usr/lib/jvm/java-8-openjdk-amd64/jre/lib/amd64/libmanagement.so
7f052bbe3000-7f052bbe4000 r--p 00008000 08:01 1067060                    /usr/lib/jvm/java-8-openjdk-amd64/jre/lib/amd64/libmanagement.so
7f052bbe4000-7f052bbe5000 rw-p 00009000 08:01 1067060                    /usr/lib/jvm/java-8-openjdk-amd64/jre/lib/amd64/libmanagement.so
7f052bbe5000-7f052bde5000 rw-p 00000000 00:00 0 
7f052bde5000-7f052bdfc000 r-xp 00000000 08:01 659349                     /lib/x86_64-linux-gnu/libresolv-2.27.so
7f052bdfc000-7f052bffc000 ---p 00017000 08:01 659349                     /lib/x86_64-linux-gnu/libresolv-2.27.so
7f052bffc000-7f052bffd000 r--p 00017000 08:01 659349                     /lib/x86_64-linux-gnu/libresolv-2.27.so
7f052bffd000-7f052bffe000 rw-p 00018000 08:01 659349                     /lib/x86_64-linux-gnu/libresolv-2.27.so
7f052bffe000-7f052c000000 rw-p 00000000 00:00 0 
7f052c000000-7f052d605000 rw-p 00000000 00:00 0 
7f052d605000-7f0530000000 ---p 00000000 00:00 0 
7f0530000000-7f0530209000 rw-p 00000000 00:00 0 
7f0530209000-7f0534000000 ---p 00000000 00:00 0 
7f0534000000-7f0534070000 rw-p 00000000 00:00 0 
7f0534070000-7f0538000000 ---p 00000000 00:00 0 
7f0538000000-7f053a1f5000 rw-p 00000000 00:00 0 
7f053a1f5000-7f053c000000 ---p 00000000 00:00 0 
7f053c000000-7f053c027000 rw-p 00000000 00:00 0 
7f053c027000-7f0540000000 ---p 00000000 00:00 0 
7f0540000000-7f05400f0000 rw-p 00000000 00:00 0 
7f05400f0000-7f0544000000 ---p 00000000 00:00 0 
7f0544000000-7f05440bf000 rw-p 00000000 00:00 0 
7f05440bf000-7f0548000000 ---p 00000000 00:00 0 
7f0548000000-7f05483a4000 rw-p 00000000 00:00 0 
7f05483a4000-7f054c000000 ---p 00000000 00:00 0 
7f054c000000-7f054c088000 rw-p 00000000 00:00 0 
7f054c088000-7f0550000000 ---p 00000000 00:00 0 
7f055006a000-7f055007d000 r--s 00346000 08:01 1067112                    /usr/lib/jvm/java-8-openjdk-amd64/jre/lib/resources.jar
7f055007d000-7f0550080000 ---p 00000000 00:00 0 
7f0550080000-7f055017e000 rw-p 00000000 00:00 0 
7f05501b7000-7f05501bc000 r-xp 00000000 08:01 659298                     /lib/x86_64-linux-gnu/libnss_dns-2.27.so
7f05501bc000-7f05503bc000 ---p 00005000 08:01 659298                     /lib/x86_64-linux-gnu/libnss_dns-2.27.so
7f05503bc000-7f05503bd000 r--p 00005000 08:01 659298                     /lib/x86_64-linux-gnu/libnss_dns-2.27.so
7f05503bd000-7f05503be000 rw-p 00006000 08:01 659298                     /lib/x86_64-linux-gnu/libnss_dns-2.27.so
7f05503be000-7f05503c0000 r-xp 00000000 08:01 659306                     /lib/x86_64-linux-gnu/libnss_mdns4_minimal.so.2
7f05503c0000-7f05505bf000 ---p 00002000 08:01 659306                     /lib/x86_64-linux-gnu/libnss_mdns4_minimal.so.2
7f05505bf000-7f05505c0000 r--p 00001000 08:01 659306                     /lib/x86_64-linux-gnu/libnss_mdns4_minimal.so.2
7f05505c0000-7f05505c1000 rw-p 00002000 08:01 659306                     /lib/x86_64-linux-gnu/libnss_mdns4_minimal.so.2
7f05505c6000-7f05505cb000 r--s 002f9000 08:01 1067074                    /usr/lib/jvm/java-8-openjdk-amd64/jre/lib/charsets.jar
7f05505cb000-7f05505cd000 r--s 00016000 08:01 1067105                    /usr/lib/jvm/java-8-openjdk-amd64/jre/lib/jce.jar
7f05505cd000-7f05505ce000 r--p 00000000 08:01 791466                     /usr/share/locale-langpack/en_GB/LC_MESSAGES/libc.mo
7f05505ce000-7f05505d3000 r--s 000a7000 08:01 1067107                    /usr/lib/jvm/java-8-openjdk-amd64/jre/lib/jsse.jar
7f05505d3000-7f05507d3000 rw-p 00000000 00:00 0 
7f05507d3000-7f05507e3000 r--s 00133000 08:01 531452                     /usr/local/spark/jars/arrow-vector-0.10.0.jar
7f05507e3000-7f0550814000 rw-p 00000000 00:00 0 
7f0550814000-7f055082b000 r-xp 00000000 08:01 1067062                    /usr/lib/jvm/java-8-openjdk-amd64/jre/lib/amd64/libnet.so
7f055082b000-7f0550a2a000 ---p 00017000 08:01 1067062                    /usr/lib/jvm/java-8-openjdk-amd64/jre/lib/amd64/libnet.so
7f0550a2a000-7f0550a2b000 r--p 00016000 08:01 1067062                    /usr/lib/jvm/java-8-openjdk-amd64/jre/lib/amd64/libnet.so
7f0550a2b000-7f0550a2c000 rw-p 00017000 08:01 1067062                    /usr/lib/jvm/java-8-openjdk-amd64/jre/lib/amd64/libnet.so
7f0550a2c000-7f0550a3e000 r-xp 00000000 08:01 1067063                    /usr/lib/jvm/java-8-openjdk-amd64/jre/lib/amd64/libnio.so
7f0550a3e000-7f0550c3d000 ---p 00012000 08:01 1067063                    /usr/lib/jvm/java-8-openjdk-amd64/jre/lib/amd64/libnio.so
7f0550c3d000-7f0550c3e000 r--p 00011000 08:01 1067063                    /usr/lib/jvm/java-8-openjdk-amd64/jre/lib/amd64/libnio.so
7f0550c3e000-7f0550c3f000 rw-p 00012000 08:01 1067063                    /usr/lib/jvm/java-8-openjdk-amd64/jre/lib/amd64/libnio.so
7f0550c3f000-7f0550c62000 rw-p 00000000 00:00 0 
7f0550c62000-7f0550d59000 r--s 00c69000 08:01 531409                     /usr/local/spark/jars/spark-core_2.11-2.4.6.jar
7f0550d59000-7f0550d67000 r--s 000b1000 08:01 531386                     /usr/local/spark/jars/jackson-mapper-asl-1.9.13.jar
7f0550d67000-7f0550d6a000 r--s 00015000 08:01 531540                     /usr/local/spark/jars/javax.servlet-api-3.1.0.jar
7f0550d6a000-7f0550d6d000 r--s 0000f000 08:01 531557                     /usr/local/spark/jars/spark-network-shuffle_2.11-2.4.6.jar
7f0550d6d000-7f0550d6e000 r--s 00003000 08:01 531389                     /usr/local/spark/jars/xmlenc-0.52.jar
7f0550d6e000-7f0550d70000 r--s 00014000 08:01 531486                     /usr/local/spark/jars/spire-macros_2.11-0.13.0.jar
7f0550d70000-7f0550da4000 r--s 00277000 08:01 531521                     /usr/local/spark/jars/parquet-hadoop-bundle-1.6.0.jar
7f0550da4000-7f0550dba000 r--s 00124000 08:01 531351                     /usr/local/spark/jars/ivy-2.4.0.jar
7f0550dba000-7f0550dd7000 r--s 001d5000 08:01 531437                     /usr/local/spark/jars/hadoop-yarn-api-2.7.3.jar
7f0550dd7000-7f0550e3a000 r--s 004de000 08:01 531435                     /usr/local/spark/jars/hive-metastore-1.2.1.spark2.jar
7f0550e3a000-7f0550e41000 r--s 00039000 08:01 531399                     /usr/local/spark/jars/calcite-avatica-1.2.0-incubating.jar
7f0550e41000-7f0550e5a000 r--s 00150000 08:01 531358                     /usr/local/spark/jars/htrace-core-3.1.0-incubating.jar
7f0550e5a000-7f0550e73000 r--s 0012c000 08:01 531439                     /usr/local/spark/jars/netty-3.9.9.Final.jar
7f0550e73000-7f0550e78000 r--s 0004e000 08:01 531478                     /usr/local/spark/jars/datanucleus-api-jdo-3.2.6.jar
7f0550e78000-7f0550e7b000 r--s 00014000 08:01 531466                     /usr/local/spark/jars/json4s-ast_2.11-3.5.3.jar
7f0550e7b000-7f0550e7f000 r--s 00028000 08:01 531432                     /usr/local/spark/jars/jetty-util-6.1.26.jar
7f0550e7f000-7f0550e96000 r--s 00183000 08:01 531396                     /usr/local/spark/jars/hadoop-yarn-common-2.7.3.jar
7f0550e96000-7f0550ea3000 r--s 0009c000 08:01 531420                     /usr/local/spark/jars/json4s-core_2.11-3.5.3.jar
7f0550ea3000-7f0550eb0000 r--s 000b1000 08:01 531403                     /usr/local/spark/jars/hadoop-mapreduce-client-common-2.7.3.jar
7f0550eb0000-7f0550eb4000 r--s 0002a000 08:01 531384                     /usr/local/spark/jars/breeze-macros_2.11-0.13.2.jar
7f0550eb4000-7f0550eb8000 r--s 00029000 08:01 531352                     /usr/local/spark/jars/hk2-locator-2.4.0-b34.jar
7f0550eb8000-7f0550f11000 r--s 00523000 08:01 531405                     /usr/local/spark/jars/scala-library-2.11.12.jar
7f0550f11000-7f0550f13000 r--s 0000f000 08:01 531496                     /usr/local/spark/jars/curator-client-2.7.1.jar
7f0550f13000-7f0550fd1000 r--s 00910000 08:01 531465                     /usr/local/spark/jars/spark-catalyst_2.11-2.4.6.jar
7f0550fd1000-7f0550fd7000 r--s 0004c000 08:01 531481                     /usr/local/spark/jars/antlr4-runtime-4.7.jar
7f0550fd7000-7f0550fe2000 r--s 000bc000 08:01 531500                     /usr/local/spark/jars/orc-mapreduce-1.5.5-nohive.jar
7f0550fe2000-7f0550fe4000 r--s 00006000 08:01 531505                     /usr/local/spark/jars/spark-sketch_2.11-2.4.6.jar
7f0550fe4000-7f0550fef000 r--s 000b0000 08:01 531502                     /usr/local/spark/jars/jtransforms-2.4.0.jar
7f0550fef000-7f0550ff1000 r--s 00014000 08:01 531534                     /usr/local/spark/jars/okio-1.15.0.jar
7f0550ff1000-7f0550ff4000 r--s 00019000 08:01 531422                     /usr/local/spark/jars/bonecp-0.8.0.RELEASE.jar
7f0550ff4000-7f0550ff8000 r--s 00029000 08:01 531510                     /usr/local/spark/jars/spark-mllib-local_2.11-2.4.6.jar
7f0550ff8000-7f0550ffc000 r--s 0002a000 08:01 531343                     /usr/local/spark/jars/avro-mapred-1.8.2-hadoop2.jar
7f0550ffc000-7f05510e6000 r--s 009a3000 08:01 531425                     /usr/local/spark/jars/kubernetes-model-4.6.1.jar
7f05510e6000-7f0551151000 r--s 00784000 08:01 531533                     /usr/local/spark/jars/hadoop-hdfs-2.7.3.jar
7f0551151000-7f0551153000 r--s 00007000 08:01 531397                     /usr/local/spark/jars/zjsonpatch-0.3.0.jar
7f0551153000-7f0551156000 r--s 00015000 08:01 531514                     /usr/local/spark/jars/commons-pool-1.5.4.jar
7f0551156000-7f0551164000 r--s 00089000 08:01 531388                     /usr/local/spark/jars/json4s-scalap_2.11-3.5.3.jar
7f0551164000-7f0551168000 r--s 0004c000 08:01 531457                     /usr/local/spark/jars/RoaringBitmap-0.7.45.jar
7f0551168000-7f055116b000 r--s 00014000 08:01 531408                     /usr/local/spark/jars/super-csv-2.2.0.jar
7f055116b000-7f055116e000 r--s 00016000 08:01 531475                     /usr/local/spark/jars/jsp-api-2.1.jar
7f055116e000-7f055116f000 r--s 00002000 08:01 531344                     /usr/local/spark/jars/slf4j-log4j12-1.7.16.jar
7f055116f000-7f0551187000 r--s 000d6000 08:01 531544                     /usr/local/spark/jars/jersey-guava-2.22.2.jar
7f0551187000-7f055118a000 r--s 00015000 08:01 531482                     /usr/local/spark/jars/pyrolite-4.13.jar
7f055118a000-7f055118b000 r--s 0000a000 08:01 531423                     /usr/local/spark/jars/apacheds-i18n-2.0.0-M15.jar
7f055118b000-7f055118e000 r--s 00058000 08:01 531563                     /usr/local/spark/jars/lz4-java-1.4.0.jar
7f055118e000-7f055118f000 r--s 00006000 08:01 531564                     /usr/local/spark/jars/hadoop-client-2.7.3.jar
7f055118f000-7f0551191000 r--s 00027000 08:01 531392                     /usr/local/spark/jars/core-1.1.2.jar
7f0551191000-7f0551192000 r--s 00003000 08:01 531360                     /usr/local/spark/jars/spark-tags_2.11-2.4.6.jar
7f0551192000-7f0551196000 r--s 0003c000 08:01 531359                     /usr/local/spark/jars/jackson-core-2.6.7.jar
7f0551196000-7f055119a000 r--s 0002a000 08:01 531474                     /usr/local/spark/jars/commons-io-2.4.jar
7f055119a000-7f055119d000 r--s 00028000 08:01 531411                     /usr/local/spark/jars/stream-2.7.0.jar
7f055119d000-7f05511a0000 r--s 000fd000 08:01 531434                     /usr/local/spark/jars/leveldbjni-all-1.8.jar
7f05511a0000-7f05511a5000 r--s 00027000 08:01 531370                     /usr/local/spark/jars/hk2-api-2.4.0-b34.jar
7f05511a5000-7f05511a7000 r--s 00002000 08:01 531402                     /usr/local/spark/jars/aopalliance-repackaged-2.4.0-b34.jar
7f05511a7000-7f05511a9000 r--s 00003000 08:01 531374                     /usr/local/spark/jars/jersey-container-servlet-2.22.2.jar
7f05511a9000-7f05511b7000 r--s 000d5000 08:01 531361                     /usr/local/spark/jars/janino-3.0.16.jar
7f05511b7000-7f05511bb000 r--s 00025000 08:01 531449                     /usr/local/spark/jars/antlr-runtime-3.4.jar
7f05511bb000-7f05511bd000 r--s 00009000 08:01 531377                     /usr/local/spark/jars/commons-cli-1.2.jar
7f05511bd000-7f05511d6000 r--s 00164000 08:01 531471                     /usr/local/spark/jars/hadoop-mapreduce-client-core-2.7.3.jar
7f05511d6000-7f05511d8000 r--s 0001f000 08:01 531441                     /usr/local/spark/jars/commons-crypto-1.0.0.jar
7f05511d8000-7f0551219000 r--s 006c0000 08:01 531513                     /usr/local/spark/jars/mesos-1.4.0-shaded-protobuf.jar
7f0551219000-7f055125f000 r--s 00317000 08:01 531431                     /usr/local/spark/jars/shapeless_2.11-2.3.2.jar
7f055125f000-7f0551260000 r--s 00000000 08:01 531404                     /usr/local/spark/jars/javax.inject-1.jar
7f0551260000-7f0551265000 r--s 00027000 08:01 531390                     /usr/local/spark/jars/automaton-1.11-8.jar
7f0551265000-7f0551266000 r--s 00002000 08:01 531354                     /usr/local/spark/jars/flatbuffers-1.2.0-3f79e055.jar
7f0551266000-7f0551272000 r--s 000b6000 08:01 531364                     /usr/local/spark/jars/zookeeper-3.4.6.jar
7f0551272000-7f0551274000 r--s 0000c000 08:01 531429                     /usr/local/spark/jars/spark-kvstore_2.11-2.4.6.jar
7f0551274000-7f055127f000 r--s 000c5000 08:01 531476                     /usr/local/spark/jars/parquet-encoding-1.10.1.jar
7f055127f000-7f05512a0000 r--s 0019b000 08:01 531362                     /usr/local/spark/jars/spark-hive-thriftserver_2.11-2.4.6.jar
7f05512a0000-7f05512a3000 r--s 00009000 08:01 531416                     /usr/local/spark/jars/jackson-annotations-2.6.7.jar
7f05512a3000-7f05512a4000 r--s 00004000 08:01 531380                     /usr/local/spark/jars/jackson-jaxrs-1.9.13.jar
7f05512a4000-7f05512ab000 r--s 0003f000 08:01 531480                     /usr/local/spark/jars/commons-codec-1.10.jar
7f05512ab000-7f05512b3000 r--s 0006e000 08:01 531454                     /usr/local/spark/jars/commons-lang3-3.5.jar
7f05512b3000-7f05512b6000 r--s 00026000 08:01 531484                     /usr/local/spark/jars/hadoop-yarn-client-2.7.3.jar
7f05512b6000-7f05512b9000 r--s 00022000 08:01 531347                     /usr/local/spark/jars/stringtemplate-3.2.1.jar
7f05512b9000-7f05512c6000 r--s 00083000 08:01 531558                     /usr/local/spark/jars/commons-collections-3.2.2.jar
7f05512c6000-7f05512cb000 r--s 00041000 08:01 531526                     /usr/local/spark/jars/xbean-asm6-shaded-4.8.jar
7f05512cb000-7f05512d1000 r--s 00062000 08:01 531560                     /usr/local/spark/jars/okhttp-3.12.0.jar
7f05512d1000-7f0551308000 r--s 00325000 08:01 531549                     /usr/local/spark/jars/calcite-core-1.2.0-incubating.jar
7f0551308000-7f055130d000 r--s 0002a000 08:01 531551                     /usr/local/spark/jars/gson-2.2.4.jar
7f055130d000-7f055130f000 r--s 00012000 08:01 531424                     /usr/local/spark/jars/compress-lzf-1.0.3.jar
7f055130f000-7f0551314000 r--s 00041000 08:01 531515                     /usr/local/spark/jars/commons-lang-2.6.jar
7f0551314000-7f0551326000 r--s 00097000 08:01 531341                     /usr/local/spark/jars/apacheds-kerberos-codec-2.0.0-M15.jar
7f0551326000-7f0551327000 r--s 00007000 08:01 531460                     /usr/local/spark/jars/jackson-module-jaxb-annotations-2.6.7.jar
7f0551327000-7f0551328000 r--s 00004000 08:01 531525                     /usr/local/spark/jars/opencsv-2.3.jar
7f0551328000-7f0551336000 r--s 000a3000 08:01 531489                     /usr/local/spark/jars/parquet-format-2.4.0.jar
7f0551336000-7f055134c000 r--s 000d3000 08:01 531400                     /usr/local/spark/jars/jersey-server-2.22.2.jar
7f055134c000-7f0551350000 r--s 00014000 08:01 531349                     /usr/local/spark/jars/parquet-common-1.10.1.jar
7f0551350000-7f0551357000 r--s 0007d000 08:01 531538                     /usr/local/spark/jars/jetty-6.1.26.jar
7f0551357000-7f055135b000 r--s 0001a000 08:01 531445                     /usr/local/spark/jars/metrics-core-3.1.5.jar
7f055135b000-7f055135f000 r--s 0000c000 08:01 531428                     /usr/local/spark/jars/validation-api-1.1.0.Final.jar
7f055135f000-7f05513f2000 r--s 00716000 08:01 531369                     /usr/local/spark/jars/spark-mllib_2.11-2.4.6.jar
7f05513f2000-7f05513f3000 r--s 00003000 08:01 531394                     /usr/local/spark/jars/jta-1.1.jar
7f05513f3000-7f05513fd000 r--s 0007b000 08:01 531447                     /usr/local/spark/jars/hadoop-mapreduce-client-app-2.7.3.jar
7f05513fd000-7f0551402000 r--s 00038000 08:01 531427                     /usr/local/spark/jars/commons-beanutils-1.9.4.jar
7f0551402000-7f0551431000 r--s 0021a000 08:01 531461                     /usr/local/spark/jars/spark-network-common_2.11-2.4.6.jar
7f0551431000-7f0551455000 r--s 001cd000 08:01 531348                     /usr/local/spark/jars/commons-math3-3.4.1.jar
7f0551455000-7f055151b000 r--s 008af000 08:01 531523                     /usr/local/spark/jars/spark-sql_2.11-2.4.6.jar
7f055151b000-7f055151e000 r--s 0001e000 08:01 531487                     /usr/local/spark/jars/aircompressor-0.10.jar
7f055151e000-7f055152b000 r--s 00077000 08:01 531555                     /usr/local/spark/jars/spark-kubernetes_2.11-2.4.6.jar
7f055152b000-7f055152d000 r--s 0001c000 08:01 531528                     /usr/local/spark/jars/py4j-0.10.7.jar
7f055152d000-7f055153c000 r--s 00096000 08:01 531353                     /usr/local/spark/jars/spark-yarn_2.11-2.4.6.jar
7f055153c000-7f055153e000 r--s 00012000 08:01 531468                     /usr/local/spark/jars/arrow-memory-0.10.0.jar
7f055153e000-7f0551544000 r--s 0002c000 08:01 531395                     /usr/local/spark/jars/jdo-api-3.0.1.jar
7f0551544000-7f055157a000 r--s 0031c000 08:01 531503                     /usr/local/spark/jars/hadoop-common-2.7.3.jar
7f055157a000-7f0551587000 r--s 0009b000 08:01 531346                     /usr/local/spark/jars/kubernetes-client-4.6.1.jar
7f0551587000-7f05515a8000 r--s 0015c000 08:01 531469                     /usr/local/spark/jars/avro-1.8.2.jar
7f05515a8000-7f05515a9000 r--s 00002000 08:01 531365                     /usr/local/spark/jars/jpam-1.1.jar
7f05515a9000-7f05515b1000 r--s 00059000 08:01 531413                     /usr/local/spark/jars/javolution-5.5.1.jar
7f05515b1000-7f05515b4000 r--s 00025000 08:01 531433                     /usr/local/spark/jars/commons-dbcp-1.4.jar
7f05515b4000-7f05515b6000 r--s 00012000 08:01 531436                     /usr/local/spark/jars/api-util-1.0.0-M20.jar
7f05515b6000-7f05515bc000 r--s 00034000 08:01 531412                     /usr/local/spark/jars/libthrift-0.9.3.jar
7f05515bc000-7f05515c0000 r--s 00020000 08:01 531492                     /usr/local/spark/jars/commons-digester-1.8.jar
7f05515c0000-7f05515c6000 r--s 00028000 08:01 531522                     /usr/local/spark/jars/curator-framework-2.7.1.jar
7f05515c6000-7f05515ef000 r--s 001ee000 08:01 531508                     /usr/local/spark/jars/guava-14.0.1.jar
7f05515ef000-7f05515f2000 r--s 0000f000 08:01 531464                     /usr/local/spark/jars/commons-compiler-3.0.16.jar
7f05515f2000-7f05515f3000 r--s 00009000 08:01 531504                     /usr/local/spark/jars/hive-cli-1.2.1.spark2.jar
7f05515f3000-7f05515f7000 r--s 00019000 08:01 531376                     /usr/local/spark/jars/javax.ws.rs-api-2.0.1.jar
7f05515f7000-7f0551662000 r--s 0093d000 08:01 531529                     /usr/local/spark/jars/spire_2.11-0.13.0.jar
7f0551662000-7f0551664000 r--s 0000e000 08:01 531485                     /usr/local/spark/jars/commons-logging-1.1.3.jar
7f0551664000-7f0551666000 r--s 0000e000 08:01 531363                     /usr/local/spark/jars/hadoop-mapreduce-client-jobclient-2.7.3.jar
7f0551666000-7f0551681000 r--s 00131000 08:01 531443                     /usr/local/spark/jars/spark-hive_2.11-2.4.6.jar
7f0551681000-7f0551683000 r--s 00010000 08:01 531524                     /usr/local/spark/jars/jersey-media-jaxb-2.22.2.jar
7f0551683000-7f05516a6000 rw-p 00000000 00:00 0 
7f05516a6000-7f055177e000 r--s 00d92000 08:01 531554                     /usr/local/spark/jars/breeze_2.11-0.13.2.jar
7f055177e000-7f055178f000 r--s 0010c000 08:01 531421                     /usr/local/spark/jars/jackson-databind-2.6.7.3.jar
7f055178f000-7f0551799000 r--s 0009a000 08:01 531371                     /usr/local/spark/jars/scala-xml_2.11-1.0.5.jar
7f0551799000-7f055179b000 r--s 0000d000 08:01 531406                     /usr/local/spark/jars/chill-java-0.9.3.jar
7f055179b000-7f05517ac000 r--s 00097000 08:01 531385                     /usr/local/spark/jars/spark-mesos_2.11-2.4.6.jar
7f05517ac000-7f05517ad000 r--s 00000000 08:01 531520                     /usr/local/spark/jars/macro-compat_2.11-1.1.1.jar
7f05517ad000-7f05517af000 r--s 00011000 08:01 531415                     /usr/local/spark/jars/spark-launcher_2.11-2.4.6.jar
7f05517af000-7f05517b7000 r--s 0003b000 08:01 531430                     /usr/local/spark/jars/curator-recipes-2.7.1.jar
7f05517b7000-7f05517cf000 r--s 00115000 08:01 531387                     /usr/local/spark/jars/xercesImpl-2.9.1.jar
7f05517cf000-7f05517d0000 r--s 00009000 08:01 531462                     /usr/local/spark/jars/hadoop-annotations-2.7.3.jar
7f05517d0000-7f05517d2000 r--s 00008000 08:01 531438                     /usr/local/spark/jars/metrics-jvm-3.1.5.jar
7f05517d2000-7f05517d6000 r--s 0001e000 08:01 531418                     /usr/local/spark/jars/spark-repl_2.11-2.4.6.jar
7f05517d6000-7f05517da000 r--s 00036000 08:01 531479                     /usr/local/spark/jars/ST4-4.0.4.jar
7f05517da000-7f05517dc000 r--s 00000000 08:01 531444                     /usr/local/spark/jars/aopalliance-1.0.jar
7f05517dc000-7f05517de000 r--s 0000b000 08:01 531473                     /usr/local/spark/jars/arrow-format-0.10.0.jar
7f05517de000-7f05517df000 r--s 00004000 08:01 531491                     /usr/local/spark/jars/eigenbase-properties-1.1.5.jar
7f05517df000-7f05517e7000 r--s 00066000 08:01 531456                     /usr/local/spark/jars/apache-log4j-extras-1.2.17.jar
7f05517e7000-7f05517e9000 r--s 00010000 08:01 531467                     /usr/local/spark/jars/hadoop-mapreduce-client-shuffle-2.7.3.jar
7f05517e9000-7f05517eb000 r--s 00005000 08:01 531356                     /usr/local/spark/jars/stax-api-1.0.1.jar
7f05517eb000-7f05517ed000 r--s 00017000 08:01 531375                     /usr/local/spark/jars/hive-jdbc-1.2.1.spark2.jar
7f05517ed000-7f05517ef000 r--s 00009000 08:01 531548                     /usr/local/spark/jars/jackson-module-paranamer-2.7.9.jar
7f05517ef000-7f0551898000 r--s 00a4f000 08:01 531494                     /usr/local/spark/jars/hive-exec-1.2.1.spark2.jar
7f0551898000-7f055189a000 r--s 00001000 08:01 531541                     /usr/local/spark/jars/spark-tags_2.11-2.4.6-tests.jar
7f055189a000-7f05518ac000 r--s 00112000 08:01 531546                     /usr/local/spark/jars/arpack_combined_all-0.1.jar
7f05518ac000-7f05518af000 r--s 00006000 08:01 531561                     /usr/local/spark/jars/jsr305-1.3.9.jar
7f05518af000-7f05518b0000 r--s 00000000 08:01 531382                     /usr/local/spark/jars/kubernetes-model-common-4.6.1.jar
7f05518b0000-7f05518c8000 r--s 001b6000 08:01 531559                     /usr/local/spark/jars/datanucleus-core-3.2.10.jar
7f05518c8000-7f05518d0000 r--s 0007b000 08:01 531345                     /usr/local/spark/jars/protobuf-java-2.5.0.jar
7f05518d0000-7f05518dd000 r--s 000af000 08:01 531398                     /usr/local/spark/jars/httpclient-4.5.6.jar
7f05518dd000-7f05518df000 r--s 00020000 08:01 531506                     /usr/local/spark/jars/hive-beeline-1.2.1.spark2.jar
7f05518df000-7f05518ec000 r--s 00071000 08:01 531536                     /usr/local/spark/jars/jackson-module-scala_2.11-2.6.7.1.jar
7f05518ec000-7f05518ed000 r--s 00008000 08:01 531495                     /usr/local/spark/jars/machinist_2.11-0.6.1.jar
7f05518ed000-7f05518f3000 r--s 00063000 08:01 531383                     /usr/local/spark/jars/jodd-core-3.5.2.jar
7f05518f3000-7f05518f8000 r--s 0003e000 08:01 531367                     /usr/local/spark/jars/commons-net-3.1.jar
7f05518f8000-7f0551927000 r--s 001e4000 08:01 531393                     /usr/local/spark/jars/spark-streaming_2.11-2.4.6.jar
7f0551927000-7f0551932000 r--s 00062000 08:01 531507                     /usr/local/spark/jars/calcite-linq4j-1.2.0-incubating.jar
7f0551932000-7f0551939000 r--s 00058000 08:01 531556                     /usr/local/spark/jars/hadoop-yarn-server-common-2.7.3.jar
7f0551939000-7f055193a000 r--s 00004000 08:01 531537                     /usr/local/spark/jars/osgi-resource-locator-1.0.1.jar
7f055193a000-7f055193e000 r--s 00025000 08:01 531483                     /usr/local/spark/jars/jersey-client-2.22.2.jar
7f055193e000-7f0551943000 r--s 00035000 08:01 531368                     /usr/local/spark/jars/chill_2.11-0.9.3.jar
7f0551943000-7f0551945000 r--s 00005000 08:01 531458                     /usr/local/spark/jars/javax.annotation-api-1.2.jar
7f0551945000-7f0551949000 r--s 0001a000 08:01 531446                     /usr/local/spark/jars/hk2-utils-2.4.0-b34.jar
7f0551949000-7f055196a000 r--s 00177000 08:01 531517                     /usr/local/spark/jars/hppc-0.7.2.jar
7f055196a000-7f055196c000 r--s 0000d000 08:01 531519                     /usr/local/spark/jars/hadoop-yarn-server-web-proxy-2.7.3.jar
7f055196c000-7f0551974000 r--s 0005b000 08:01 531407                     /usr/local/spark/jars/univocity-parsers-2.7.3.jar
7f0551974000-7f0551976000 r--s 0000b000 08:01 531562                     /usr/local/spark/jars/spark-unsafe_2.11-2.4.6.jar
7f0551976000-7f055197a000 r--s 00015000 08:01 531451                     /usr/local/spark/jars/xz-1.5.jar
7f055197a000-7f055197c000 r--s 00004000 08:01 531372                     /usr/local/spark/jars/metrics-graphite-3.1.5.jar
7f055197c000-7f055197f000 r--s 0000e000 08:01 531493                     /usr/local/spark/jars/jersey-container-servlet-core-2.22.2.jar
7f055197f000-7f0551981000 r--s 00002000 08:01 531501                     /usr/local/spark/jars/logging-interceptor-3.12.0.jar
7f0551981000-7f05519ce000 r--s 0041c000 08:01 531379                     /usr/local/spark/jars/scala-reflect-2.11.12.jar
7f05519ce000-7f05519d7000 r--s 00046000 08:01 531401                     /usr/local/spark/jars/jackson-dataformat-yaml-2.6.7.jar
7f05519d7000-7f05519e0000 r--s 0006f000 08:01 531381                     /usr/local/spark/jars/log4j-1.2.17.jar
7f05519e0000-7f05519e8000 r--s 0005d000 08:01 531535                     /usr/local/spark/jars/kryo-shaded-4.0.2.jar
7f05519e8000-7f05519eb000 r--s 0001e000 08:01 531378                     /usr/local/spark/jars/avro-ipc-1.8.2.jar
7f05519eb000-7f0551a1a000 r--s 002e5000 08:01 531550                     /usr/local/spark/jars/derby-10.12.1.1.jar
7f0551a1a000-7f0551a1c000 r--s 00003000 08:01 531527                     /usr/local/spark/jars/JavaEWAH-0.3.2.jar
7f0551a1c000-7f0551a30000 r--s 000ec000 08:01 531532                     /usr/local/spark/jars/parquet-jackson-1.10.1.jar
7f0551a30000-7f0551a31000 r--s 00000000 08:01 531414                     /usr/local/spark/jars/shims-0.7.45.jar
7f0551a31000-7f0551a32000 r--s 00006000 08:01 531553                     /usr/local/spark/jars/jackson-xc-1.9.13.jar
7f0551a32000-7f0551a35000 r--s 001d6000 08:01 531531                     /usr/local/spark/jars/snappy-java-1.1.7.5.jar
7f0551a35000-7f0551a36000 r--s 00003000 08:01 531455                     /usr/local/spark/jars/metrics-json-3.1.5.jar
7f0551a36000-7f0551a38000 r--s 0000a000 08:01 531497                     /usr/local/spark/jars/json4s-jackson_2.11-3.5.3.jar
7f0551a38000-7f0551a3a000 r--s 0000e000 08:01 531490                     /usr/local/spark/jars/guice-servlet-3.0.jar
7f0551a3a000-7f0551a3d000 r--s 0000b000 08:01 531547                     /usr/local/spark/jars/objenesis-2.5.1.jar
7f0551a3d000-7f0551a3f000 r--s 00238000 08:01 531355                     /usr/local/spark/jars/zstd-jni-1.3.2-2.jar
7f0551a3f000-7f0551a49000 r--s 000a5000 08:01 531357                     /usr/local/spark/jars/javassist-3.18.1-GA.jar
7f0551a49000-7f0551a4a000 r--s 00006000 08:01 531516                     /usr/local/spark/jars/orc-shims-1.5.5.jar
7f0551a4a000-7f0551a51000 r--s 00049000 08:01 531470                     /usr/local/spark/jars/httpcore-4.4.10.jar
7f0551a51000-7f0551a62000 r--s 00089000 08:01 531539                     /usr/local/spark/jars/joda-time-2.9.3.jar
7f0551a62000-7f0551a7b000 r--s 000f4000 08:01 531509                     /usr/local/spark/jars/parquet-column-1.10.1.jar
7f0551a7b000-7f0551a82000 r--s 00046000 08:01 531442                     /usr/local/spark/jars/libfb303-0.9.3.jar
7f0551a82000-7f0551a90000 r--s 0009d000 08:01 531440                     /usr/local/spark/jars/jersey-common-2.22.2.jar
7f0551a90000-7f0551a91000 r--s 00003000 08:01 531426                     /usr/local/spark/jars/generex-1.0.2.jar
7f0551a91000-7f0551a93000 r--s 00007000 08:01 531417                     /usr/local/spark/jars/paranamer-2.8.jar
7f0551a93000-7f0551aa2000 r--s 0009f000 08:01 531545                     /usr/local/spark/jars/guice-3.0.jar
7f0551aa2000-7f0551aa3000 r--s 00001000 08:01 531511                     /usr/local/spark/jars/javax.inject-2.4.0-b34.jar
7f0551aa3000-7f0551ab0000 r--s 000a0000 08:01 531373                     /usr/local/spark/jars/spark-graphx_2.11-2.4.6.jar
7f0551ab0000-7f0551ab4000 r--s 00035000 08:01 531498                     /usr/local/spark/jars/jackson-core-asl-1.9.13.jar
7f0551ab4000-7f0551ab8000 r--s 0003e000 08:01 531448                     /usr/local/spark/jars/jline-2.14.6.jar
7f0551ab8000-7f0551aba000 r--s 00003000 08:01 531342                     /usr/local/spark/jars/jcl-over-slf4j-1.7.16.jar
7f0551aba000-7f0551abc000 r--s 00004000 08:01 531518                     /usr/local/spark/jars/stax-api-1.0-2.jar
7f0551abc000-7f0551ac2000 r--s 00043000 08:01 531552                     /usr/local/spark/jars/commons-configuration-1.6.jar
7f0551ac2000-7f0551ac3000 r--s 00001000 08:01 531499                     /usr/local/spark/jars/minlog-1.3.0.jar
7f0551ac3000-7f0551aca000 r--s 00053000 08:01 531477                     /usr/local/spark/jars/commons-compress-1.8.1.jar
7f0551aca000-7f0551acf000 r--s 00041000 08:01 531488                     /usr/local/spark/jars/parquet-hadoop-1.10.1.jar
7f0551acf000-7f0551ad0000 r--s 00009000 08:01 531472                     /usr/local/spark/jars/slf4j-api-1.7.16.jar
7f0551ad0000-7f0551b17000 r--s 003af000 08:01 531450                     /usr/local/spark/jars/netty-all-4.1.47.Final.jar
7f0551b17000-7f0551b1a000 r--s 00017000 08:01 531350                     /usr/local/spark/jars/jaxb-api-2.2.2.jar
7f0551b1a000-7f0551c27000 r--s 00dd7000 08:01 531565                     /usr/local/spark/jars/scala-compiler-2.11.12.jar
7f0551c27000-7f0551c28000 ---p 00000000 00:00 0 
7f0551c28000-7f0551d28000 rw-p 00000000 00:00 0 
7f0551d28000-7f0551d2b000 ---p 00000000 00:00 0 
7f0551d2b000-7f0551e29000 rw-p 00000000 00:00 0 
7f0551e29000-7f0551e2a000 ---p 00000000 00:00 0 
7f0551e2a000-7f0551e2d000 ---p 00000000 00:00 0 
7f0551e2d000-7f0551f2a000 rw-p 00000000 00:00 0 
7f0551f2a000-7f0551f2b000 ---p 00000000 00:00 0 
7f0551f2b000-7f0551f2e000 ---p 00000000 00:00 0 
7f0551f2e000-7f055202b000 rw-p 00000000 00:00 0 
7f055202b000-7f055202e000 ---p 00000000 00:00 0 
7f055202e000-7f055212c000 rw-p 00000000 00:00 0 
7f055212c000-7f0552afb000 r--p 00000000 08:01 398837                     /usr/lib/locale/locale-archive
7f0552afb000-7f0552afe000 ---p 00000000 00:00 0 
7f0552afe000-7f0552bfc000 rw-p 00000000 00:00 0 
7f0552bfc000-7f0552bff000 ---p 00000000 00:00 0 
7f0552bff000-7f0552cfd000 rw-p 00000000 00:00 0 
7f0552cfd000-7f0552cfe000 ---p 00000000 00:00 0 
7f0552cfe000-7f0555000000 rw-p 00000000 00:00 0 
7f0555000000-7f05584f0000 rwxp 00000000 00:00 0 
7f05584f0000-7f0564000000 ---p 00000000 00:00 0 
7f0564000000-7f0567ffb000 rw-p 00000000 00:00 0 
7f0567ffb000-7f0568000000 ---p 00000000 00:00 0 
7f0568000000-7f0568002000 r--s 00003000 08:01 531340                     /usr/local/spark/jars/api-asn1-api-1.0.0-M20.jar
7f0568002000-7f0568008000 r--s 00045000 08:01 531512                     /usr/local/spark/jars/commons-httpclient-3.1.jar
7f0568008000-7f056800a000 r--s 0000f000 08:01 531459                     /usr/local/spark/jars/activation-1.1.1.jar
7f056800a000-7f056800b000 r--s 0000b000 08:01 531463                     /usr/local/spark/jars/snappy-0.2.jar
7f056800b000-7f0568010000 r--s 00068000 08:01 531453                     /usr/local/spark/jars/antlr-2.7.7.jar
7f0568010000-7f0568026000 r--s 001a4000 08:01 531543                     /usr/local/spark/jars/datanucleus-rdbms-3.2.9.jar
7f0568026000-7f0568028000 r--s 00000000 08:01 531410                     /usr/local/spark/jars/jul-to-slf4j-1.7.16.jar
7f0568028000-7f056802e000 r--s 0003c000 08:01 531530                     /usr/local/spark/jars/snakeyaml-1.15.jar
7f056802e000-7f0568053000 rw-p 00000000 00:00 0 
7f0568053000-7f056805f000 r--s 00068000 08:01 531391                     /usr/local/spark/jars/scala-parser-combinators_2.11-1.1.0.jar
7f056805f000-7f0568061000 r--s 00015000 08:01 531542                     /usr/local/spark/jars/hadoop-auth-2.7.3.jar
7f0568061000-7f0568063000 r--s 0000e000 08:01 531366                     /usr/local/spark/jars/oro-2.0.8.jar
7f0568063000-7f0568077000 r--s 0016b000 08:01 531419                     /usr/local/spark/jars/orc-core-1.5.5-nohive.jar
7f0568077000-7f0568078000 r--s 0000a000 08:01 1067087                    /usr/lib/jvm/java-8-openjdk-amd64/jre/lib/ext/jaccess.jar
7f0568078000-7f056807a000 r--s 00001000 08:01 1067085                    /usr/lib/jvm/java-8-openjdk-amd64/jre/lib/ext/dnsns.jar
7f056807a000-7f056807d000 r--s 0000f000 08:01 1067086                    /usr/lib/jvm/java-8-openjdk-amd64/jre/lib/ext/icedtea-sound.jar
7f056807d000-7f0568098000 r--s 001d6000 08:01 1067089                    /usr/lib/jvm/java-8-openjdk-amd64/jre/lib/ext/nashorn.jar
7f0568098000-7f05680a2000 r--s 00116000 08:01 1067088                    /usr/lib/jvm/java-8-openjdk-amd64/jre/lib/ext/localedata.jar
7f05680a2000-7f05680bd000 r--s 00394000 08:01 1067084                    /usr/lib/jvm/java-8-openjdk-amd64/jre/lib/ext/cldrdata.jar
7f05680bd000-7f0568827000 rw-p 00000000 00:00 0 
7f0568827000-7f05689f9000 r--s 03ca5000 08:01 1067113                    /usr/lib/jvm/java-8-openjdk-amd64/jre/lib/rt.jar
7f05689f9000-7f056946f000 rw-p 00000000 00:00 0 
7f056946f000-7f0569470000 ---p 00000000 00:00 0 
7f0569470000-7f0569570000 rw-p 00000000 00:00 0 
7f0569570000-7f0569571000 ---p 00000000 00:00 0 
7f0569571000-7f0569742000 rw-p 00000000 00:00 0 
7f0569742000-7f05697c7000 ---p 00000000 00:00 0 
7f05697c7000-7f0569898000 rw-p 00000000 00:00 0 
7f0569898000-7f056991c000 ---p 00000000 00:00 0 
7f056991c000-7f056995b000 rw-p 00000000 00:00 0 
7f056995b000-7f05699c7000 ---p 00000000 00:00 0 
7f05699c7000-7f0569a9c000 rw-p 00000000 00:00 0 
7f0569a9c000-7f0569d88000 ---p 00000000 00:00 0 
7f0569d88000-7f0569d90000 r-xp 00000000 08:01 1067070                    /usr/lib/jvm/java-8-openjdk-amd64/jre/lib/amd64/libzip.so
7f0569d90000-7f0569f8f000 ---p 00008000 08:01 1067070                    /usr/lib/jvm/java-8-openjdk-amd64/jre/lib/amd64/libzip.so
7f0569f8f000-7f0569f90000 r--p 00007000 08:01 1067070                    /usr/lib/jvm/java-8-openjdk-amd64/jre/lib/amd64/libzip.so
7f0569f90000-7f0569f91000 rw-p 00008000 08:01 1067070                    /usr/lib/jvm/java-8-openjdk-amd64/jre/lib/amd64/libzip.so
7f0569f91000-7f0569f9c000 r-xp 00000000 08:01 659300                     /lib/x86_64-linux-gnu/libnss_files-2.27.so
7f0569f9c000-7f056a19b000 ---p 0000b000 08:01 659300                     /lib/x86_64-linux-gnu/libnss_files-2.27.so
7f056a19b000-7f056a19c000 r--p 0000a000 08:01 659300                     /lib/x86_64-linux-gnu/libnss_files-2.27.so
7f056a19c000-7f056a19d000 rw-p 0000b000 08:01 659300                     /lib/x86_64-linux-gnu/libnss_files-2.27.so
7f056a19d000-7f056a1a3000 rw-p 00000000 00:00 0 
7f056a1a3000-7f056a1ba000 r-xp 00000000 08:01 659294                     /lib/x86_64-linux-gnu/libnsl-2.27.so
7f056a1ba000-7f056a3b9000 ---p 00017000 08:01 659294                     /lib/x86_64-linux-gnu/libnsl-2.27.so
7f056a3b9000-7f056a3ba000 r--p 00016000 08:01 659294                     /lib/x86_64-linux-gnu/libnsl-2.27.so
7f056a3ba000-7f056a3bb000 rw-p 00017000 08:01 659294                     /lib/x86_64-linux-gnu/libnsl-2.27.so
7f056a3bb000-7f056a3bd000 rw-p 00000000 00:00 0 
7f056a3bd000-7f056a3c8000 r-xp 00000000 08:01 659311                     /lib/x86_64-linux-gnu/libnss_nis-2.27.so
7f056a3c8000-7f056a5c7000 ---p 0000b000 08:01 659311                     /lib/x86_64-linux-gnu/libnss_nis-2.27.so
7f056a5c7000-7f056a5c8000 r--p 0000a000 08:01 659311                     /lib/x86_64-linux-gnu/libnss_nis-2.27.so
7f056a5c8000-7f056a5c9000 rw-p 0000b000 08:01 659311                     /lib/x86_64-linux-gnu/libnss_nis-2.27.so
7f056a5c9000-7f056a5d1000 r-xp 00000000 08:01 659296                     /lib/x86_64-linux-gnu/libnss_compat-2.27.so
7f056a5d1000-7f056a7d1000 ---p 00008000 08:01 659296                     /lib/x86_64-linux-gnu/libnss_compat-2.27.so
7f056a7d1000-7f056a7d2000 r--p 00008000 08:01 659296                     /lib/x86_64-linux-gnu/libnss_compat-2.27.so
7f056a7d2000-7f056a7d3000 rw-p 00009000 08:01 659296                     /lib/x86_64-linux-gnu/libnss_compat-2.27.so
7f056a7d3000-7f056a7fd000 r-xp 00000000 08:01 1067051                    /usr/lib/jvm/java-8-openjdk-amd64/jre/lib/amd64/libjava.so
7f056a7fd000-7f056a9fc000 ---p 0002a000 08:01 1067051                    /usr/lib/jvm/java-8-openjdk-amd64/jre/lib/amd64/libjava.so
7f056a9fc000-7f056a9fd000 r--p 00029000 08:01 1067051                    /usr/lib/jvm/java-8-openjdk-amd64/jre/lib/amd64/libjava.so
7f056a9fd000-7f056a9ff000 rw-p 0002a000 08:01 1067051                    /usr/lib/jvm/java-8-openjdk-amd64/jre/lib/amd64/libjava.so
7f056a9ff000-7f056aa0f000 r-xp 00000000 08:01 1067069                    /usr/lib/jvm/java-8-openjdk-amd64/jre/lib/amd64/libverify.so
7f056aa0f000-7f056ac0e000 ---p 00010000 08:01 1067069                    /usr/lib/jvm/java-8-openjdk-amd64/jre/lib/amd64/libverify.so
7f056ac0e000-7f056ac10000 r--p 0000f000 08:01 1067069                    /usr/lib/jvm/java-8-openjdk-amd64/jre/lib/amd64/libverify.so
7f056ac10000-7f056ac11000 rw-p 00011000 08:01 1067069                    /usr/lib/jvm/java-8-openjdk-amd64/jre/lib/amd64/libverify.so
7f056ac11000-7f056ac18000 r-xp 00000000 08:01 659351                     /lib/x86_64-linux-gnu/librt-2.27.so
7f056ac18000-7f056ae17000 ---p 00007000 08:01 659351                     /lib/x86_64-linux-gnu/librt-2.27.so
7f056ae17000-7f056ae18000 r--p 00006000 08:01 659351                     /lib/x86_64-linux-gnu/librt-2.27.so
7f056ae18000-7f056ae19000 rw-p 00007000 08:01 659351                     /lib/x86_64-linux-gnu/librt-2.27.so
7f056ae19000-7f056ae30000 r-xp 00000000 08:01 655060                     /lib/x86_64-linux-gnu/libgcc_s.so.1
7f056ae30000-7f056b02f000 ---p 00017000 08:01 655060                     /lib/x86_64-linux-gnu/libgcc_s.so.1
7f056b02f000-7f056b030000 r--p 00016000 08:01 655060                     /lib/x86_64-linux-gnu/libgcc_s.so.1
7f056b030000-7f056b031000 rw-p 00017000 08:01 655060                     /lib/x86_64-linux-gnu/libgcc_s.so.1
7f056b031000-7f056b1ce000 r-xp 00000000 08:01 659273                     /lib/x86_64-linux-gnu/libm-2.27.so
7f056b1ce000-7f056b3cd000 ---p 0019d000 08:01 659273                     /lib/x86_64-linux-gnu/libm-2.27.so
7f056b3cd000-7f056b3ce000 r--p 0019c000 08:01 659273                     /lib/x86_64-linux-gnu/libm-2.27.so
7f056b3ce000-7f056b3cf000 rw-p 0019d000 08:01 659273                     /lib/x86_64-linux-gnu/libm-2.27.so
7f056b3cf000-7f056b548000 r-xp 00000000 08:01 391775                     /usr/lib/x86_64-linux-gnu/libstdc++.so.6.0.25
7f056b548000-7f056b748000 ---p 00179000 08:01 391775                     /usr/lib/x86_64-linux-gnu/libstdc++.so.6.0.25
7f056b748000-7f056b752000 r--p 00179000 08:01 391775                     /usr/lib/x86_64-linux-gnu/libstdc++.so.6.0.25
7f056b752000-7f056b754000 rw-p 00183000 08:01 391775                     /usr/lib/x86_64-linux-gnu/libstdc++.so.6.0.25
7f056b754000-7f056b758000 rw-p 00000000 00:00 0 
7f056b758000-7f056c3fc000 r-xp 00000000 08:01 1067073                    /usr/lib/jvm/java-8-openjdk-amd64/jre/lib/amd64/server/libjvm.so
7f056c3fc000-7f056c5fc000 ---p 00ca4000 08:01 1067073                    /usr/lib/jvm/java-8-openjdk-amd64/jre/lib/amd64/server/libjvm.so
7f056c5fc000-7f056c690000 r--p 00ca4000 08:01 1067073                    /usr/lib/jvm/java-8-openjdk-amd64/jre/lib/amd64/server/libjvm.so
7f056c690000-7f056c6b9000 rw-p 00d38000 08:01 1067073                    /usr/lib/jvm/java-8-openjdk-amd64/jre/lib/amd64/server/libjvm.so
7f056c6b9000-7f056c6e9000 rw-p 00000000 00:00 0 
7f056c6e9000-7f056c703000 r-xp 00000000 08:01 659343                     /lib/x86_64-linux-gnu/libpthread-2.27.so
7f056c703000-7f056c902000 ---p 0001a000 08:01 659343                     /lib/x86_64-linux-gnu/libpthread-2.27.so
7f056c902000-7f056c903000 r--p 00019000 08:01 659343                     /lib/x86_64-linux-gnu/libpthread-2.27.so
7f056c903000-7f056c904000 rw-p 0001a000 08:01 659343                     /lib/x86_64-linux-gnu/libpthread-2.27.so
7f056c904000-7f056c908000 rw-p 00000000 00:00 0 
7f056c908000-7f056c90b000 r-xp 00000000 08:01 659233                     /lib/x86_64-linux-gnu/libdl-2.27.so
7f056c90b000-7f056cb0a000 ---p 00003000 08:01 659233                     /lib/x86_64-linux-gnu/libdl-2.27.so
7f056cb0a000-7f056cb0b000 r--p 00002000 08:01 659233                     /lib/x86_64-linux-gnu/libdl-2.27.so
7f056cb0b000-7f056cb0c000 rw-p 00003000 08:01 659233                     /lib/x86_64-linux-gnu/libdl-2.27.so
7f056cb0c000-7f056cb28000 r-xp 00000000 08:01 659382                     /lib/x86_64-linux-gnu/libz.so.1.2.11
7f056cb28000-7f056cd27000 ---p 0001c000 08:01 659382                     /lib/x86_64-linux-gnu/libz.so.1.2.11
7f056cd27000-7f056cd28000 r--p 0001b000 08:01 659382                     /lib/x86_64-linux-gnu/libz.so.1.2.11
7f056cd28000-7f056cd29000 rw-p 0001c000 08:01 659382                     /lib/x86_64-linux-gnu/libz.so.1.2.11
7f056cd29000-7f056cf10000 r-xp 00000000 08:01 659210                     /lib/x86_64-linux-gnu/libc-2.27.so
7f056cf10000-7f056d110000 ---p 001e7000 08:01 659210                     /lib/x86_64-linux-gnu/libc-2.27.so
7f056d110000-7f056d114000 r--p 001e7000 08:01 659210                     /lib/x86_64-linux-gnu/libc-2.27.so
7f056d114000-7f056d116000 rw-p 001eb000 08:01 659210                     /lib/x86_64-linux-gnu/libc-2.27.so
7f056d116000-7f056d11a000 rw-p 00000000 00:00 0 
7f056d11a000-7f056d128000 r-xp 00000000 08:01 1067037                    /usr/lib/jvm/java-8-openjdk-amd64/jre/lib/amd64/jli/libjli.so
7f056d128000-7f056d327000 ---p 0000e000 08:01 1067037                    /usr/lib/jvm/java-8-openjdk-amd64/jre/lib/amd64/jli/libjli.so
7f056d327000-7f056d328000 r--p 0000d000 08:01 1067037                    /usr/lib/jvm/java-8-openjdk-amd64/jre/lib/amd64/jli/libjli.so
7f056d328000-7f056d329000 rw-p 0000e000 08:01 1067037                    /usr/lib/jvm/java-8-openjdk-amd64/jre/lib/amd64/jli/libjli.so
7f056d329000-7f056d350000 r-xp 00000000 08:01 659182                     /lib/x86_64-linux-gnu/ld-2.27.so
7f056d350000-7f056d354000 r--s 0003a000 08:01 1067092                    /usr/lib/jvm/java-8-openjdk-amd64/jre/lib/ext/sunpkcs11.jar
7f056d354000-7f056d439000 rw-p 00000000 00:00 0 
7f056d439000-7f056d43a000 ---p 00000000 00:00 0 
7f056d43a000-7f056d43d000 ---p 00000000 00:00 0 
7f056d43d000-7f056d53c000 rw-p 00000000 00:00 0 
7f056d53c000-7f056d53d000 r--s 0000d000 08:01 1067090                    /usr/lib/jvm/java-8-openjdk-amd64/jre/lib/ext/sunec.jar
7f056d53d000-7f056d53e000 r--s 00010000 08:01 1067093                    /usr/lib/jvm/java-8-openjdk-amd64/jre/lib/ext/zipfs.jar
7f056d53e000-7f056d544000 r--s 0003d000 08:01 1067091                    /usr/lib/jvm/java-8-openjdk-amd64/jre/lib/ext/sunjce_provider.jar
7f056d544000-7f056d54c000 rw-s 00000000 08:01 262870                     /tmp/hsperfdata_boris/4042
7f056d54c000-7f056d54d000 rw-p 00000000 00:00 0 
7f056d54d000-7f056d54e000 ---p 00000000 00:00 0 
7f056d54e000-7f056d550000 rw-p 00000000 00:00 0 
7f056d550000-7f056d551000 r--p 00027000 08:01 659182                     /lib/x86_64-linux-gnu/ld-2.27.so
7f056d551000-7f056d552000 rw-p 00028000 08:01 659182                     /lib/x86_64-linux-gnu/ld-2.27.so
7f056d552000-7f056d553000 rw-p 00000000 00:00 0 
7ffca3801000-7ffca3823000 rw-p 00000000 00:00 0                          [stack]
7ffca39bd000-7ffca39c0000 r--p 00000000 00:00 0                          [vvar]
7ffca39c0000-7ffca39c1000 r-xp 00000000 00:00 0                          [vdso]
ffffffffff600000-ffffffffff601000 --xp 00000000 00:00 0                  [vsyscall]

VM Arguments:
jvm_args: -Xmx1g 
java_command: org.apache.spark.deploy.SparkSubmit --class org.apache.toree.Main --name Apache Toree /home/boris/.local/share/jupyter/kernels/apache_toree_scala/lib/toree-assembly-0.3.0-incubating.jar --profile /home/boris/.local/share/jupyter/runtime/kernel-1ad2d059-ede9-4001-aaa7-5b216ab081e2.json
java_class_path (initial): /usr/local/spark/conf/:/usr/local/spark/jars/orc-core-1.5.5-nohive.jar:/usr/local/spark/jars/oro-2.0.8.jar:/usr/local/spark/jars/hadoop-auth-2.7.3.jar:/usr/local/spark/jars/scala-parser-combinators_2.11-1.1.0.jar:/usr/local/spark/jars/scala-compiler-2.11.12.jar:/usr/local/spark/jars/snakeyaml-1.15.jar:/usr/local/spark/jars/jul-to-slf4j-1.7.16.jar:/usr/local/spark/jars/datanucleus-rdbms-3.2.9.jar:/usr/local/spark/jars/antlr-2.7.7.jar:/usr/local/spark/jars/snappy-0.2.jar:/usr/local/spark/jars/activation-1.1.1.jar:/usr/local/spark/jars/commons-httpclient-3.1.jar:/usr/local/spark/jars/jaxb-api-2.2.2.jar:/usr/local/spark/jars/api-asn1-api-1.0.0-M20.jar:/usr/local/spark/jars/netty-all-4.1.47.Final.jar:/usr/local/spark/jars/slf4j-api-1.7.16.jar:/usr/local/spark/jars/parquet-hadoop-1.10.1.jar:/usr/local/spark/jars/commons-compress-1.8.1.jar:/usr/local/spark/jars/minlog-1.3.0.jar:/usr/local/spark/jars/commons-configuration-1.6.jar:/usr/local/spark/jars/stax-api-1.0-2.jar:/usr/local/spark/jars/jcl-over-slf4j-1.7.16.jar:/usr/local/spark/jars/jline-2.14.6.jar:/usr/local/spark/jars/jackson-core-asl-1.9.13.jar:/usr/local/spark/jars/spark-graphx_2.11-2.4.6.jar:/usr/local/spark/jars/javax.inject-2.4.0-b34.jar:/usr/local/spark/jars/guice-3.0.jar:/usr/local/spark/jars/paranamer-2.8.jar:/usr/local/spark/jars/generex-1.0.2.jar:/usr/local/spark/jars/jersey-common-2.22.2.jar:/usr/local/spark/jars/libfb303-0.9.3.jar:/usr/local/spark/jars/parquet-column-1.10.1.jar:/usr/local/spark/jars/joda-time-2.9.3.jar:/usr/local/spark/jars/httpcore-4.4.10.jar:/usr/local/spark/jars/orc-shims-1.5.5.jar:/usr/local/spark/jars/javassist-3.18.1-GA.jar:/usr/local/spark/jars/zstd-jni-1.3.2-2.jar:/usr/local/spark/jars/objenesis-2.5.1.jar:/usr/local/spark/jars/guice-servlet-3.0.jar:/usr/local/spark/jars/json4s-jackson_2.11-3.5.3.jar:/usr/local/spark/jars/metrics-json-3.1.5.jar:/usr/local/spark/jars/snappy-java-1.1.7.5.jar:/usr/local/spark/jars/jackson-xc-1.9.13.jar:/usr/local/spark/j
Launcher Type: SUN_STANDARD

Environment Variables:
JAVA_HOME=/usr/lib/jvm/java-8-openjdk-amd64
PATH=/home/boris/.local/bin:/usr/local/sbin:/usr/local/bin:/usr/sbin:/usr/bin:/sbin:/bin:/usr/games:/usr/local/games:/snap/bin:/usr/local/spark/bin:/usr/local/spark/sbin:/usr/local/spark:/usr/local/spark/bin:/usr/lib/jvm/java-8-openjdk-amd64:/usr/lib/jvm/java-8-openjdk-amd64/bin:/usr/lib/jvm/java-8-openjdk-amd64/jre/bin:/usr/local/hadoop/sbin:/usr/local/hadoop/bin:/usr/local/hbase/bin:/home/boris/eclipse/eclipse
USERNAME=boris
SHELL=/bin/bash
DISPLAY=:0

Signal Handlers:
SIGSEGV: [libjvm.so+0xabd470], sa_mask[0]=11111111011111111101111111111110, sa_flags=SA_RESTART|SA_SIGINFO
SIGBUS: [libjvm.so+0xabd470], sa_mask[0]=11111111011111111101111111111110, sa_flags=SA_RESTART|SA_SIGINFO
SIGFPE: [libjvm.so+0x8f1c90], sa_mask[0]=11111111011111111101111111111110, sa_flags=SA_RESTART|SA_SIGINFO
SIGPIPE: [libjvm.so+0x8f1c90], sa_mask[0]=11111111011111111101111111111110, sa_flags=SA_RESTART|SA_SIGINFO
SIGXFSZ: [libjvm.so+0x8f1c90], sa_mask[0]=11111111011111111101111111111110, sa_flags=SA_RESTART|SA_SIGINFO
SIGILL: [libjvm.so+0x8f1c90], sa_mask[0]=11111111011111111101111111111110, sa_flags=SA_RESTART|SA_SIGINFO
SIGUSR1: SIG_DFL, sa_mask[0]=00000000000000000000000000000000, sa_flags=none
SIGUSR2: [libjvm.so+0x8f1b40], sa_mask[0]=00000000000000000000000000000000, sa_flags=SA_RESTART|SA_SIGINFO
SIGHUP: [libjvm.so+0x8f21b0], sa_mask[0]=11111111011111111101111111111110, sa_flags=SA_RESTART|SA_SIGINFO
SIGINT: [libjvm.so+0x8f21b0], sa_mask[0]=11111111011111111101111111111110, sa_flags=SA_RESTART|SA_SIGINFO
SIGTERM: [libjvm.so+0x8f21b0], sa_mask[0]=11111111011111111101111111111110, sa_flags=SA_RESTART|SA_SIGINFO
SIGQUIT: [libjvm.so+0x8f21b0], sa_mask[0]=11111111011111111101111111111110, sa_flags=SA_RESTART|SA_SIGINFO


---------------  S Y S T E M  ---------------

OS:DISTRIB_ID=Ubuntu
DISTRIB_RELEASE=18.04
DISTRIB_CODENAME=bionic
DISTRIB_DESCRIPTION="Ubuntu 18.04.4 LTS"

uname:Linux 5.3.0-59-generic #53~18.04.1-Ubuntu SMP Thu Jun 4 14:58:26 UTC 2020 x86_64
libc:glibc 2.27 NPTL 2.27 
rlimit: STACK 8192k, CORE 0k, NPROC 31658, NOFILE 4096, AS infinity
load average:1.09 0.43 0.43

/proc/meminfo:
MemTotal:        8153304 kB
MemFree:         2929856 kB
MemAvailable:    4807164 kB
Buffers:          142588 kB
Cached:          1932804 kB
SwapCached:            0 kB
Active:          3833008 kB
Inactive:        1127424 kB
Active(anon):    2883948 kB
Inactive(anon):    39344 kB
Active(file):     949060 kB
Inactive(file):  1088080 kB
Unevictable:          32 kB
Mlocked:              32 kB
SwapTotal:        922924 kB
SwapFree:         922924 kB
Dirty:              5816 kB
Writeback:             0 kB
AnonPages:       2885108 kB
Mapped:           363120 kB
Shmem:             40256 kB
KReclaimable:     118880 kB
Slab:             157656 kB
SReclaimable:     118880 kB
SUnreclaim:        38776 kB
KernelStack:       10048 kB
PageTables:        38520 kB
NFS_Unstable:          0 kB
Bounce:                0 kB
WritebackTmp:          0 kB
CommitLimit:     4999576 kB
Committed_AS:    6203796 kB
VmallocTotal:   34359738367 kB
VmallocUsed:       36184 kB
VmallocChunk:          0 kB
Percpu:              696 kB
HardwareCorrupted:     0 kB
AnonHugePages:         0 kB
ShmemHugePages:        0 kB
ShmemPmdMapped:        0 kB
CmaTotal:              0 kB
CmaFree:               0 kB
HugePages_Total:       0
HugePages_Free:        0
HugePages_Rsvd:        0
HugePages_Surp:        0
Hugepagesize:       2048 kB
Hugetlb:               0 kB
DirectMap4k:      188352 kB
DirectMap2M:     8200192 kB

container (cgroup) information:
container_type: cgroupv1
cpu_cpuset_cpus: 0-1
cpu_memory_nodes: 0
active_processor_count: 2
cpu_quota: -1
cpu_period: 100000
cpu_shares: -1
memory_limit_in_bytes: -1
memory_and_swap_limit_in_bytes: -2
memory_soft_limit_in_bytes: -1
memory_usage_in_bytes: 5079662592
memory_max_usage_in_bytes: 0


CPU:total 2 (initial active 2) (2 cores per cpu, 1 threads per core) family 6 model 94 stepping 3, cmov, cx8, fxsr, mmx, sse, sse2, sse3, ssse3, sse4.1, sse4.2, popcnt, avx, avx2, aes, clmul, 3dnowpref, lzcnt, tsc, tscinvbit

/proc/cpuinfo:
processor	: 0
vendor_id	: GenuineIntel
cpu family	: 6
model		: 94
model name	: Intel(R) Core(TM) i5-6600K CPU @ 3.50GHz
stepping	: 3
cpu MHz		: 3503.994
cache size	: 6144 KB
physical id	: 0
siblings	: 2
core id		: 0
cpu cores	: 2
apicid		: 0
initial apicid	: 0
fpu		: yes
fpu_exception	: yes
cpuid level	: 22
wp		: yes
flags		: fpu vme de pse tsc msr pae mce cx8 apic sep mtrr pge mca cmov pat pse36 clflush mmx fxsr sse sse2 ht syscall nx rdtscp lm constant_tsc rep_good nopl xtopology nonstop_tsc cpuid tsc_known_freq pni pclmulqdq ssse3 cx16 pcid sse4_1 sse4_2 x2apic movbe popcnt aes xsave avx rdrand hypervisor lahf_lm abm 3dnowprefetch invpcid_single pti fsgsbase avx2 invpcid rdseed clflushopt md_clear flush_l1d
bugs		: cpu_meltdown spectre_v1 spectre_v2 spec_store_bypass l1tf mds swapgs itlb_multihit srbds
bogomips	: 7007.98
clflush size	: 64
cache_alignment	: 64
address sizes	: 39 bits physical, 48 bits virtual
power management:

processor	: 1
vendor_id	: GenuineIntel
cpu family	: 6
model		: 94
model name	: Intel(R) Core(TM) i5-6600K CPU @ 3.50GHz
stepping	: 3
cpu MHz		: 3503.994
cache size	: 6144 KB
physical id	: 0
siblings	: 2
core id		: 1
cpu cores	: 2
apicid		: 1
initial apicid	: 1
fpu		: yes
fpu_exception	: yes
cpuid level	: 22
wp		: yes
flags		: fpu vme de pse tsc msr pae mce cx8 apic sep mtrr pge mca cmov pat pse36 clflush mmx fxsr sse sse2 ht syscall nx rdtscp lm constant_tsc rep_good nopl xtopology nonstop_tsc cpuid tsc_known_freq pni pclmulqdq ssse3 cx16 pcid sse4_1 sse4_2 x2apic movbe popcnt aes xsave avx rdrand hypervisor lahf_lm abm 3dnowprefetch invpcid_single pti fsgsbase avx2 invpcid rdseed clflushopt md_clear flush_l1d
bugs		: cpu_meltdown spectre_v1 spectre_v2 spec_store_bypass l1tf mds swapgs itlb_multihit srbds
bogomips	: 7007.98
clflush size	: 64
cache_alignment	: 64
address sizes	: 39 bits physical, 48 bits virtual
power management:



Memory: 4k page, physical 8153304k(2929856k free), swap 922924k(922924k free)

vm_info: OpenJDK 64-Bit Server VM (25.252-b09) for linux-amd64 JRE (1.8.0_252-8u252-b09-1~18.04-b09), built on Apr 15 2020 18:48:05 by "buildd" with gcc 7.5.0

time: Thu Jun 18 22:55:35 2020
timezone: BST
elapsed time: 10863 seconds (0d 3h 1m 3s)

