#
# A fatal error has been detected by the Java Runtime Environment:
#
#  SIGSEGV (0xb) at pc=0x00007f4b34000b50, pid=3975, tid=0x00007f4b4cf4b700
#
# JRE version: OpenJDK Runtime Environment (8.0_252-b09) (build 1.8.0_252-8u252-b09-1~18.04-b09)
# Java VM: OpenJDK 64-Bit Server VM (25.252-b09 mixed mode linux-amd64 compressed oops)
# Problematic frame:
# C  0x00007f4b34000b50
#
# Failed to write core dump. Core dumps have been disabled. To enable core dumping, try "ulimit -c unlimited" before starting Java again
#
# If you would like to submit a bug report, please visit:
#   http://bugreport.java.com/bugreport/crash.jsp
#

---------------  T H R E A D  ---------------

Current thread (0x00007f4b48028000):  GCTaskThread [stack: 0x00007f4b4ce4c000,0x00007f4b4cf4c000] [id=3997]

siginfo: si_signo: 11 (SIGSEGV), si_code: 2 (SEGV_ACCERR), si_addr: 0x00007f4b34000b50

Registers:
RAX=0x0000000100000ea8, RBX=0x00000000cb130058, RCX=0x000000000003dd80, RDX=0x00000000cb122570
RSP=0x00007f4b4cf4acb8, RBP=0x00007f4b4cf4ad70, RSI=0x00007f4b48077900, RDI=0x000000010003dda8
R8 =0x0000000100001868, R9 =0x00007f4b4d1fb981, R10=0x00000000fb7ed1c0, R11=0x0000000000000050
R12=0x00000000cb122570, R13=0x0000000000000240, R14=0x00007f4b4d1fb981, R15=0x00007f4b4d1fb981
RIP=0x00007f4b34000b50, EFLAGS=0x0000000000010217, CSGSFS=0x002b000000000033, ERR=0x0000000000000015
  TRAPNO=0x000000000000000e

Top of Stack: (sp=0x00007f4b4cf4acb8)
0x00007f4b4cf4acb8:   00007f4b4f50377d 00007f4b4cf4ad10
0x00007f4b4cf4acc8:   00007f4b4d1fb980 00007f4b4d1a3000
0x00007f4b4cf4acd8:   0000000000000000 00007f4b4d1a3000
0x00007f4b4cf4ace8:   00007f4b48077900 00000000cb120030
0x00007f4b4cf4acf8:   00000000ce370d38 00000000cb130058
0x00007f4b4cf4ad08:   00007f4b4d1fb900 0000000000000100
0x00007f4b4cf4ad18:   00007f4b4d1fb900 00007f4b4d214b87
0x00007f4b4cf4ad28:   00007f4b4d1fb900 00007f4b4801e630
0x00007f4b4cf4ad38:   00007f4b4801e3e0 00007f4b48025b10
0x00007f4b4cf4ad48:   00007f4b4802a220 00007f4b48077900
0x00007f4b4cf4ad58:   00007f4b48028000 0000000000000000
0x00007f4b4cf4ad68:   00007f4b5009e7e8 00007f4b4cf4ada0
0x00007f4b4cf4ad78:   00007f4b4faa3e19 0000000000000002
0x00007f4b4cf4ad88:   00007f4b4faa3de1 0000000000000001
0x00007f4b4cf4ad98:   00007f4b4802a220 00007f4b4cf4aeb0
0x00007f4b4cf4ada8:   00007f4b4f6f5436 00000000000003d8
0x00007f4b4cf4adb8:   00007f4b48028230 00007f4b48028658
0x00007f4b4cf4adc8:   00007f4b48028280 00007f4b4cf4ae40
0x00007f4b4cf4add8:   00007f4b48028270 00007f4b4cf4adf8
0x00007f4b4cf4ade8:   00007f4b4fc6fe1b 0000000000000000
0x00007f4b4cf4adf8:   0000000000000000 00007f4b48028000
0x00007f4b4cf4ae08:   00007f4b48028660 00007f4b480286a0
0x00007f4b4cf4ae18:   00007f4b480286b0 00007f4b48028788
0x00007f4b4cf4ae28:   00000000000000d8 00007f4b480288c0
0x00007f4b4cf4ae38:   0000000000000001 00007f4b48028000
0x00007f4b4cf4ae48:   00007f4b48028660 00007f4b480286a0
0x00007f4b4cf4ae58:   00007f4b480286b0 00007f4b48028788
0x00007f4b4cf4ae68:   00000000000000d8 00007f4b4cf4ae00
0x00007f4b4cf4ae78:   9c30ec9e7de76c00 00007f4b4cf4aeb0
0x00007f4b4cf4ae88:   00007f4b48029230 00007f4b48029140
0x00007f4b4cf4ae98:   00007f4b48028000 00007f4b48028000
0x00007f4b4cf4aea8:   00007f4b50f148d0 00007f4b4cf4aef0 

Instructions: (pc=0x00007f4b34000b50)
0x00007f4b34000b30:   00 00 00 00 00 00 00 00 00 00 00 00 00 00 00 00
0x00007f4b34000b40:   00 00 00 00 00 00 00 00 95 00 00 00 00 00 00 00
0x00007f4b34000b50:   e0 0b 00 34 4b 7f 00 00 00 00 00 00 00 00 00 00
0x00007f4b34000b60:   00 00 00 00 00 00 00 00 00 00 00 00 00 00 00 00 

Register to memory mapping:

RAX=0x0000000100000ea8 is pointing into metadata
RBX=0x00000000cb130058 is an oop
java.util.zip.ZipEntry 
 - klass: 'java/util/zip/ZipEntry'
RCX=0x000000000003dd80 is an unknown value
RDX=0x00000000cb122570 is an oop

[error occurred during error reporting (printing register info), id 0xb]

Stack: [0x00007f4b4ce4c000,0x00007f4b4cf4c000],  sp=0x00007f4b4cf4acb8,  free space=1019k
Native frames: (J=compiled Java code, j=interpreted, Vv=VM code, C=native code)
C  0x00007f4b34000b50
V  [libjvm.so+0x96fe19]
V  [libjvm.so+0x5c1436]
V  [libjvm.so+0x8f3e62]


---------------  P R O C E S S  ---------------

Java Threads: ( => current thread )
  0x00007f4acc977800 JavaThread "task-manager-0" daemon [_thread_blocked, id=4036, stack(0x00007f4b2e1eb000,0x00007f4b2e2ec000)]
  0x00007f4b1c037800 JavaThread "iothread-2" daemon [_thread_in_native, id=4032, stack(0x00007f4b2c819000,0x00007f4b2c91a000)]
  0x00007f4b1c01b800 JavaThread "reaper-1" daemon [_thread_in_native, id=4031, stack(0x00007f4b2c91a000,0x00007f4b2ca1b000)]
  0x00007f4b18037000 JavaThread "iothread-2" daemon [_thread_in_native, id=4030, stack(0x00007f4b2ca1b000,0x00007f4b2cb1c000)]
  0x00007f4b1801b800 JavaThread "reaper-1" daemon [_thread_in_native, id=4029, stack(0x00007f4b2cb1c000,0x00007f4b2cc1d000)]
  0x00007f4b14675000 JavaThread "iothread-2" daemon [_thread_in_native, id=4028, stack(0x00007f4b2cc1d000,0x00007f4b2cd1e000)]
  0x00007f4b14659000 JavaThread "reaper-1" daemon [_thread_in_native, id=4027, stack(0x00007f4b2cd1e000,0x00007f4b2ce1f000)]
  0x00007f4b0803b800 JavaThread "iothread-2" daemon [_thread_in_native, id=4026, stack(0x00007f4b2ce1f000,0x00007f4b2cf20000)]
  0x00007f4b08006800 JavaThread "reaper-1" daemon [_thread_in_native, id=4025, stack(0x00007f4b2cf20000,0x00007f4b2d021000)]
  0x00007f4b10d42800 JavaThread "iothread-2" daemon [_thread_in_native, id=4024, stack(0x00007f4b2d021000,0x00007f4b2d122000)]
  0x00007f4b10348000 JavaThread "reaper-1" daemon [_thread_in_native, id=4023, stack(0x00007f4b2d122000,0x00007f4b2d223000)]
  0x00007f4b04013800 JavaThread "Thread-5" [_thread_blocked, id=4022, stack(0x00007f4b2d223000,0x00007f4b2d324000)]
  0x00007f4afc090000 JavaThread "Thread-6" [_thread_blocked, id=4021, stack(0x00007f4b2d324000,0x00007f4b2d425000)]
  0x00007f4afc085000 JavaThread "Thread-7" [_thread_blocked, id=4020, stack(0x00007f4b2d425000,0x00007f4b2d526000)]
  0x00007f4af8043000 JavaThread "Thread-8" [_thread_blocked, id=4019, stack(0x00007f4b2d526000,0x00007f4b2d627000)]
  0x00007f4af8041800 JavaThread "Thread-4" [_thread_blocked, id=4018, stack(0x00007f4b2d627000,0x00007f4b2d728000)]
  0x00007f4b04004000 JavaThread "spark-kernel-actor-system-akka.actor.default-dispatcher-9" [_thread_blocked, id=4017, stack(0x00007f4b2d728000,0x00007f4b2d829000)]
  0x00007f4afc05a800 JavaThread "spark-kernel-actor-system-akka.actor.default-dispatcher-8" [_thread_blocked, id=4016, stack(0x00007f4b2d829000,0x00007f4b2d92a000)]
  0x000056005010a000 JavaThread "spark-kernel-actor-system-akka.actor.default-dispatcher-6" [_thread_blocked, id=4014, stack(0x00007f4b2e2ec000,0x00007f4b2e3ed000)]
  0x00007f4b4894a800 JavaThread "spark-kernel-actor-system-akka.actor.default-dispatcher-4" [_thread_blocked, id=4012, stack(0x00007f4b2e4ee000,0x00007f4b2e5ef000)]
  0x00007f4b4815d000 JavaThread "spark-kernel-actor-system-akka.actor.default-dispatcher-3" [_thread_blocked, id=4011, stack(0x00007f4b2e5ef000,0x00007f4b2e6f0000)]
  0x00007f4b49200000 JavaThread "spark-kernel-actor-system-akka.actor.default-dispatcher-2" [_thread_blocked, id=4010, stack(0x00007f4b2e8f0000,0x00007f4b2e9f1000)]
  0x00007f4b492ef800 JavaThread "spark-kernel-actor-system-scheduler-1" [_thread_blocked, id=4009, stack(0x00007f4b31234000,0x00007f4b31335000)]
  0x00007f4b4911a000 JavaThread "process reaper" daemon [_thread_blocked, id=4007, stack(0x00007f4b31335000,0x00007f4b3136e000)]
  0x00007f4b480ca800 JavaThread "Service Thread" daemon [_thread_blocked, id=4004, stack(0x00007f4b3818f000,0x00007f4b38290000)]
  0x00007f4b480bd800 JavaThread "C1 CompilerThread1" daemon [_thread_blocked, id=4003, stack(0x00007f4b38291000,0x00007f4b38391000)]
  0x00007f4b480ba800 JavaThread "C2 CompilerThread0" daemon [_thread_blocked, id=4002, stack(0x00007f4b38392000,0x00007f4b38492000)]
  0x00007f4b480b6800 JavaThread "Signal Dispatcher" daemon [_thread_blocked, id=4001, stack(0x00007f4b38492000,0x00007f4b38593000)]
  0x00007f4b48088800 JavaThread "Finalizer" daemon [_thread_blocked, id=4000, stack(0x00007f4b38593000,0x00007f4b38694000)]
  0x00007f4b48084000 JavaThread "Reference Handler" daemon [_thread_blocked, id=3999, stack(0x00007f4b38694000,0x00007f4b38795000)]
  0x00007f4b48010800 JavaThread "main" [_thread_blocked, id=3995, stack(0x00007f4b50e16000,0x00007f4b50f16000)]

Other Threads:
  0x00007f4b4807a000 VMThread [stack: 0x00007f4b38796000,0x00007f4b38896000] [id=3998]
  0x00007f4b480d5000 WatcherThread [stack: 0x00007f4b3808f000,0x00007f4b3818f000] [id=4005]

=>0x00007f4b48028000 (exited) GCTaskThread [stack: 0x00007f4b4ce4c000,0x00007f4b4cf4c000] [id=3997]

VM state:at safepoint (normal execution)

VM Mutex/Monitor currently owned by a thread:  ([mutex/lock_event])
[0x00007f4b4800d020] Threads_lock - owner thread: 0x00007f4b4807a000
[0x00007f4b4800d520] Heap_lock - owner thread: 0x00007f4acc977800

heap address: 0x00000000c0000000, size: 1024 MB, Compressed Oops mode: 32-bit
Narrow klass base: 0x0000000000000000, Narrow klass shift: 3
Compressed class space size: 1073741824 Address: 0x0000000100000000

Heap:
 PSYoungGen      total 272896K, used 219566K [0x00000000eab00000, 0x0000000100000000, 0x0000000100000000)
  eden space 196608K, 100% used [0x00000000eab00000,0x00000000f6b00000,0x00000000f6b00000)
  from space 76288K, 30% used [0x00000000f6b00000,0x00000000f816bb08,0x00000000fb580000)
  to   space 76288K, 12% used [0x00000000fb580000,0x00000000fbe80fd8,0x0000000100000000)
 ParOldGen       total 398848K, used 255787K [0x00000000c0000000, 0x00000000d8580000, 0x00000000eab00000)
  object space 398848K, 64% used [0x00000000c0000000,0x00000000cf9cae28,0x00000000d8580000)
 Metaspace       used 55565K, capacity 55892K, committed 56280K, reserved 1097728K
  class space    used 7751K, capacity 7879K, committed 7896K, reserved 1048576K

Card table byte_map: [0x00007f4b4d1a3000,0x00007f4b4d3a4000] byte_map_base: 0x00007f4b4cba3000

Marking Bits: (ParMarkBitMap*) 0x00007f4b500a83c0
 Begin Bits: [0x00007f4b2f000000, 0x00007f4b30000000)
 End Bits:   [0x00007f4b30000000, 0x00007f4b31000000)

Polling page: 0x00007f4b50f29000

CodeCache: size=245760Kb used=18633Kb max_used=18647Kb free=227126Kb
 bounds [0x00007f4b39000000, 0x00007f4b3a270000, 0x00007f4b48000000]
 total_blobs=6951 nmethods=6480 adapters=381
 compilation: enabled

Compilation events (10 events):
Event: 16.964 Thread 0x00007f4b480bd800 7471       2       scala.reflect.internal.SymbolTable::commonOwnerMap (5 bytes)
Event: 16.964 Thread 0x00007f4b480bd800 nmethod 7471 0x00007f4b396c4d90 code [0x00007f4b396c4f00, 0x00007f4b396c5088]
Event: 16.967 Thread 0x00007f4b480bd800 7473       2       scala.reflect.internal.SymbolTable::appliedType (7 bytes)
Event: 16.967 Thread 0x00007f4b480bd800 nmethod 7473 0x00007f4b3970ddd0 code [0x00007f4b3970df60, 0x00007f4b3970e148]
Event: 16.967 Thread 0x00007f4b480bd800 7474       2       scala.reflect.internal.Types$class::appliedType (15 bytes)
Event: 16.968 Thread 0x00007f4b480bd800 nmethod 7474 0x00007f4b39752350 code [0x00007f4b397524e0, 0x00007f4b397526a8]
Event: 16.969 Thread 0x00007f4b480bd800 7475       2       scala.reflect.internal.Types$MethodType::paramss (17 bytes)
Event: 16.970 Thread 0x00007f4b480bd800 nmethod 7475 0x00007f4b3988a110 code [0x00007f4b3988a280, 0x00007f4b3988a4b8]
Event: 16.972 Thread 0x00007f4b480bd800 7476       2       scala.reflect.internal.pickling.UnPickler$Scan::PolyOrNullaryType$1 (48 bytes)
Event: 16.972 Thread 0x00007f4b480bd800 nmethod 7476 0x00007f4b39193f90 code [0x00007f4b39194140, 0x00007f4b39194518]

GC Heap History (10 events):
Event: 9.742 GC heap after
Heap after GC invocations=11 (full 2):
 PSYoungGen      total 319488K, used 29690K [0x00000000eab00000, 0x0000000100000000, 0x0000000100000000)
  eden space 289792K, 0% used [0x00000000eab00000,0x00000000eab00000,0x00000000fc600000)
  from space 29696K, 99% used [0x00000000fc600000,0x00000000fe2feb20,0x00000000fe300000)
  to   space 29696K, 0% used [0x00000000fe300000,0x00000000fe300000,0x0000000100000000)
 ParOldGen       total 110592K, used 110483K [0x00000000c0000000, 0x00000000c6c00000, 0x00000000eab00000)
  object space 110592K, 99% used [0x00000000c0000000,0x00000000c6be4d20,0x00000000c6c00000)
 Metaspace       used 39212K, capacity 39504K, committed 39896K, reserved 1083392K
  class space    used 5649K, capacity 5726K, committed 5848K, reserved 1048576K
}
Event: 9.742 GC heap before
{Heap before GC invocations=12 (full 3):
 PSYoungGen      total 319488K, used 29690K [0x00000000eab00000, 0x0000000100000000, 0x0000000100000000)
  eden space 289792K, 0% used [0x00000000eab00000,0x00000000eab00000,0x00000000fc600000)
  from space 29696K, 99% used [0x00000000fc600000,0x00000000fe2feb20,0x00000000fe300000)
  to   space 29696K, 0% used [0x00000000fe300000,0x00000000fe300000,0x0000000100000000)
 ParOldGen       total 110592K, used 110483K [0x00000000c0000000, 0x00000000c6c00000, 0x00000000eab00000)
  object space 110592K, 99% used [0x00000000c0000000,0x00000000c6be4d20,0x00000000c6c00000)
 Metaspace       used 39212K, capacity 39504K, committed 39896K, reserved 1083392K
  class space    used 5649K, capacity 5726K, committed 5848K, reserved 1048576K
Event: 10.050 GC heap after
Heap after GC invocations=12 (full 3):
 PSYoungGen      total 319488K, used 12373K [0x00000000eab00000, 0x0000000100000000, 0x0000000100000000)
  eden space 289792K, 0% used [0x00000000eab00000,0x00000000eab00000,0x00000000fc600000)
  from space 29696K, 41% used [0x00000000fc600000,0x00000000fd215598,0x00000000fe300000)
  to   space 29696K, 0% used [0x00000000fe300000,0x00000000fe300000,0x0000000100000000)
 ParOldGen       total 232960K, used 110556K [0x00000000c0000000, 0x00000000ce380000, 0x00000000eab00000)
  object space 232960K, 47% used [0x00000000c0000000,0x00000000c6bf7010,0x00000000ce380000)
 Metaspace       used 39212K, capacity 39504K, committed 39896K, reserved 1083392K
  class space    used 5649K, capacity 5726K, committed 5848K, reserved 1048576K
}
Event: 11.463 GC heap before
{Heap before GC invocations=13 (full 3):
 PSYoungGen      total 319488K, used 302165K [0x00000000eab00000, 0x0000000100000000, 0x0000000100000000)
  eden space 289792K, 100% used [0x00000000eab00000,0x00000000fc600000,0x00000000fc600000)
  from space 29696K, 41% used [0x00000000fc600000,0x00000000fd215598,0x00000000fe300000)
  to   space 29696K, 0% used [0x00000000fe300000,0x00000000fe300000,0x0000000100000000)
 ParOldGen       total 232960K, used 110556K [0x00000000c0000000, 0x00000000ce380000, 0x00000000eab00000)
  object space 232960K, 47% used [0x00000000c0000000,0x00000000c6bf7010,0x00000000ce380000)
 Metaspace       used 39958K, capacity 40214K, committed 40536K, reserved 1083392K
  class space    used 5766K, capacity 5855K, committed 5976K, reserved 1048576K
Event: 11.548 GC heap after
Heap after GC invocations=13 (full 3):
 PSYoungGen      total 226304K, used 29669K [0x00000000eab00000, 0x0000000100000000, 0x0000000100000000)
  eden space 196608K, 0% used [0x00000000eab00000,0x00000000eab00000,0x00000000f6b00000)
  from space 29696K, 99% used [0x00000000fe300000,0x00000000ffff97a8,0x0000000100000000)
  to   space 76288K, 0% used [0x00000000f6b00000,0x00000000f6b00000,0x00000000fb580000)
 ParOldGen       total 232960K, used 158411K [0x00000000c0000000, 0x00000000ce380000, 0x00000000eab00000)
  object space 232960K, 67% used [0x00000000c0000000,0x00000000c9ab2c48,0x00000000ce380000)
 Metaspace       used 39958K, capacity 40214K, committed 40536K, reserved 1083392K
  class space    used 5766K, capacity 5855K, committed 5976K, reserved 1048576K
}
Event: 12.524 GC heap before
{Heap before GC invocations=14 (full 3):
 PSYoungGen      total 226304K, used 226277K [0x00000000eab00000, 0x0000000100000000, 0x0000000100000000)
  eden space 196608K, 100% used [0x00000000eab00000,0x00000000f6b00000,0x00000000f6b00000)
  from space 29696K, 99% used [0x00000000fe300000,0x00000000ffff97a8,0x0000000100000000)
  to   space 76288K, 0% used [0x00000000f6b00000,0x00000000f6b00000,0x00000000fb580000)
 ParOldGen       total 232960K, used 158411K [0x00000000c0000000, 0x00000000ce380000, 0x00000000eab00000)
  object space 232960K, 67% used [0x00000000c0000000,0x00000000c9ab2c48,0x00000000ce380000)
 Metaspace       used 45195K, capacity 45498K, committed 46040K, reserved 1089536K
  class space    used 6419K, capacity 6527K, committed 6616K, reserved 1048576K
Event: 12.713 GC heap after
Heap after GC invocations=14 (full 3):
 PSYoungGen      total 272896K, used 76272K [0x00000000eab00000, 0x0000000100000000, 0x0000000100000000)
  eden space 196608K, 0% used [0x00000000eab00000,0x00000000eab00000,0x00000000f6b00000)
  from space 76288K, 99% used [0x00000000f6b00000,0x00000000fb57c2a8,0x00000000fb580000)
  to   space 76288K, 0% used [0x00000000fb580000,0x00000000fb580000,0x0000000100000000)
 ParOldGen       total 232960K, used 201782K [0x00000000c0000000, 0x00000000ce380000, 0x00000000eab00000)
  object space 232960K, 86% used [0x00000000c0000000,0x00000000cc50dad8,0x00000000ce380000)
 Metaspace       used 45195K, capacity 45498K, committed 46040K, reserved 1089536K
  class space    used 6419K, capacity 6527K, committed 6616K, reserved 1048576K
}
Event: 12.713 GC heap before
{Heap before GC invocations=15 (full 4):
 PSYoungGen      total 272896K, used 76272K [0x00000000eab00000, 0x0000000100000000, 0x0000000100000000)
  eden space 196608K, 0% used [0x00000000eab00000,0x00000000eab00000,0x00000000f6b00000)
  from space 76288K, 99% used [0x00000000f6b00000,0x00000000fb57c2a8,0x00000000fb580000)
  to   space 76288K, 0% used [0x00000000fb580000,0x00000000fb580000,0x0000000100000000)
 ParOldGen       total 232960K, used 201782K [0x00000000c0000000, 0x00000000ce380000, 0x00000000eab00000)
  object space 232960K, 86% used [0x00000000c0000000,0x00000000cc50dad8,0x00000000ce380000)
 Metaspace       used 45195K, capacity 45498K, committed 46040K, reserved 1089536K
  class space    used 6419K, capacity 6527K, committed 6616K, reserved 1048576K
Event: 13.386 GC heap after
Heap after GC invocations=15 (full 4):
 PSYoungGen      total 272896K, used 22958K [0x00000000eab00000, 0x0000000100000000, 0x0000000100000000)
  eden space 196608K, 0% used [0x00000000eab00000,0x00000000eab00000,0x00000000f6b00000)
  from space 76288K, 30% used [0x00000000f6b00000,0x00000000f816bb08,0x00000000fb580000)
  to   space 76288K, 0% used [0x00000000fb580000,0x00000000fb580000,0x0000000100000000)
 ParOldGen       total 398848K, used 232899K [0x00000000c0000000, 0x00000000d8580000, 0x00000000eab00000)
  object space 398848K, 58% used [0x00000000c0000000,0x00000000ce370d38,0x00000000d8580000)
 Metaspace       used 45195K, capacity 45498K, committed 46040K, reserved 1089536K
  class space    used 6419K, capacity 6527K, committed 6616K, reserved 1048576K
}
Event: 16.974 GC heap before
{Heap before GC invocations=16 (full 4):
 PSYoungGen      total 272896K, used 219566K [0x00000000eab00000, 0x0000000100000000, 0x0000000100000000)
  eden space 196608K, 100% used [0x00000000eab00000,0x00000000f6b00000,0x00000000f6b00000)
  from space 76288K, 30% used [0x00000000f6b00000,0x00000000f816bb08,0x00000000fb580000)
  to   space 76288K, 0% used [0x00000000fb580000,0x00000000fb580000,0x0000000100000000)
 ParOldGen       total 398848K, used 232899K [0x00000000c0000000, 0x00000000d8580000, 0x00000000eab00000)
  object space 398848K, 58% used [0x00000000c0000000,0x00000000ce370d38,0x00000000d8580000)
 Metaspace       used 55565K, capacity 55892K, committed 56280K, reserved 1097728K
  class space    used 7751K, capacity 7879K, committed 7896K, reserved 1048576K

Deoptimization events (10 events):
Event: 16.848 Thread 0x00007f4acc977800 Uncommon trap: reason=class_check action=maybe_recompile pc=0x00007f4b3a23f2bc method=scala.collection.LinearSeqLike$$anon$1.hasNext()Z @ 4
Event: 16.848 Thread 0x00007f4acc977800 Uncommon trap: reason=class_check action=maybe_recompile pc=0x00007f4b3a23f2bc method=scala.collection.LinearSeqLike$$anon$1.hasNext()Z @ 4
Event: 16.891 Thread 0x00007f4acc977800 Uncommon trap: reason=class_check action=maybe_recompile pc=0x00007f4b3a1a157c method=scala.reflect.internal.pickling.UnPickler$Scan.readSymbol()Lscala/reflect/internal/Symbols$Symbol; @ 559
Event: 16.915 Thread 0x00007f4acc977800 Uncommon trap: reason=class_check action=maybe_recompile pc=0x00007f4b3a1a2248 method=scala.reflect.internal.pickling.UnPickler$Scan.readSymbol()Lscala/reflect/internal/Symbols$Symbol; @ 595
Event: 16.915 Thread 0x00007f4acc977800 Uncommon trap: reason=class_check action=maybe_recompile pc=0x00007f4b3a1a157c method=scala.reflect.internal.pickling.UnPickler$Scan.readSymbol()Lscala/reflect/internal/Symbols$Symbol; @ 559
Event: 16.915 Thread 0x00007f4acc977800 Uncommon trap: reason=class_check action=maybe_recompile pc=0x00007f4b3a1a157c method=scala.reflect.internal.pickling.UnPickler$Scan.readSymbol()Lscala/reflect/internal/Symbols$Symbol; @ 559
Event: 16.929 Thread 0x00007f4acc977800 Uncommon trap: reason=unstable_if action=reinterpret pc=0x00007f4b3978208c method=scala.reflect.internal.pickling.UnPickler$Scan.shouldEnterInOwnerScope$1(Lscala/reflect/internal/Symbols$Symbol;)Z @ 85
Event: 16.952 Thread 0x00007f4acc977800 Uncommon trap: reason=unstable_if action=reinterpret pc=0x00007f4b39535024 method=scala.reflect.internal.BaseTypeSeqs$BaseTypeSeq.typeSymbol(I)Lscala/reflect/internal/Symbols$Symbol; @ 11
Event: 16.952 Thread 0x00007f4acc977800 Uncommon trap: reason=unstable_if action=reinterpret pc=0x00007f4b39975168 method=scala.reflect.internal.BaseTypeSeqs$BaseTypeSeq.typeSymbol(I)Lscala/reflect/internal/Symbols$Symbol; @ 11
Event: 16.972 Thread 0x00007f4acc977800 Uncommon trap: reason=speculate_class_check action=maybe_recompile pc=0x00007f4b39d97898 method=scala.reflect.internal.Symbols$Symbol.tpe()Lscala/reflect/internal/Types$Type; @ 1

Classes redefined (0 events):
No events

Internal exceptions (10 events):
Event: 15.014 Thread 0x00007f4b48010800 Exception <a 'java/security/PrivilegedActionException'> (0x00000000f0403a30) thrown at [/build/openjdk-8-piDAoU/openjdk-8-8u252-b09/src/hotspot/src/share/vm/prims/jvm.cpp, line 1502]
Event: 15.014 Thread 0x00007f4b48010800 Exception <a 'java/security/PrivilegedActionException'> (0x00000000f0404010) thrown at [/build/openjdk-8-piDAoU/openjdk-8-8u252-b09/src/hotspot/src/share/vm/prims/jvm.cpp, line 1502]
Event: 15.014 Thread 0x00007f4b48010800 Exception <a 'java/security/PrivilegedActionException'> (0x00000000f0405240) thrown at [/build/openjdk-8-piDAoU/openjdk-8-8u252-b09/src/hotspot/src/share/vm/prims/jvm.cpp, line 1502]
Event: 15.014 Thread 0x00007f4b48010800 Exception <a 'java/security/PrivilegedActionException'> (0x00000000f0405820) thrown at [/build/openjdk-8-piDAoU/openjdk-8-8u252-b09/src/hotspot/src/share/vm/prims/jvm.cpp, line 1502]
Event: 15.014 Thread 0x00007f4b48010800 Exception <a 'java/security/PrivilegedActionException'> (0x00000000f0406a98) thrown at [/build/openjdk-8-piDAoU/openjdk-8-8u252-b09/src/hotspot/src/share/vm/prims/jvm.cpp, line 1502]
Event: 15.014 Thread 0x00007f4b48010800 Exception <a 'java/security/PrivilegedActionException'> (0x00000000f0407078) thrown at [/build/openjdk-8-piDAoU/openjdk-8-8u252-b09/src/hotspot/src/share/vm/prims/jvm.cpp, line 1502]
Event: 15.014 Thread 0x00007f4b48010800 Exception <a 'java/security/PrivilegedActionException'> (0x00000000f04082f0) thrown at [/build/openjdk-8-piDAoU/openjdk-8-8u252-b09/src/hotspot/src/share/vm/prims/jvm.cpp, line 1502]
Event: 15.014 Thread 0x00007f4b48010800 Exception <a 'java/security/PrivilegedActionException'> (0x00000000f04088d0) thrown at [/build/openjdk-8-piDAoU/openjdk-8-8u252-b09/src/hotspot/src/share/vm/prims/jvm.cpp, line 1502]
Event: 15.024 Thread 0x00007f4b48010800 Exception <a 'java/security/PrivilegedActionException'> (0x00000000f069e648) thrown at [/build/openjdk-8-piDAoU/openjdk-8-8u252-b09/src/hotspot/src/share/vm/prims/jvm.cpp, line 1502]
Event: 15.024 Thread 0x00007f4b48010800 Exception <a 'java/security/PrivilegedActionException'> (0x00000000f069ec28) thrown at [/build/openjdk-8-piDAoU/openjdk-8-8u252-b09/src/hotspot/src/share/vm/prims/jvm.cpp, line 1502]

Events (10 events):
Event: 16.952 Thread 0x00007f4acc977800 DEOPT UNPACKING pc=0x00007f4b3904547a sp=0x00007f4b2e2df9e8 mode 2
Event: 16.952 Thread 0x00007f4acc977800 Uncommon trap: trap_request=0xffffff65 fr.pc=0x00007f4b39975168
Event: 16.952 Thread 0x00007f4acc977800 DEOPT PACKING pc=0x00007f4b39975168 sp=0x00007f4b2e2dfa30
Event: 16.952 Thread 0x00007f4acc977800 DEOPT UNPACKING pc=0x00007f4b3904547a sp=0x00007f4b2e2df9d8 mode 2
Event: 16.964 loading class scala/reflect/internal/transform/UnCurry$VarargsSymbolAttachment
Event: 16.964 loading class scala/reflect/internal/transform/UnCurry$VarargsSymbolAttachment done
Event: 16.972 Thread 0x00007f4acc977800 Uncommon trap: trap_request=0xffffff76 fr.pc=0x00007f4b39d97898
Event: 16.972 Thread 0x00007f4acc977800 DEOPT PACKING pc=0x00007f4b39d97898 sp=0x00007f4b2e2e0da0
Event: 16.972 Thread 0x00007f4acc977800 DEOPT UNPACKING pc=0x00007f4b3904547a sp=0x00007f4b2e2e0cc8 mode 2
Event: 16.973 Executing VM operation: ParallelGCFailedAllocation


Dynamic libraries:
c0000000-d8580000 rw-p 00000000 00:00 0 
d8580000-eab00000 ---p 00000000 00:00 0 
eab00000-100000000 rw-p 00000000 00:00 0 
100000000-1007b6000 rw-p 00000000 00:00 0 
1007b6000-140000000 ---p 00000000 00:00 0 
56004e124000-56004e125000 r-xp 00000000 08:01 1067024                    /usr/lib/jvm/java-8-openjdk-amd64/jre/bin/java
56004e324000-56004e325000 r--p 00000000 08:01 1067024                    /usr/lib/jvm/java-8-openjdk-amd64/jre/bin/java
56004e325000-56004e326000 rw-p 00001000 08:01 1067024                    /usr/lib/jvm/java-8-openjdk-amd64/jre/bin/java
5600500ee000-560050152000 rw-p 00000000 00:00 0                          [heap]
7f4ac7200000-7f4ac7340000 rw-p 00000000 00:00 0 
7f4ac7340000-7f4ac7400000 ---p 00000000 00:00 0 
7f4ac7400000-7f4ac7600000 rw-p 00000000 00:00 0 
7f4ac7600000-7f4ac7800000 rw-p 00000000 00:00 0 
7f4ac7800000-7f4ac7a00000 rw-p 00000000 00:00 0 
7f4ac7a00000-7f4ac7c00000 rw-p 00000000 00:00 0 
7f4ac7c00000-7f4ac7e00000 rw-p 00000000 00:00 0 
7f4ac7e00000-7f4ac8000000 rw-p 00000000 00:00 0 
7f4ac8000000-7f4acbffd000 rw-p 00000000 00:00 0 
7f4acbffd000-7f4acc000000 ---p 00000000 00:00 0 
7f4acc000000-7f4accae2000 rw-p 00000000 00:00 0 
7f4accae2000-7f4ad0000000 ---p 00000000 00:00 0 
7f4ad0000000-7f4ad3ffa000 rw-p 00000000 00:00 0 
7f4ad3ffa000-7f4ad4000000 ---p 00000000 00:00 0 
7f4ad4000000-7f4ad7ffc000 rw-p 00000000 00:00 0 
7f4ad7ffc000-7f4ad8000000 ---p 00000000 00:00 0 
7f4ad8000000-7f4adbffd000 rw-p 00000000 00:00 0 
7f4adbffd000-7f4adc000000 ---p 00000000 00:00 0 
7f4adc000000-7f4adfffc000 rw-p 00000000 00:00 0 
7f4adfffc000-7f4ae0000000 ---p 00000000 00:00 0 
7f4ae0000000-7f4ae3ffd000 rw-p 00000000 00:00 0 
7f4ae3ffd000-7f4ae4000000 ---p 00000000 00:00 0 
7f4ae4000000-7f4ae7ffa000 rw-p 00000000 00:00 0 
7f4ae7ffa000-7f4ae8000000 ---p 00000000 00:00 0 
7f4ae8000000-7f4aebffd000 rw-p 00000000 00:00 0 
7f4aebffd000-7f4aec000000 ---p 00000000 00:00 0 
7f4aec000000-7f4aefffc000 rw-p 00000000 00:00 0 
7f4aefffc000-7f4af0000000 ---p 00000000 00:00 0 
7f4af0000000-7f4af3ffc000 rw-p 00000000 00:00 0 
7f4af3ffc000-7f4af4000000 ---p 00000000 00:00 0 
7f4af4000000-7f4af7ffd000 rw-p 00000000 00:00 0 
7f4af7ffd000-7f4af8000000 ---p 00000000 00:00 0 
7f4af8000000-7f4af804f000 rw-p 00000000 00:00 0 
7f4af804f000-7f4afc000000 ---p 00000000 00:00 0 
7f4afc000000-7f4afc09d000 rw-p 00000000 00:00 0 
7f4afc09d000-7f4b00000000 ---p 00000000 00:00 0 
7f4b00000000-7f4b00031000 rw-p 00000000 00:00 0 
7f4b00031000-7f4b04000000 ---p 00000000 00:00 0 
7f4b04000000-7f4b04025000 rw-p 00000000 00:00 0 
7f4b04025000-7f4b08000000 ---p 00000000 00:00 0 
7f4b08000000-7f4b08057000 rw-p 00000000 00:00 0 
7f4b08057000-7f4b0c000000 ---p 00000000 00:00 0 
7f4b0c000000-7f4b0c021000 rw-p 00000000 00:00 0 
7f4b0c021000-7f4b10000000 ---p 00000000 00:00 0 
7f4b10000000-7f4b124ac000 rw-p 00000000 00:00 0 
7f4b124ac000-7f4b14000000 ---p 00000000 00:00 0 
7f4b14000000-7f4b14ab8000 rw-p 00000000 00:00 0 
7f4b14ab8000-7f4b18000000 ---p 00000000 00:00 0 
7f4b18000000-7f4b1805f000 rw-p 00000000 00:00 0 
7f4b1805f000-7f4b1c000000 ---p 00000000 00:00 0 
7f4b1c000000-7f4b1c051000 rw-p 00000000 00:00 0 
7f4b1c051000-7f4b20000000 ---p 00000000 00:00 0 
7f4b20000000-7f4b20073000 rw-p 00000000 00:00 0 
7f4b20073000-7f4b24000000 ---p 00000000 00:00 0 
7f4b24000000-7f4b24021000 rw-p 00000000 00:00 0 
7f4b24021000-7f4b28000000 ---p 00000000 00:00 0 
7f4b28000000-7f4b2807d000 rw-p 00000000 00:00 0 
7f4b2807d000-7f4b2c000000 ---p 00000000 00:00 0 
7f4b2c019000-7f4b2c219000 rw-p 00000000 00:00 0 
7f4b2c219000-7f4b2c419000 rw-p 00000000 00:00 0 
7f4b2c419000-7f4b2c619000 rw-p 00000000 00:00 0 
7f4b2c619000-7f4b2c819000 rw-p 00000000 00:00 0 
7f4b2c819000-7f4b2c81c000 ---p 00000000 00:00 0 
7f4b2c81c000-7f4b2c91a000 rw-p 00000000 00:00 0 
7f4b2c91a000-7f4b2c91d000 ---p 00000000 00:00 0 
7f4b2c91d000-7f4b2ca1b000 rw-p 00000000 00:00 0 
7f4b2ca1b000-7f4b2ca1e000 ---p 00000000 00:00 0 
7f4b2ca1e000-7f4b2cb1c000 rw-p 00000000 00:00 0 
7f4b2cb1c000-7f4b2cb1f000 ---p 00000000 00:00 0 
7f4b2cb1f000-7f4b2cc1d000 rw-p 00000000 00:00 0 
7f4b2cc1d000-7f4b2cc20000 ---p 00000000 00:00 0 
7f4b2cc20000-7f4b2cd1e000 rw-p 00000000 00:00 0 
7f4b2cd1e000-7f4b2cd21000 ---p 00000000 00:00 0 
7f4b2cd21000-7f4b2ce1f000 rw-p 00000000 00:00 0 
7f4b2ce1f000-7f4b2ce22000 ---p 00000000 00:00 0 
7f4b2ce22000-7f4b2cf20000 rw-p 00000000 00:00 0 
7f4b2cf20000-7f4b2cf23000 ---p 00000000 00:00 0 
7f4b2cf23000-7f4b2d021000 rw-p 00000000 00:00 0 
7f4b2d021000-7f4b2d024000 ---p 00000000 00:00 0 
7f4b2d024000-7f4b2d122000 rw-p 00000000 00:00 0 
7f4b2d122000-7f4b2d125000 ---p 00000000 00:00 0 
7f4b2d125000-7f4b2d223000 rw-p 00000000 00:00 0 
7f4b2d223000-7f4b2d226000 ---p 00000000 00:00 0 
7f4b2d226000-7f4b2d324000 rw-p 00000000 00:00 0 
7f4b2d324000-7f4b2d327000 ---p 00000000 00:00 0 
7f4b2d327000-7f4b2d425000 rw-p 00000000 00:00 0 
7f4b2d425000-7f4b2d428000 ---p 00000000 00:00 0 
7f4b2d428000-7f4b2d526000 rw-p 00000000 00:00 0 
7f4b2d526000-7f4b2d529000 ---p 00000000 00:00 0 
7f4b2d529000-7f4b2d627000 rw-p 00000000 00:00 0 
7f4b2d627000-7f4b2d62a000 ---p 00000000 00:00 0 
7f4b2d62a000-7f4b2d728000 rw-p 00000000 00:00 0 
7f4b2d728000-7f4b2d72b000 ---p 00000000 00:00 0 
7f4b2d72b000-7f4b2d829000 rw-p 00000000 00:00 0 
7f4b2d829000-7f4b2d82c000 ---p 00000000 00:00 0 
7f4b2d82c000-7f4b2db2a000 rw-p 00000000 00:00 0 
7f4b2dbbf000-7f4b2ddbf000 rw-p 00000000 00:00 0 
7f4b2ddbf000-7f4b2dfbf000 rw-p 00000000 00:00 0 
7f4b2dfbf000-7f4b2dfe7000 r-xp 00000000 08:01 1067067                    /usr/lib/jvm/java-8-openjdk-amd64/jre/lib/amd64/libsunec.so
7f4b2dfe7000-7f4b2e1e6000 ---p 00028000 08:01 1067067                    /usr/lib/jvm/java-8-openjdk-amd64/jre/lib/amd64/libsunec.so
7f4b2e1e6000-7f4b2e1ea000 r--p 00027000 08:01 1067067                    /usr/lib/jvm/java-8-openjdk-amd64/jre/lib/amd64/libsunec.so
7f4b2e1ea000-7f4b2e1eb000 rw-p 0002b000 08:01 1067067                    /usr/lib/jvm/java-8-openjdk-amd64/jre/lib/amd64/libsunec.so
7f4b2e1eb000-7f4b2e1ee000 ---p 00000000 00:00 0 
7f4b2e1ee000-7f4b2e2ec000 rw-p 00000000 00:00 0 
7f4b2e2ec000-7f4b2e2ef000 ---p 00000000 00:00 0 
7f4b2e2ef000-7f4b2e3ed000 rw-p 00000000 00:00 0 
7f4b2e3ed000-7f4b2e3f0000 ---p 00000000 00:00 0 
7f4b2e3f0000-7f4b2e4ee000 rw-p 00000000 00:00 0 
7f4b2e4ee000-7f4b2e4f1000 ---p 00000000 00:00 0 
7f4b2e4f1000-7f4b2e5ef000 rw-p 00000000 00:00 0 
7f4b2e5ef000-7f4b2e5f2000 ---p 00000000 00:00 0 
7f4b2e5f2000-7f4b2e8f0000 rw-p 00000000 00:00 0 
7f4b2e8f0000-7f4b2e8f3000 ---p 00000000 00:00 0 
7f4b2e8f3000-7f4b2ebf1000 rw-p 00000000 00:00 0 
7f4b2ebf1000-7f4b2ee00000 r--s 019ea000 08:01 994791                     /home/boris/.local/share/jupyter/kernels/apache_toree_scala/lib/toree-assembly-0.3.0-incubating.jar
7f4b2ee00000-7f4b31000000 rw-p 00000000 00:00 0 
7f4b3101f000-7f4b31032000 r--s 00346000 08:01 1067112                    /usr/lib/jvm/java-8-openjdk-amd64/jre/lib/resources.jar
7f4b31032000-7f4b31033000 r-xp 00000000 08:01 1067050                    /usr/lib/jvm/java-8-openjdk-amd64/jre/lib/amd64/libjaas_unix.so
7f4b31033000-7f4b31232000 ---p 00001000 08:01 1067050                    /usr/lib/jvm/java-8-openjdk-amd64/jre/lib/amd64/libjaas_unix.so
7f4b31232000-7f4b31233000 r--p 00000000 08:01 1067050                    /usr/lib/jvm/java-8-openjdk-amd64/jre/lib/amd64/libjaas_unix.so
7f4b31233000-7f4b31234000 rw-p 00001000 08:01 1067050                    /usr/lib/jvm/java-8-openjdk-amd64/jre/lib/amd64/libjaas_unix.so
7f4b31234000-7f4b31237000 ---p 00000000 00:00 0 
7f4b31237000-7f4b31335000 rw-p 00000000 00:00 0 
7f4b31335000-7f4b31338000 ---p 00000000 00:00 0 
7f4b31338000-7f4b3156e000 rw-p 00000000 00:00 0 
7f4b3156e000-7f4b31577000 r-xp 00000000 08:01 1067060                    /usr/lib/jvm/java-8-openjdk-amd64/jre/lib/amd64/libmanagement.so
7f4b31577000-7f4b31776000 ---p 00009000 08:01 1067060                    /usr/lib/jvm/java-8-openjdk-amd64/jre/lib/amd64/libmanagement.so
7f4b31776000-7f4b31777000 r--p 00008000 08:01 1067060                    /usr/lib/jvm/java-8-openjdk-amd64/jre/lib/amd64/libmanagement.so
7f4b31777000-7f4b31778000 rw-p 00009000 08:01 1067060                    /usr/lib/jvm/java-8-openjdk-amd64/jre/lib/amd64/libmanagement.so
7f4b31778000-7f4b31978000 rw-p 00000000 00:00 0 
7f4b31978000-7f4b3198f000 r-xp 00000000 08:01 659349                     /lib/x86_64-linux-gnu/libresolv-2.27.so
7f4b3198f000-7f4b31b8f000 ---p 00017000 08:01 659349                     /lib/x86_64-linux-gnu/libresolv-2.27.so
7f4b31b8f000-7f4b31b90000 r--p 00017000 08:01 659349                     /lib/x86_64-linux-gnu/libresolv-2.27.so
7f4b31b90000-7f4b31b91000 rw-p 00018000 08:01 659349                     /lib/x86_64-linux-gnu/libresolv-2.27.so
7f4b31b91000-7f4b31b93000 rw-p 00000000 00:00 0 
7f4b31b93000-7f4b31b98000 r-xp 00000000 08:01 659298                     /lib/x86_64-linux-gnu/libnss_dns-2.27.so
7f4b31b98000-7f4b31d98000 ---p 00005000 08:01 659298                     /lib/x86_64-linux-gnu/libnss_dns-2.27.so
7f4b31d98000-7f4b31d99000 r--p 00005000 08:01 659298                     /lib/x86_64-linux-gnu/libnss_dns-2.27.so
7f4b31d99000-7f4b31d9a000 rw-p 00006000 08:01 659298                     /lib/x86_64-linux-gnu/libnss_dns-2.27.so
7f4b31d9a000-7f4b31d9c000 r-xp 00000000 08:01 659306                     /lib/x86_64-linux-gnu/libnss_mdns4_minimal.so.2
7f4b31d9c000-7f4b31f9b000 ---p 00002000 08:01 659306                     /lib/x86_64-linux-gnu/libnss_mdns4_minimal.so.2
7f4b31f9b000-7f4b31f9c000 r--p 00001000 08:01 659306                     /lib/x86_64-linux-gnu/libnss_mdns4_minimal.so.2
7f4b31f9c000-7f4b31f9d000 rw-p 00002000 08:01 659306                     /lib/x86_64-linux-gnu/libnss_mdns4_minimal.so.2
7f4b31fa2000-7f4b31fa7000 r--s 002f9000 08:01 1067074                    /usr/lib/jvm/java-8-openjdk-amd64/jre/lib/charsets.jar
7f4b31fa7000-7f4b31fa9000 r--s 00016000 08:01 1067105                    /usr/lib/jvm/java-8-openjdk-amd64/jre/lib/jce.jar
7f4b31fa9000-7f4b31faa000 r--p 00000000 08:01 791466                     /usr/share/locale-langpack/en_GB/LC_MESSAGES/libc.mo
7f4b31faa000-7f4b31faf000 r--s 000a7000 08:01 1067107                    /usr/lib/jvm/java-8-openjdk-amd64/jre/lib/jsse.jar
7f4b31faf000-7f4b321af000 rw-p 00000000 00:00 0 
7f4b321af000-7f4b321bf000 r--s 00133000 08:01 531452                     /usr/local/spark/jars/arrow-vector-0.10.0.jar
7f4b321bf000-7f4b321f0000 rw-p 00000000 00:00 0 
7f4b321f0000-7f4b32207000 r-xp 00000000 08:01 1067062                    /usr/lib/jvm/java-8-openjdk-amd64/jre/lib/amd64/libnet.so
7f4b32207000-7f4b32406000 ---p 00017000 08:01 1067062                    /usr/lib/jvm/java-8-openjdk-amd64/jre/lib/amd64/libnet.so
7f4b32406000-7f4b32407000 r--p 00016000 08:01 1067062                    /usr/lib/jvm/java-8-openjdk-amd64/jre/lib/amd64/libnet.so
7f4b32407000-7f4b32408000 rw-p 00017000 08:01 1067062                    /usr/lib/jvm/java-8-openjdk-amd64/jre/lib/amd64/libnet.so
7f4b32408000-7f4b3241a000 r-xp 00000000 08:01 1067063                    /usr/lib/jvm/java-8-openjdk-amd64/jre/lib/amd64/libnio.so
7f4b3241a000-7f4b32619000 ---p 00012000 08:01 1067063                    /usr/lib/jvm/java-8-openjdk-amd64/jre/lib/amd64/libnio.so
7f4b32619000-7f4b3261a000 r--p 00011000 08:01 1067063                    /usr/lib/jvm/java-8-openjdk-amd64/jre/lib/amd64/libnio.so
7f4b3261a000-7f4b3261b000 rw-p 00012000 08:01 1067063                    /usr/lib/jvm/java-8-openjdk-amd64/jre/lib/amd64/libnio.so
7f4b3261b000-7f4b3263e000 rw-p 00000000 00:00 0 
7f4b3263e000-7f4b32735000 r--s 00c69000 08:01 531409                     /usr/local/spark/jars/spark-core_2.11-2.4.6.jar
7f4b32735000-7f4b32743000 r--s 000b1000 08:01 531386                     /usr/local/spark/jars/jackson-mapper-asl-1.9.13.jar
7f4b32743000-7f4b32746000 r--s 00015000 08:01 531540                     /usr/local/spark/jars/javax.servlet-api-3.1.0.jar
7f4b32746000-7f4b32749000 r--s 0000f000 08:01 531557                     /usr/local/spark/jars/spark-network-shuffle_2.11-2.4.6.jar
7f4b32749000-7f4b3274a000 r--s 00003000 08:01 531389                     /usr/local/spark/jars/xmlenc-0.52.jar
7f4b3274a000-7f4b3274c000 r--s 00014000 08:01 531486                     /usr/local/spark/jars/spire-macros_2.11-0.13.0.jar
7f4b3274c000-7f4b32780000 r--s 00277000 08:01 531521                     /usr/local/spark/jars/parquet-hadoop-bundle-1.6.0.jar
7f4b32780000-7f4b32796000 r--s 00124000 08:01 531351                     /usr/local/spark/jars/ivy-2.4.0.jar
7f4b32796000-7f4b327b3000 r--s 001d5000 08:01 531437                     /usr/local/spark/jars/hadoop-yarn-api-2.7.3.jar
7f4b327b3000-7f4b32816000 r--s 004de000 08:01 531435                     /usr/local/spark/jars/hive-metastore-1.2.1.spark2.jar
7f4b32816000-7f4b3281d000 r--s 00039000 08:01 531399                     /usr/local/spark/jars/calcite-avatica-1.2.0-incubating.jar
7f4b3281d000-7f4b32836000 r--s 00150000 08:01 531358                     /usr/local/spark/jars/htrace-core-3.1.0-incubating.jar
7f4b32836000-7f4b3284f000 r--s 0012c000 08:01 531439                     /usr/local/spark/jars/netty-3.9.9.Final.jar
7f4b3284f000-7f4b32854000 r--s 0004e000 08:01 531478                     /usr/local/spark/jars/datanucleus-api-jdo-3.2.6.jar
7f4b32854000-7f4b32857000 r--s 00014000 08:01 531466                     /usr/local/spark/jars/json4s-ast_2.11-3.5.3.jar
7f4b32857000-7f4b3285b000 r--s 00028000 08:01 531432                     /usr/local/spark/jars/jetty-util-6.1.26.jar
7f4b3285b000-7f4b32872000 r--s 00183000 08:01 531396                     /usr/local/spark/jars/hadoop-yarn-common-2.7.3.jar
7f4b32872000-7f4b3287f000 r--s 0009c000 08:01 531420                     /usr/local/spark/jars/json4s-core_2.11-3.5.3.jar
7f4b3287f000-7f4b3288c000 r--s 000b1000 08:01 531403                     /usr/local/spark/jars/hadoop-mapreduce-client-common-2.7.3.jar
7f4b3288c000-7f4b32890000 r--s 0002a000 08:01 531384                     /usr/local/spark/jars/breeze-macros_2.11-0.13.2.jar
7f4b32890000-7f4b32894000 r--s 00029000 08:01 531352                     /usr/local/spark/jars/hk2-locator-2.4.0-b34.jar
7f4b32894000-7f4b328ed000 r--s 00523000 08:01 531405                     /usr/local/spark/jars/scala-library-2.11.12.jar
7f4b328ed000-7f4b328ef000 r--s 0000f000 08:01 531496                     /usr/local/spark/jars/curator-client-2.7.1.jar
7f4b328ef000-7f4b329ad000 r--s 00910000 08:01 531465                     /usr/local/spark/jars/spark-catalyst_2.11-2.4.6.jar
7f4b329ad000-7f4b329b3000 r--s 0004c000 08:01 531481                     /usr/local/spark/jars/antlr4-runtime-4.7.jar
7f4b329b3000-7f4b329be000 r--s 000bc000 08:01 531500                     /usr/local/spark/jars/orc-mapreduce-1.5.5-nohive.jar
7f4b329be000-7f4b329c0000 r--s 00006000 08:01 531505                     /usr/local/spark/jars/spark-sketch_2.11-2.4.6.jar
7f4b329c0000-7f4b329cb000 r--s 000b0000 08:01 531502                     /usr/local/spark/jars/jtransforms-2.4.0.jar
7f4b329cb000-7f4b329cd000 r--s 00014000 08:01 531534                     /usr/local/spark/jars/okio-1.15.0.jar
7f4b329cd000-7f4b329d0000 r--s 00019000 08:01 531422                     /usr/local/spark/jars/bonecp-0.8.0.RELEASE.jar
7f4b329d0000-7f4b329d4000 r--s 00029000 08:01 531510                     /usr/local/spark/jars/spark-mllib-local_2.11-2.4.6.jar
7f4b329d4000-7f4b329d8000 r--s 0002a000 08:01 531343                     /usr/local/spark/jars/avro-mapred-1.8.2-hadoop2.jar
7f4b329d8000-7f4b32ac2000 r--s 009a3000 08:01 531425                     /usr/local/spark/jars/kubernetes-model-4.6.1.jar
7f4b32ac2000-7f4b32b2d000 r--s 00784000 08:01 531533                     /usr/local/spark/jars/hadoop-hdfs-2.7.3.jar
7f4b32b2d000-7f4b32b2f000 r--s 00007000 08:01 531397                     /usr/local/spark/jars/zjsonpatch-0.3.0.jar
7f4b32b2f000-7f4b32b32000 r--s 00015000 08:01 531514                     /usr/local/spark/jars/commons-pool-1.5.4.jar
7f4b32b32000-7f4b32b40000 r--s 00089000 08:01 531388                     /usr/local/spark/jars/json4s-scalap_2.11-3.5.3.jar
7f4b32b40000-7f4b32b44000 r--s 0004c000 08:01 531457                     /usr/local/spark/jars/RoaringBitmap-0.7.45.jar
7f4b32b44000-7f4b32b47000 r--s 00014000 08:01 531408                     /usr/local/spark/jars/super-csv-2.2.0.jar
7f4b32b47000-7f4b32b4a000 r--s 00016000 08:01 531475                     /usr/local/spark/jars/jsp-api-2.1.jar
7f4b32b4a000-7f4b32b4b000 r--s 00002000 08:01 531344                     /usr/local/spark/jars/slf4j-log4j12-1.7.16.jar
7f4b32b4b000-7f4b32b63000 r--s 000d6000 08:01 531544                     /usr/local/spark/jars/jersey-guava-2.22.2.jar
7f4b32b63000-7f4b32b66000 r--s 00015000 08:01 531482                     /usr/local/spark/jars/pyrolite-4.13.jar
7f4b32b66000-7f4b32b67000 r--s 0000a000 08:01 531423                     /usr/local/spark/jars/apacheds-i18n-2.0.0-M15.jar
7f4b32b67000-7f4b32b6a000 r--s 00058000 08:01 531563                     /usr/local/spark/jars/lz4-java-1.4.0.jar
7f4b32b6a000-7f4b32b6b000 r--s 00006000 08:01 531564                     /usr/local/spark/jars/hadoop-client-2.7.3.jar
7f4b32b6b000-7f4b32b6d000 r--s 00027000 08:01 531392                     /usr/local/spark/jars/core-1.1.2.jar
7f4b32b6d000-7f4b32b6e000 r--s 00003000 08:01 531360                     /usr/local/spark/jars/spark-tags_2.11-2.4.6.jar
7f4b32b6e000-7f4b32b72000 r--s 0003c000 08:01 531359                     /usr/local/spark/jars/jackson-core-2.6.7.jar
7f4b32b72000-7f4b32b76000 r--s 0002a000 08:01 531474                     /usr/local/spark/jars/commons-io-2.4.jar
7f4b32b76000-7f4b32b79000 r--s 00028000 08:01 531411                     /usr/local/spark/jars/stream-2.7.0.jar
7f4b32b79000-7f4b32b7c000 r--s 000fd000 08:01 531434                     /usr/local/spark/jars/leveldbjni-all-1.8.jar
7f4b32b7c000-7f4b32b81000 r--s 00027000 08:01 531370                     /usr/local/spark/jars/hk2-api-2.4.0-b34.jar
7f4b32b81000-7f4b32b83000 r--s 00002000 08:01 531402                     /usr/local/spark/jars/aopalliance-repackaged-2.4.0-b34.jar
7f4b32b83000-7f4b32b85000 r--s 00003000 08:01 531374                     /usr/local/spark/jars/jersey-container-servlet-2.22.2.jar
7f4b32b85000-7f4b32b93000 r--s 000d5000 08:01 531361                     /usr/local/spark/jars/janino-3.0.16.jar
7f4b32b93000-7f4b32b97000 r--s 00025000 08:01 531449                     /usr/local/spark/jars/antlr-runtime-3.4.jar
7f4b32b97000-7f4b32b99000 r--s 00009000 08:01 531377                     /usr/local/spark/jars/commons-cli-1.2.jar
7f4b32b99000-7f4b32bb2000 r--s 00164000 08:01 531471                     /usr/local/spark/jars/hadoop-mapreduce-client-core-2.7.3.jar
7f4b32bb2000-7f4b32bb4000 r--s 0001f000 08:01 531441                     /usr/local/spark/jars/commons-crypto-1.0.0.jar
7f4b32bb4000-7f4b32bf5000 r--s 006c0000 08:01 531513                     /usr/local/spark/jars/mesos-1.4.0-shaded-protobuf.jar
7f4b32bf5000-7f4b32c3b000 r--s 00317000 08:01 531431                     /usr/local/spark/jars/shapeless_2.11-2.3.2.jar
7f4b32c3b000-7f4b32c3c000 r--s 00000000 08:01 531404                     /usr/local/spark/jars/javax.inject-1.jar
7f4b32c3c000-7f4b32c41000 r--s 00027000 08:01 531390                     /usr/local/spark/jars/automaton-1.11-8.jar
7f4b32c41000-7f4b32c42000 r--s 00002000 08:01 531354                     /usr/local/spark/jars/flatbuffers-1.2.0-3f79e055.jar
7f4b32c42000-7f4b32c4e000 r--s 000b6000 08:01 531364                     /usr/local/spark/jars/zookeeper-3.4.6.jar
7f4b32c4e000-7f4b32c50000 r--s 0000c000 08:01 531429                     /usr/local/spark/jars/spark-kvstore_2.11-2.4.6.jar
7f4b32c50000-7f4b32c5b000 r--s 000c5000 08:01 531476                     /usr/local/spark/jars/parquet-encoding-1.10.1.jar
7f4b32c5b000-7f4b32c7c000 r--s 0019b000 08:01 531362                     /usr/local/spark/jars/spark-hive-thriftserver_2.11-2.4.6.jar
7f4b32c7c000-7f4b32c7f000 r--s 00009000 08:01 531416                     /usr/local/spark/jars/jackson-annotations-2.6.7.jar
7f4b32c7f000-7f4b32c80000 r--s 00004000 08:01 531380                     /usr/local/spark/jars/jackson-jaxrs-1.9.13.jar
7f4b32c80000-7f4b32c87000 r--s 0003f000 08:01 531480                     /usr/local/spark/jars/commons-codec-1.10.jar
7f4b32c87000-7f4b32c8f000 r--s 0006e000 08:01 531454                     /usr/local/spark/jars/commons-lang3-3.5.jar
7f4b32c8f000-7f4b32c92000 r--s 00026000 08:01 531484                     /usr/local/spark/jars/hadoop-yarn-client-2.7.3.jar
7f4b32c92000-7f4b32c95000 r--s 00022000 08:01 531347                     /usr/local/spark/jars/stringtemplate-3.2.1.jar
7f4b32c95000-7f4b32ca2000 r--s 00083000 08:01 531558                     /usr/local/spark/jars/commons-collections-3.2.2.jar
7f4b32ca2000-7f4b32ca7000 r--s 00041000 08:01 531526                     /usr/local/spark/jars/xbean-asm6-shaded-4.8.jar
7f4b32ca7000-7f4b32cad000 r--s 00062000 08:01 531560                     /usr/local/spark/jars/okhttp-3.12.0.jar
7f4b32cad000-7f4b32ce4000 r--s 00325000 08:01 531549                     /usr/local/spark/jars/calcite-core-1.2.0-incubating.jar
7f4b32ce4000-7f4b32ce9000 r--s 0002a000 08:01 531551                     /usr/local/spark/jars/gson-2.2.4.jar
7f4b32ce9000-7f4b32ceb000 r--s 00012000 08:01 531424                     /usr/local/spark/jars/compress-lzf-1.0.3.jar
7f4b32ceb000-7f4b32cf0000 r--s 00041000 08:01 531515                     /usr/local/spark/jars/commons-lang-2.6.jar
7f4b32cf0000-7f4b32d02000 r--s 00097000 08:01 531341                     /usr/local/spark/jars/apacheds-kerberos-codec-2.0.0-M15.jar
7f4b32d02000-7f4b32d03000 r--s 00007000 08:01 531460                     /usr/local/spark/jars/jackson-module-jaxb-annotations-2.6.7.jar
7f4b32d03000-7f4b32d04000 r--s 00004000 08:01 531525                     /usr/local/spark/jars/opencsv-2.3.jar
7f4b32d04000-7f4b32d12000 r--s 000a3000 08:01 531489                     /usr/local/spark/jars/parquet-format-2.4.0.jar
7f4b32d12000-7f4b32d28000 r--s 000d3000 08:01 531400                     /usr/local/spark/jars/jersey-server-2.22.2.jar
7f4b32d28000-7f4b32d2c000 r--s 00014000 08:01 531349                     /usr/local/spark/jars/parquet-common-1.10.1.jar
7f4b32d2c000-7f4b32d33000 r--s 0007d000 08:01 531538                     /usr/local/spark/jars/jetty-6.1.26.jar
7f4b32d33000-7f4b32d37000 r--s 0001a000 08:01 531445                     /usr/local/spark/jars/metrics-core-3.1.5.jar
7f4b32d37000-7f4b32d3b000 r--s 0000c000 08:01 531428                     /usr/local/spark/jars/validation-api-1.1.0.Final.jar
7f4b32d3b000-7f4b32dce000 r--s 00716000 08:01 531369                     /usr/local/spark/jars/spark-mllib_2.11-2.4.6.jar
7f4b32dce000-7f4b32dcf000 r--s 00003000 08:01 531394                     /usr/local/spark/jars/jta-1.1.jar
7f4b32dcf000-7f4b32dd9000 r--s 0007b000 08:01 531447                     /usr/local/spark/jars/hadoop-mapreduce-client-app-2.7.3.jar
7f4b32dd9000-7f4b32dde000 r--s 00038000 08:01 531427                     /usr/local/spark/jars/commons-beanutils-1.9.4.jar
7f4b32dde000-7f4b32e0d000 r--s 0021a000 08:01 531461                     /usr/local/spark/jars/spark-network-common_2.11-2.4.6.jar
7f4b32e0d000-7f4b32e31000 r--s 001cd000 08:01 531348                     /usr/local/spark/jars/commons-math3-3.4.1.jar
7f4b32e31000-7f4b32ef7000 r--s 008af000 08:01 531523                     /usr/local/spark/jars/spark-sql_2.11-2.4.6.jar
7f4b32ef7000-7f4b32efa000 r--s 0001e000 08:01 531487                     /usr/local/spark/jars/aircompressor-0.10.jar
7f4b32efa000-7f4b32f07000 r--s 00077000 08:01 531555                     /usr/local/spark/jars/spark-kubernetes_2.11-2.4.6.jar
7f4b32f07000-7f4b32f09000 r--s 0001c000 08:01 531528                     /usr/local/spark/jars/py4j-0.10.7.jar
7f4b32f09000-7f4b32f18000 r--s 00096000 08:01 531353                     /usr/local/spark/jars/spark-yarn_2.11-2.4.6.jar
7f4b32f18000-7f4b32f1a000 r--s 00012000 08:01 531468                     /usr/local/spark/jars/arrow-memory-0.10.0.jar
7f4b32f1a000-7f4b32f20000 r--s 0002c000 08:01 531395                     /usr/local/spark/jars/jdo-api-3.0.1.jar
7f4b32f20000-7f4b32f56000 r--s 0031c000 08:01 531503                     /usr/local/spark/jars/hadoop-common-2.7.3.jar
7f4b32f56000-7f4b32f63000 r--s 0009b000 08:01 531346                     /usr/local/spark/jars/kubernetes-client-4.6.1.jar
7f4b32f63000-7f4b32f84000 r--s 0015c000 08:01 531469                     /usr/local/spark/jars/avro-1.8.2.jar
7f4b32f84000-7f4b32f85000 r--s 00002000 08:01 531365                     /usr/local/spark/jars/jpam-1.1.jar
7f4b32f85000-7f4b32f8d000 r--s 00059000 08:01 531413                     /usr/local/spark/jars/javolution-5.5.1.jar
7f4b32f8d000-7f4b32f90000 r--s 00025000 08:01 531433                     /usr/local/spark/jars/commons-dbcp-1.4.jar
7f4b32f90000-7f4b32f92000 r--s 00012000 08:01 531436                     /usr/local/spark/jars/api-util-1.0.0-M20.jar
7f4b32f92000-7f4b32f98000 r--s 00034000 08:01 531412                     /usr/local/spark/jars/libthrift-0.9.3.jar
7f4b32f98000-7f4b32f9c000 r--s 00020000 08:01 531492                     /usr/local/spark/jars/commons-digester-1.8.jar
7f4b32f9c000-7f4b32fa2000 r--s 00028000 08:01 531522                     /usr/local/spark/jars/curator-framework-2.7.1.jar
7f4b32fa2000-7f4b32fcb000 r--s 001ee000 08:01 531508                     /usr/local/spark/jars/guava-14.0.1.jar
7f4b32fcb000-7f4b32fce000 r--s 0000f000 08:01 531464                     /usr/local/spark/jars/commons-compiler-3.0.16.jar
7f4b32fce000-7f4b32fcf000 r--s 00009000 08:01 531504                     /usr/local/spark/jars/hive-cli-1.2.1.spark2.jar
7f4b32fcf000-7f4b32fd3000 r--s 00019000 08:01 531376                     /usr/local/spark/jars/javax.ws.rs-api-2.0.1.jar
7f4b32fd3000-7f4b3303e000 r--s 0093d000 08:01 531529                     /usr/local/spark/jars/spire_2.11-0.13.0.jar
7f4b3303e000-7f4b33040000 r--s 0000e000 08:01 531485                     /usr/local/spark/jars/commons-logging-1.1.3.jar
7f4b33040000-7f4b33042000 r--s 0000e000 08:01 531363                     /usr/local/spark/jars/hadoop-mapreduce-client-jobclient-2.7.3.jar
7f4b33042000-7f4b3305d000 r--s 00131000 08:01 531443                     /usr/local/spark/jars/spark-hive_2.11-2.4.6.jar
7f4b3305d000-7f4b3305f000 r--s 00010000 08:01 531524                     /usr/local/spark/jars/jersey-media-jaxb-2.22.2.jar
7f4b3305f000-7f4b33082000 rw-p 00000000 00:00 0 
7f4b33082000-7f4b3315a000 r--s 00d92000 08:01 531554                     /usr/local/spark/jars/breeze_2.11-0.13.2.jar
7f4b3315a000-7f4b3316b000 r--s 0010c000 08:01 531421                     /usr/local/spark/jars/jackson-databind-2.6.7.3.jar
7f4b3316b000-7f4b33175000 r--s 0009a000 08:01 531371                     /usr/local/spark/jars/scala-xml_2.11-1.0.5.jar
7f4b33175000-7f4b33177000 r--s 0000d000 08:01 531406                     /usr/local/spark/jars/chill-java-0.9.3.jar
7f4b33177000-7f4b33188000 r--s 00097000 08:01 531385                     /usr/local/spark/jars/spark-mesos_2.11-2.4.6.jar
7f4b33188000-7f4b33189000 r--s 00000000 08:01 531520                     /usr/local/spark/jars/macro-compat_2.11-1.1.1.jar
7f4b33189000-7f4b3318b000 r--s 00011000 08:01 531415                     /usr/local/spark/jars/spark-launcher_2.11-2.4.6.jar
7f4b3318b000-7f4b33193000 r--s 0003b000 08:01 531430                     /usr/local/spark/jars/curator-recipes-2.7.1.jar
7f4b33193000-7f4b331ab000 r--s 00115000 08:01 531387                     /usr/local/spark/jars/xercesImpl-2.9.1.jar
7f4b331ab000-7f4b331ac000 r--s 00009000 08:01 531462                     /usr/local/spark/jars/hadoop-annotations-2.7.3.jar
7f4b331ac000-7f4b331ae000 r--s 00008000 08:01 531438                     /usr/local/spark/jars/metrics-jvm-3.1.5.jar
7f4b331ae000-7f4b331b2000 r--s 0001e000 08:01 531418                     /usr/local/spark/jars/spark-repl_2.11-2.4.6.jar
7f4b331b2000-7f4b331b6000 r--s 00036000 08:01 531479                     /usr/local/spark/jars/ST4-4.0.4.jar
7f4b331b6000-7f4b331b8000 r--s 00000000 08:01 531444                     /usr/local/spark/jars/aopalliance-1.0.jar
7f4b331b8000-7f4b331ba000 r--s 0000b000 08:01 531473                     /usr/local/spark/jars/arrow-format-0.10.0.jar
7f4b331ba000-7f4b331bb000 r--s 00004000 08:01 531491                     /usr/local/spark/jars/eigenbase-properties-1.1.5.jar
7f4b331bb000-7f4b331c3000 r--s 00066000 08:01 531456                     /usr/local/spark/jars/apache-log4j-extras-1.2.17.jar
7f4b331c3000-7f4b331c5000 r--s 00010000 08:01 531467                     /usr/local/spark/jars/hadoop-mapreduce-client-shuffle-2.7.3.jar
7f4b331c5000-7f4b331c7000 r--s 00005000 08:01 531356                     /usr/local/spark/jars/stax-api-1.0.1.jar
7f4b331c7000-7f4b331c9000 r--s 00017000 08:01 531375                     /usr/local/spark/jars/hive-jdbc-1.2.1.spark2.jar
7f4b331c9000-7f4b331cb000 r--s 00009000 08:01 531548                     /usr/local/spark/jars/jackson-module-paranamer-2.7.9.jar
7f4b331cb000-7f4b33274000 r--s 00a4f000 08:01 531494                     /usr/local/spark/jars/hive-exec-1.2.1.spark2.jar
7f4b33274000-7f4b33276000 r--s 00001000 08:01 531541                     /usr/local/spark/jars/spark-tags_2.11-2.4.6-tests.jar
7f4b33276000-7f4b33288000 r--s 00112000 08:01 531546                     /usr/local/spark/jars/arpack_combined_all-0.1.jar
7f4b33288000-7f4b3328b000 r--s 00006000 08:01 531561                     /usr/local/spark/jars/jsr305-1.3.9.jar
7f4b3328b000-7f4b3328c000 r--s 00000000 08:01 531382                     /usr/local/spark/jars/kubernetes-model-common-4.6.1.jar
7f4b3328c000-7f4b332a4000 r--s 001b6000 08:01 531559                     /usr/local/spark/jars/datanucleus-core-3.2.10.jar
7f4b332a4000-7f4b332ac000 r--s 0007b000 08:01 531345                     /usr/local/spark/jars/protobuf-java-2.5.0.jar
7f4b332ac000-7f4b332b9000 r--s 000af000 08:01 531398                     /usr/local/spark/jars/httpclient-4.5.6.jar
7f4b332b9000-7f4b332bb000 r--s 00020000 08:01 531506                     /usr/local/spark/jars/hive-beeline-1.2.1.spark2.jar
7f4b332bb000-7f4b332c8000 r--s 00071000 08:01 531536                     /usr/local/spark/jars/jackson-module-scala_2.11-2.6.7.1.jar
7f4b332c8000-7f4b332c9000 r--s 00008000 08:01 531495                     /usr/local/spark/jars/machinist_2.11-0.6.1.jar
7f4b332c9000-7f4b332cf000 r--s 00063000 08:01 531383                     /usr/local/spark/jars/jodd-core-3.5.2.jar
7f4b332cf000-7f4b332d4000 r--s 0003e000 08:01 531367                     /usr/local/spark/jars/commons-net-3.1.jar
7f4b332d4000-7f4b33303000 r--s 001e4000 08:01 531393                     /usr/local/spark/jars/spark-streaming_2.11-2.4.6.jar
7f4b33303000-7f4b3330e000 r--s 00062000 08:01 531507                     /usr/local/spark/jars/calcite-linq4j-1.2.0-incubating.jar
7f4b3330e000-7f4b33315000 r--s 00058000 08:01 531556                     /usr/local/spark/jars/hadoop-yarn-server-common-2.7.3.jar
7f4b33315000-7f4b33316000 r--s 00004000 08:01 531537                     /usr/local/spark/jars/osgi-resource-locator-1.0.1.jar
7f4b33316000-7f4b3331a000 r--s 00025000 08:01 531483                     /usr/local/spark/jars/jersey-client-2.22.2.jar
7f4b3331a000-7f4b3331f000 r--s 00035000 08:01 531368                     /usr/local/spark/jars/chill_2.11-0.9.3.jar
7f4b3331f000-7f4b33321000 r--s 00005000 08:01 531458                     /usr/local/spark/jars/javax.annotation-api-1.2.jar
7f4b33321000-7f4b33325000 r--s 0001a000 08:01 531446                     /usr/local/spark/jars/hk2-utils-2.4.0-b34.jar
7f4b33325000-7f4b33346000 r--s 00177000 08:01 531517                     /usr/local/spark/jars/hppc-0.7.2.jar
7f4b33346000-7f4b33348000 r--s 0000d000 08:01 531519                     /usr/local/spark/jars/hadoop-yarn-server-web-proxy-2.7.3.jar
7f4b33348000-7f4b33350000 r--s 0005b000 08:01 531407                     /usr/local/spark/jars/univocity-parsers-2.7.3.jar
7f4b33350000-7f4b33352000 r--s 0000b000 08:01 531562                     /usr/local/spark/jars/spark-unsafe_2.11-2.4.6.jar
7f4b33352000-7f4b33356000 r--s 00015000 08:01 531451                     /usr/local/spark/jars/xz-1.5.jar
7f4b33356000-7f4b33358000 r--s 00004000 08:01 531372                     /usr/local/spark/jars/metrics-graphite-3.1.5.jar
7f4b33358000-7f4b3335b000 r--s 0000e000 08:01 531493                     /usr/local/spark/jars/jersey-container-servlet-core-2.22.2.jar
7f4b3335b000-7f4b3335d000 r--s 00002000 08:01 531501                     /usr/local/spark/jars/logging-interceptor-3.12.0.jar
7f4b3335d000-7f4b333aa000 r--s 0041c000 08:01 531379                     /usr/local/spark/jars/scala-reflect-2.11.12.jar
7f4b333aa000-7f4b333b3000 r--s 00046000 08:01 531401                     /usr/local/spark/jars/jackson-dataformat-yaml-2.6.7.jar
7f4b333b3000-7f4b333bc000 r--s 0006f000 08:01 531381                     /usr/local/spark/jars/log4j-1.2.17.jar
7f4b333bc000-7f4b333c4000 r--s 0005d000 08:01 531535                     /usr/local/spark/jars/kryo-shaded-4.0.2.jar
7f4b333c4000-7f4b333c7000 r--s 0001e000 08:01 531378                     /usr/local/spark/jars/avro-ipc-1.8.2.jar
7f4b333c7000-7f4b333f6000 r--s 002e5000 08:01 531550                     /usr/local/spark/jars/derby-10.12.1.1.jar
7f4b333f6000-7f4b333f8000 r--s 00003000 08:01 531527                     /usr/local/spark/jars/JavaEWAH-0.3.2.jar
7f4b333f8000-7f4b3340c000 r--s 000ec000 08:01 531532                     /usr/local/spark/jars/parquet-jackson-1.10.1.jar
7f4b3340c000-7f4b3340d000 r--s 00000000 08:01 531414                     /usr/local/spark/jars/shims-0.7.45.jar
7f4b3340d000-7f4b3340e000 r--s 00006000 08:01 531553                     /usr/local/spark/jars/jackson-xc-1.9.13.jar
7f4b3340e000-7f4b33411000 r--s 001d6000 08:01 531531                     /usr/local/spark/jars/snappy-java-1.1.7.5.jar
7f4b33411000-7f4b33412000 r--s 00003000 08:01 531455                     /usr/local/spark/jars/metrics-json-3.1.5.jar
7f4b33412000-7f4b33414000 r--s 0000a000 08:01 531497                     /usr/local/spark/jars/json4s-jackson_2.11-3.5.3.jar
7f4b33414000-7f4b33416000 r--s 0000e000 08:01 531490                     /usr/local/spark/jars/guice-servlet-3.0.jar
7f4b33416000-7f4b33419000 r--s 0000b000 08:01 531547                     /usr/local/spark/jars/objenesis-2.5.1.jar
7f4b33419000-7f4b3341b000 r--s 00238000 08:01 531355                     /usr/local/spark/jars/zstd-jni-1.3.2-2.jar
7f4b3341b000-7f4b33425000 r--s 000a5000 08:01 531357                     /usr/local/spark/jars/javassist-3.18.1-GA.jar
7f4b33425000-7f4b33426000 r--s 00006000 08:01 531516                     /usr/local/spark/jars/orc-shims-1.5.5.jar
7f4b33426000-7f4b3342d000 r--s 00049000 08:01 531470                     /usr/local/spark/jars/httpcore-4.4.10.jar
7f4b3342d000-7f4b3343e000 r--s 00089000 08:01 531539                     /usr/local/spark/jars/joda-time-2.9.3.jar
7f4b3343e000-7f4b33457000 r--s 000f4000 08:01 531509                     /usr/local/spark/jars/parquet-column-1.10.1.jar
7f4b33457000-7f4b3345e000 r--s 00046000 08:01 531442                     /usr/local/spark/jars/libfb303-0.9.3.jar
7f4b3345e000-7f4b3346c000 r--s 0009d000 08:01 531440                     /usr/local/spark/jars/jersey-common-2.22.2.jar
7f4b3346c000-7f4b3346d000 r--s 00003000 08:01 531426                     /usr/local/spark/jars/generex-1.0.2.jar
7f4b3346d000-7f4b3346f000 r--s 00007000 08:01 531417                     /usr/local/spark/jars/paranamer-2.8.jar
7f4b3346f000-7f4b3347e000 r--s 0009f000 08:01 531545                     /usr/local/spark/jars/guice-3.0.jar
7f4b3347e000-7f4b3347f000 r--s 00001000 08:01 531511                     /usr/local/spark/jars/javax.inject-2.4.0-b34.jar
7f4b3347f000-7f4b3348c000 r--s 000a0000 08:01 531373                     /usr/local/spark/jars/spark-graphx_2.11-2.4.6.jar
7f4b3348c000-7f4b33490000 r--s 00035000 08:01 531498                     /usr/local/spark/jars/jackson-core-asl-1.9.13.jar
7f4b33490000-7f4b33494000 r--s 0003e000 08:01 531448                     /usr/local/spark/jars/jline-2.14.6.jar
7f4b33494000-7f4b33496000 r--s 00003000 08:01 531342                     /usr/local/spark/jars/jcl-over-slf4j-1.7.16.jar
7f4b33496000-7f4b33498000 r--s 00004000 08:01 531518                     /usr/local/spark/jars/stax-api-1.0-2.jar
7f4b33498000-7f4b3349e000 r--s 00043000 08:01 531552                     /usr/local/spark/jars/commons-configuration-1.6.jar
7f4b3349e000-7f4b3349f000 r--s 00001000 08:01 531499                     /usr/local/spark/jars/minlog-1.3.0.jar
7f4b3349f000-7f4b334a6000 r--s 00053000 08:01 531477                     /usr/local/spark/jars/commons-compress-1.8.1.jar
7f4b334a6000-7f4b334ab000 r--s 00041000 08:01 531488                     /usr/local/spark/jars/parquet-hadoop-1.10.1.jar
7f4b334ab000-7f4b334ac000 r--s 00009000 08:01 531472                     /usr/local/spark/jars/slf4j-api-1.7.16.jar
7f4b334ac000-7f4b334f3000 r--s 003af000 08:01 531450                     /usr/local/spark/jars/netty-all-4.1.47.Final.jar
7f4b334f3000-7f4b334f5000 r--s 00003000 08:01 531340                     /usr/local/spark/jars/api-asn1-api-1.0.0-M20.jar
7f4b334f5000-7f4b334f8000 r--s 00017000 08:01 531350                     /usr/local/spark/jars/jaxb-api-2.2.2.jar
7f4b334f8000-7f4b334fe000 r--s 00045000 08:01 531512                     /usr/local/spark/jars/commons-httpclient-3.1.jar
7f4b334fe000-7f4b33500000 r--s 0000f000 08:01 531459                     /usr/local/spark/jars/activation-1.1.1.jar
7f4b33500000-7f4b33501000 r--s 0000b000 08:01 531463                     /usr/local/spark/jars/snappy-0.2.jar
7f4b33501000-7f4b33506000 r--s 00068000 08:01 531453                     /usr/local/spark/jars/antlr-2.7.7.jar
7f4b33506000-7f4b3351c000 r--s 001a4000 08:01 531543                     /usr/local/spark/jars/datanucleus-rdbms-3.2.9.jar
7f4b3351c000-7f4b3351e000 r--s 00000000 08:01 531410                     /usr/local/spark/jars/jul-to-slf4j-1.7.16.jar
7f4b3351e000-7f4b33524000 r--s 0003c000 08:01 531530                     /usr/local/spark/jars/snakeyaml-1.15.jar
7f4b33524000-7f4b33631000 r--s 00dd7000 08:01 531565                     /usr/local/spark/jars/scala-compiler-2.11.12.jar
7f4b33631000-7f4b34000000 r--p 00000000 08:01 398837                     /usr/lib/locale/locale-archive
7f4b34000000-7f4b34040000 rw-p 00000000 00:00 0 
7f4b34040000-7f4b38000000 ---p 00000000 00:00 0 
7f4b38000000-7f4b38025000 rw-p 00000000 00:00 0 
7f4b38025000-7f4b38031000 r--s 00068000 08:01 531391                     /usr/local/spark/jars/scala-parser-combinators_2.11-1.1.0.jar
7f4b38031000-7f4b38033000 r--s 00015000 08:01 531542                     /usr/local/spark/jars/hadoop-auth-2.7.3.jar
7f4b38033000-7f4b38035000 r--s 0000e000 08:01 531366                     /usr/local/spark/jars/oro-2.0.8.jar
7f4b38035000-7f4b38049000 r--s 0016b000 08:01 531419                     /usr/local/spark/jars/orc-core-1.5.5-nohive.jar
7f4b38049000-7f4b3804b000 r--s 00001000 08:01 1067085                    /usr/lib/jvm/java-8-openjdk-amd64/jre/lib/ext/dnsns.jar
7f4b3804b000-7f4b3804e000 r--s 0000f000 08:01 1067086                    /usr/lib/jvm/java-8-openjdk-amd64/jre/lib/ext/icedtea-sound.jar
7f4b3804e000-7f4b38069000 r--s 001d6000 08:01 1067089                    /usr/lib/jvm/java-8-openjdk-amd64/jre/lib/ext/nashorn.jar
7f4b38069000-7f4b38073000 r--s 00116000 08:01 1067088                    /usr/lib/jvm/java-8-openjdk-amd64/jre/lib/ext/localedata.jar
7f4b38073000-7f4b3808e000 r--s 00394000 08:01 1067084                    /usr/lib/jvm/java-8-openjdk-amd64/jre/lib/ext/cldrdata.jar
7f4b3808e000-7f4b3808f000 ---p 00000000 00:00 0 
7f4b3808f000-7f4b3818f000 rw-p 00000000 00:00 0 
7f4b3818f000-7f4b38192000 ---p 00000000 00:00 0 
7f4b38192000-7f4b38290000 rw-p 00000000 00:00 0 
7f4b38290000-7f4b38291000 ---p 00000000 00:00 0 
7f4b38291000-7f4b38294000 ---p 00000000 00:00 0 
7f4b38294000-7f4b38391000 rw-p 00000000 00:00 0 
7f4b38391000-7f4b38392000 ---p 00000000 00:00 0 
7f4b38392000-7f4b38395000 ---p 00000000 00:00 0 
7f4b38395000-7f4b38492000 rw-p 00000000 00:00 0 
7f4b38492000-7f4b38495000 ---p 00000000 00:00 0 
7f4b38495000-7f4b38593000 rw-p 00000000 00:00 0 
7f4b38593000-7f4b38596000 ---p 00000000 00:00 0 
7f4b38596000-7f4b38694000 rw-p 00000000 00:00 0 
7f4b38694000-7f4b38697000 ---p 00000000 00:00 0 
7f4b38697000-7f4b38795000 rw-p 00000000 00:00 0 
7f4b38795000-7f4b38796000 ---p 00000000 00:00 0 
7f4b38796000-7f4b39000000 rw-p 00000000 00:00 0 
7f4b39000000-7f4b3a270000 rwxp 00000000 00:00 0 
7f4b3a270000-7f4b48000000 ---p 00000000 00:00 0 
7f4b48000000-7f4b4bffa000 rw-p 00000000 00:00 0 
7f4b4bffa000-7f4b4c000000 ---p 00000000 00:00 0 
7f4b4c000000-7f4b4c001000 r--s 0000a000 08:01 1067087                    /usr/lib/jvm/java-8-openjdk-amd64/jre/lib/ext/jaccess.jar
7f4b4c001000-7f4b4c203000 rw-p 00000000 00:00 0 
7f4b4c203000-7f4b4c3d5000 r--s 03ca5000 08:01 1067113                    /usr/lib/jvm/java-8-openjdk-amd64/jre/lib/rt.jar
7f4b4c3d5000-7f4b4ce4b000 rw-p 00000000 00:00 0 
7f4b4ce4b000-7f4b4ce4c000 ---p 00000000 00:00 0 
7f4b4ce4c000-7f4b4cf4c000 rw-p 00000000 00:00 0 
7f4b4cf4c000-7f4b4cf4d000 ---p 00000000 00:00 0 
7f4b4cf4d000-7f4b4d110000 rw-p 00000000 00:00 0 
7f4b4d110000-7f4b4d1a3000 ---p 00000000 00:00 0 
7f4b4d1a3000-7f4b4d266000 rw-p 00000000 00:00 0 
7f4b4d266000-7f4b4d2f8000 ---p 00000000 00:00 0 
7f4b4d2f8000-7f4b4d3a3000 rw-p 00000000 00:00 0 
7f4b4d3a3000-7f4b4d3ee000 rw-p 00000000 00:00 0 
7f4b4d3ee000-7f4b4d764000 ---p 00000000 00:00 0 
7f4b4d764000-7f4b4d76c000 r-xp 00000000 08:01 1067070                    /usr/lib/jvm/java-8-openjdk-amd64/jre/lib/amd64/libzip.so
7f4b4d76c000-7f4b4d96b000 ---p 00008000 08:01 1067070                    /usr/lib/jvm/java-8-openjdk-amd64/jre/lib/amd64/libzip.so
7f4b4d96b000-7f4b4d96c000 r--p 00007000 08:01 1067070                    /usr/lib/jvm/java-8-openjdk-amd64/jre/lib/amd64/libzip.so
7f4b4d96c000-7f4b4d96d000 rw-p 00008000 08:01 1067070                    /usr/lib/jvm/java-8-openjdk-amd64/jre/lib/amd64/libzip.so
7f4b4d96d000-7f4b4d978000 r-xp 00000000 08:01 659300                     /lib/x86_64-linux-gnu/libnss_files-2.27.so
7f4b4d978000-7f4b4db77000 ---p 0000b000 08:01 659300                     /lib/x86_64-linux-gnu/libnss_files-2.27.so
7f4b4db77000-7f4b4db78000 r--p 0000a000 08:01 659300                     /lib/x86_64-linux-gnu/libnss_files-2.27.so
7f4b4db78000-7f4b4db79000 rw-p 0000b000 08:01 659300                     /lib/x86_64-linux-gnu/libnss_files-2.27.so
7f4b4db79000-7f4b4db7f000 rw-p 00000000 00:00 0 
7f4b4db7f000-7f4b4db96000 r-xp 00000000 08:01 659294                     /lib/x86_64-linux-gnu/libnsl-2.27.so
7f4b4db96000-7f4b4dd95000 ---p 00017000 08:01 659294                     /lib/x86_64-linux-gnu/libnsl-2.27.so
7f4b4dd95000-7f4b4dd96000 r--p 00016000 08:01 659294                     /lib/x86_64-linux-gnu/libnsl-2.27.so
7f4b4dd96000-7f4b4dd97000 rw-p 00017000 08:01 659294                     /lib/x86_64-linux-gnu/libnsl-2.27.so
7f4b4dd97000-7f4b4dd99000 rw-p 00000000 00:00 0 
7f4b4dd99000-7f4b4dda4000 r-xp 00000000 08:01 659311                     /lib/x86_64-linux-gnu/libnss_nis-2.27.so
7f4b4dda4000-7f4b4dfa3000 ---p 0000b000 08:01 659311                     /lib/x86_64-linux-gnu/libnss_nis-2.27.so
7f4b4dfa3000-7f4b4dfa4000 r--p 0000a000 08:01 659311                     /lib/x86_64-linux-gnu/libnss_nis-2.27.so
7f4b4dfa4000-7f4b4dfa5000 rw-p 0000b000 08:01 659311                     /lib/x86_64-linux-gnu/libnss_nis-2.27.so
7f4b4dfa5000-7f4b4dfad000 r-xp 00000000 08:01 659296                     /lib/x86_64-linux-gnu/libnss_compat-2.27.so
7f4b4dfad000-7f4b4e1ad000 ---p 00008000 08:01 659296                     /lib/x86_64-linux-gnu/libnss_compat-2.27.so
7f4b4e1ad000-7f4b4e1ae000 r--p 00008000 08:01 659296                     /lib/x86_64-linux-gnu/libnss_compat-2.27.so
7f4b4e1ae000-7f4b4e1af000 rw-p 00009000 08:01 659296                     /lib/x86_64-linux-gnu/libnss_compat-2.27.so
7f4b4e1af000-7f4b4e1d9000 r-xp 00000000 08:01 1067051                    /usr/lib/jvm/java-8-openjdk-amd64/jre/lib/amd64/libjava.so
7f4b4e1d9000-7f4b4e3d8000 ---p 0002a000 08:01 1067051                    /usr/lib/jvm/java-8-openjdk-amd64/jre/lib/amd64/libjava.so
7f4b4e3d8000-7f4b4e3d9000 r--p 00029000 08:01 1067051                    /usr/lib/jvm/java-8-openjdk-amd64/jre/lib/amd64/libjava.so
7f4b4e3d9000-7f4b4e3db000 rw-p 0002a000 08:01 1067051                    /usr/lib/jvm/java-8-openjdk-amd64/jre/lib/amd64/libjava.so
7f4b4e3db000-7f4b4e3eb000 r-xp 00000000 08:01 1067069                    /usr/lib/jvm/java-8-openjdk-amd64/jre/lib/amd64/libverify.so
7f4b4e3eb000-7f4b4e5ea000 ---p 00010000 08:01 1067069                    /usr/lib/jvm/java-8-openjdk-amd64/jre/lib/amd64/libverify.so
7f4b4e5ea000-7f4b4e5ec000 r--p 0000f000 08:01 1067069                    /usr/lib/jvm/java-8-openjdk-amd64/jre/lib/amd64/libverify.so
7f4b4e5ec000-7f4b4e5ed000 rw-p 00011000 08:01 1067069                    /usr/lib/jvm/java-8-openjdk-amd64/jre/lib/amd64/libverify.so
7f4b4e5ed000-7f4b4e5f4000 r-xp 00000000 08:01 659351                     /lib/x86_64-linux-gnu/librt-2.27.so
7f4b4e5f4000-7f4b4e7f3000 ---p 00007000 08:01 659351                     /lib/x86_64-linux-gnu/librt-2.27.so
7f4b4e7f3000-7f4b4e7f4000 r--p 00006000 08:01 659351                     /lib/x86_64-linux-gnu/librt-2.27.so
7f4b4e7f4000-7f4b4e7f5000 rw-p 00007000 08:01 659351                     /lib/x86_64-linux-gnu/librt-2.27.so
7f4b4e7f5000-7f4b4e80c000 r-xp 00000000 08:01 655060                     /lib/x86_64-linux-gnu/libgcc_s.so.1
7f4b4e80c000-7f4b4ea0b000 ---p 00017000 08:01 655060                     /lib/x86_64-linux-gnu/libgcc_s.so.1
7f4b4ea0b000-7f4b4ea0c000 r--p 00016000 08:01 655060                     /lib/x86_64-linux-gnu/libgcc_s.so.1
7f4b4ea0c000-7f4b4ea0d000 rw-p 00017000 08:01 655060                     /lib/x86_64-linux-gnu/libgcc_s.so.1
7f4b4ea0d000-7f4b4ebaa000 r-xp 00000000 08:01 659273                     /lib/x86_64-linux-gnu/libm-2.27.so
7f4b4ebaa000-7f4b4eda9000 ---p 0019d000 08:01 659273                     /lib/x86_64-linux-gnu/libm-2.27.so
7f4b4eda9000-7f4b4edaa000 r--p 0019c000 08:01 659273                     /lib/x86_64-linux-gnu/libm-2.27.so
7f4b4edaa000-7f4b4edab000 rw-p 0019d000 08:01 659273                     /lib/x86_64-linux-gnu/libm-2.27.so
7f4b4edab000-7f4b4ef24000 r-xp 00000000 08:01 391775                     /usr/lib/x86_64-linux-gnu/libstdc++.so.6.0.25
7f4b4ef24000-7f4b4f124000 ---p 00179000 08:01 391775                     /usr/lib/x86_64-linux-gnu/libstdc++.so.6.0.25
7f4b4f124000-7f4b4f12e000 r--p 00179000 08:01 391775                     /usr/lib/x86_64-linux-gnu/libstdc++.so.6.0.25
7f4b4f12e000-7f4b4f130000 rw-p 00183000 08:01 391775                     /usr/lib/x86_64-linux-gnu/libstdc++.so.6.0.25
7f4b4f130000-7f4b4f134000 rw-p 00000000 00:00 0 
7f4b4f134000-7f4b4fdd8000 r-xp 00000000 08:01 1067073                    /usr/lib/jvm/java-8-openjdk-amd64/jre/lib/amd64/server/libjvm.so
7f4b4fdd8000-7f4b4ffd8000 ---p 00ca4000 08:01 1067073                    /usr/lib/jvm/java-8-openjdk-amd64/jre/lib/amd64/server/libjvm.so
7f4b4ffd8000-7f4b5006c000 r--p 00ca4000 08:01 1067073                    /usr/lib/jvm/java-8-openjdk-amd64/jre/lib/amd64/server/libjvm.so
7f4b5006c000-7f4b50095000 rw-p 00d38000 08:01 1067073                    /usr/lib/jvm/java-8-openjdk-amd64/jre/lib/amd64/server/libjvm.so
7f4b50095000-7f4b500c5000 rw-p 00000000 00:00 0 
7f4b500c5000-7f4b500df000 r-xp 00000000 08:01 659343                     /lib/x86_64-linux-gnu/libpthread-2.27.so
7f4b500df000-7f4b502de000 ---p 0001a000 08:01 659343                     /lib/x86_64-linux-gnu/libpthread-2.27.so
7f4b502de000-7f4b502df000 r--p 00019000 08:01 659343                     /lib/x86_64-linux-gnu/libpthread-2.27.so
7f4b502df000-7f4b502e0000 rw-p 0001a000 08:01 659343                     /lib/x86_64-linux-gnu/libpthread-2.27.so
7f4b502e0000-7f4b502e4000 rw-p 00000000 00:00 0 
7f4b502e4000-7f4b502e7000 r-xp 00000000 08:01 659233                     /lib/x86_64-linux-gnu/libdl-2.27.so
7f4b502e7000-7f4b504e6000 ---p 00003000 08:01 659233                     /lib/x86_64-linux-gnu/libdl-2.27.so
7f4b504e6000-7f4b504e7000 r--p 00002000 08:01 659233                     /lib/x86_64-linux-gnu/libdl-2.27.so
7f4b504e7000-7f4b504e8000 rw-p 00003000 08:01 659233                     /lib/x86_64-linux-gnu/libdl-2.27.so
7f4b504e8000-7f4b50504000 r-xp 00000000 08:01 659382                     /lib/x86_64-linux-gnu/libz.so.1.2.11
7f4b50504000-7f4b50703000 ---p 0001c000 08:01 659382                     /lib/x86_64-linux-gnu/libz.so.1.2.11
7f4b50703000-7f4b50704000 r--p 0001b000 08:01 659382                     /lib/x86_64-linux-gnu/libz.so.1.2.11
7f4b50704000-7f4b50705000 rw-p 0001c000 08:01 659382                     /lib/x86_64-linux-gnu/libz.so.1.2.11
7f4b50705000-7f4b508ec000 r-xp 00000000 08:01 659210                     /lib/x86_64-linux-gnu/libc-2.27.so
7f4b508ec000-7f4b50aec000 ---p 001e7000 08:01 659210                     /lib/x86_64-linux-gnu/libc-2.27.so
7f4b50aec000-7f4b50af0000 r--p 001e7000 08:01 659210                     /lib/x86_64-linux-gnu/libc-2.27.so
7f4b50af0000-7f4b50af2000 rw-p 001eb000 08:01 659210                     /lib/x86_64-linux-gnu/libc-2.27.so
7f4b50af2000-7f4b50af6000 rw-p 00000000 00:00 0 
7f4b50af6000-7f4b50b04000 r-xp 00000000 08:01 1067037                    /usr/lib/jvm/java-8-openjdk-amd64/jre/lib/amd64/jli/libjli.so
7f4b50b04000-7f4b50d03000 ---p 0000e000 08:01 1067037                    /usr/lib/jvm/java-8-openjdk-amd64/jre/lib/amd64/jli/libjli.so
7f4b50d03000-7f4b50d04000 r--p 0000d000 08:01 1067037                    /usr/lib/jvm/java-8-openjdk-amd64/jre/lib/amd64/jli/libjli.so
7f4b50d04000-7f4b50d05000 rw-p 0000e000 08:01 1067037                    /usr/lib/jvm/java-8-openjdk-amd64/jre/lib/amd64/jli/libjli.so
7f4b50d05000-7f4b50d2c000 r-xp 00000000 08:01 659182                     /lib/x86_64-linux-gnu/ld-2.27.so
7f4b50d2c000-7f4b50d30000 r--s 0003a000 08:01 1067092                    /usr/lib/jvm/java-8-openjdk-amd64/jre/lib/ext/sunpkcs11.jar
7f4b50d30000-7f4b50e15000 rw-p 00000000 00:00 0 
7f4b50e15000-7f4b50e16000 ---p 00000000 00:00 0 
7f4b50e16000-7f4b50e19000 ---p 00000000 00:00 0 
7f4b50e19000-7f4b50f18000 rw-p 00000000 00:00 0 
7f4b50f18000-7f4b50f19000 r--s 0000d000 08:01 1067090                    /usr/lib/jvm/java-8-openjdk-amd64/jre/lib/ext/sunec.jar
7f4b50f19000-7f4b50f1a000 r--s 00010000 08:01 1067093                    /usr/lib/jvm/java-8-openjdk-amd64/jre/lib/ext/zipfs.jar
7f4b50f1a000-7f4b50f20000 r--s 0003d000 08:01 1067091                    /usr/lib/jvm/java-8-openjdk-amd64/jre/lib/ext/sunjce_provider.jar
7f4b50f20000-7f4b50f28000 rw-s 00000000 08:01 262870                     /tmp/hsperfdata_boris/3975
7f4b50f28000-7f4b50f29000 rw-p 00000000 00:00 0 
7f4b50f29000-7f4b50f2a000 ---p 00000000 00:00 0 
7f4b50f2a000-7f4b50f2c000 rw-p 00000000 00:00 0 
7f4b50f2c000-7f4b50f2d000 r--p 00027000 08:01 659182                     /lib/x86_64-linux-gnu/ld-2.27.so
7f4b50f2d000-7f4b50f2e000 rw-p 00028000 08:01 659182                     /lib/x86_64-linux-gnu/ld-2.27.so
7f4b50f2e000-7f4b50f2f000 rw-p 00000000 00:00 0 
7ffebbed6000-7ffebbef8000 rw-p 00000000 00:00 0                          [stack]
7ffebbf52000-7ffebbf55000 r--p 00000000 00:00 0                          [vvar]
7ffebbf55000-7ffebbf56000 r-xp 00000000 00:00 0                          [vdso]
ffffffffff600000-ffffffffff601000 --xp 00000000 00:00 0                  [vsyscall]

VM Arguments:
jvm_args: -Xmx1g 
java_command: org.apache.spark.deploy.SparkSubmit --class org.apache.toree.Main --name Apache Toree /home/boris/.local/share/jupyter/kernels/apache_toree_scala/lib/toree-assembly-0.3.0-incubating.jar --profile /home/boris/.local/share/jupyter/runtime/kernel-1ad2d059-ede9-4001-aaa7-5b216ab081e2.json
java_class_path (initial): /usr/local/spark/conf/:/usr/local/spark/jars/orc-core-1.5.5-nohive.jar:/usr/local/spark/jars/oro-2.0.8.jar:/usr/local/spark/jars/hadoop-auth-2.7.3.jar:/usr/local/spark/jars/scala-parser-combinators_2.11-1.1.0.jar:/usr/local/spark/jars/scala-compiler-2.11.12.jar:/usr/local/spark/jars/snakeyaml-1.15.jar:/usr/local/spark/jars/jul-to-slf4j-1.7.16.jar:/usr/local/spark/jars/datanucleus-rdbms-3.2.9.jar:/usr/local/spark/jars/antlr-2.7.7.jar:/usr/local/spark/jars/snappy-0.2.jar:/usr/local/spark/jars/activation-1.1.1.jar:/usr/local/spark/jars/commons-httpclient-3.1.jar:/usr/local/spark/jars/jaxb-api-2.2.2.jar:/usr/local/spark/jars/api-asn1-api-1.0.0-M20.jar:/usr/local/spark/jars/netty-all-4.1.47.Final.jar:/usr/local/spark/jars/slf4j-api-1.7.16.jar:/usr/local/spark/jars/parquet-hadoop-1.10.1.jar:/usr/local/spark/jars/commons-compress-1.8.1.jar:/usr/local/spark/jars/minlog-1.3.0.jar:/usr/local/spark/jars/commons-configuration-1.6.jar:/usr/local/spark/jars/stax-api-1.0-2.jar:/usr/local/spark/jars/jcl-over-slf4j-1.7.16.jar:/usr/local/spark/jars/jline-2.14.6.jar:/usr/local/spark/jars/jackson-core-asl-1.9.13.jar:/usr/local/spark/jars/spark-graphx_2.11-2.4.6.jar:/usr/local/spark/jars/javax.inject-2.4.0-b34.jar:/usr/local/spark/jars/guice-3.0.jar:/usr/local/spark/jars/paranamer-2.8.jar:/usr/local/spark/jars/generex-1.0.2.jar:/usr/local/spark/jars/jersey-common-2.22.2.jar:/usr/local/spark/jars/libfb303-0.9.3.jar:/usr/local/spark/jars/parquet-column-1.10.1.jar:/usr/local/spark/jars/joda-time-2.9.3.jar:/usr/local/spark/jars/httpcore-4.4.10.jar:/usr/local/spark/jars/orc-shims-1.5.5.jar:/usr/local/spark/jars/javassist-3.18.1-GA.jar:/usr/local/spark/jars/zstd-jni-1.3.2-2.jar:/usr/local/spark/jars/objenesis-2.5.1.jar:/usr/local/spark/jars/guice-servlet-3.0.jar:/usr/local/spark/jars/json4s-jackson_2.11-3.5.3.jar:/usr/local/spark/jars/metrics-json-3.1.5.jar:/usr/local/spark/jars/snappy-java-1.1.7.5.jar:/usr/local/spark/jars/jackson-xc-1.9.13.jar:/usr/local/spark/j
Launcher Type: SUN_STANDARD

Environment Variables:
JAVA_HOME=/usr/lib/jvm/java-8-openjdk-amd64
PATH=/home/boris/.local/bin:/usr/local/sbin:/usr/local/bin:/usr/sbin:/usr/bin:/sbin:/bin:/usr/games:/usr/local/games:/snap/bin:/usr/local/spark/bin:/usr/local/spark/sbin:/usr/local/spark:/usr/local/spark/bin:/usr/lib/jvm/java-8-openjdk-amd64:/usr/lib/jvm/java-8-openjdk-amd64/bin:/usr/lib/jvm/java-8-openjdk-amd64/jre/bin:/usr/local/hadoop/sbin:/usr/local/hadoop/bin:/usr/local/hbase/bin:/home/boris/eclipse/eclipse
USERNAME=boris
SHELL=/bin/bash
DISPLAY=:0

Signal Handlers:
SIGSEGV: [libjvm.so+0xabd470], sa_mask[0]=11111111011111111101111111111110, sa_flags=SA_RESTART|SA_SIGINFO
SIGBUS: [libjvm.so+0xabd470], sa_mask[0]=11111111011111111101111111111110, sa_flags=SA_RESTART|SA_SIGINFO
SIGFPE: [libjvm.so+0x8f1c90], sa_mask[0]=11111111011111111101111111111110, sa_flags=SA_RESTART|SA_SIGINFO
SIGPIPE: [libjvm.so+0x8f1c90], sa_mask[0]=11111111011111111101111111111110, sa_flags=SA_RESTART|SA_SIGINFO
SIGXFSZ: [libjvm.so+0x8f1c90], sa_mask[0]=11111111011111111101111111111110, sa_flags=SA_RESTART|SA_SIGINFO
SIGILL: [libjvm.so+0x8f1c90], sa_mask[0]=11111111011111111101111111111110, sa_flags=SA_RESTART|SA_SIGINFO
SIGUSR1: SIG_DFL, sa_mask[0]=00000000000000000000000000000000, sa_flags=none
SIGUSR2: [libjvm.so+0x8f1b40], sa_mask[0]=00000000000000000000000000000000, sa_flags=SA_RESTART|SA_SIGINFO
SIGHUP: [libjvm.so+0x8f21b0], sa_mask[0]=11111111011111111101111111111110, sa_flags=SA_RESTART|SA_SIGINFO
SIGINT: [libjvm.so+0x8f21b0], sa_mask[0]=11111111011111111101111111111110, sa_flags=SA_RESTART|SA_SIGINFO
SIGTERM: [libjvm.so+0x8f21b0], sa_mask[0]=11111111011111111101111111111110, sa_flags=SA_RESTART|SA_SIGINFO
SIGQUIT: [libjvm.so+0x8f21b0], sa_mask[0]=11111111011111111101111111111110, sa_flags=SA_RESTART|SA_SIGINFO


---------------  S Y S T E M  ---------------

OS:DISTRIB_ID=Ubuntu
DISTRIB_RELEASE=18.04
DISTRIB_CODENAME=bionic
DISTRIB_DESCRIPTION="Ubuntu 18.04.4 LTS"

uname:Linux 5.3.0-59-generic #53~18.04.1-Ubuntu SMP Thu Jun 4 14:58:26 UTC 2020 x86_64
libc:glibc 2.27 NPTL 2.27 
rlimit: STACK 8192k, CORE 0k, NPROC 31658, NOFILE 4096, AS infinity
load average:71.14 37.04 14.99

/proc/meminfo:
MemTotal:        8153304 kB
MemFree:         3850332 kB
MemAvailable:    5413568 kB
Buffers:          121468 kB
Cached:          1711124 kB
SwapCached:            0 kB
Active:          2832388 kB
Inactive:        1241772 kB
Active(anon):    2241228 kB
Inactive(anon):    93036 kB
Active(file):     591160 kB
Inactive(file):  1148736 kB
Unevictable:          32 kB
Mlocked:              32 kB
SwapTotal:        922924 kB
SwapFree:         922924 kB
Dirty:               736 kB
Writeback:             0 kB
AnonPages:       2241648 kB
Mapped:           517976 kB
Shmem:             94720 kB
KReclaimable:      85224 kB
Slab:             123092 kB
SReclaimable:      85224 kB
SUnreclaim:        37868 kB
KernelStack:       10080 kB
PageTables:        39208 kB
NFS_Unstable:          0 kB
Bounce:                0 kB
WritebackTmp:          0 kB
CommitLimit:     4999576 kB
Committed_AS:    5791912 kB
VmallocTotal:   34359738367 kB
VmallocUsed:       36268 kB
VmallocChunk:          0 kB
Percpu:              696 kB
HardwareCorrupted:     0 kB
AnonHugePages:         0 kB
ShmemHugePages:        0 kB
ShmemPmdMapped:        0 kB
CmaTotal:              0 kB
CmaFree:               0 kB
HugePages_Total:       0
HugePages_Free:        0
HugePages_Rsvd:        0
HugePages_Surp:        0
Hugepagesize:       2048 kB
Hugetlb:               0 kB
DirectMap4k:      157632 kB
DirectMap2M:     8230912 kB

container (cgroup) information:
container_type: cgroupv1
cpu_cpuset_cpus: 0-1
cpu_memory_nodes: 0
active_processor_count: 2
cpu_quota: -1
cpu_period: 100000
cpu_shares: -1
memory_limit_in_bytes: -1
memory_and_swap_limit_in_bytes: -2
memory_soft_limit_in_bytes: -1
memory_usage_in_bytes: 4171849728
memory_max_usage_in_bytes: 0


CPU:total 2 (initial active 2) (2 cores per cpu, 1 threads per core) family 6 model 94 stepping 3, cmov, cx8, fxsr, mmx, sse, sse2, sse3, ssse3, sse4.1, sse4.2, popcnt, avx, avx2, aes, clmul, 3dnowpref, lzcnt, tsc, tscinvbit

/proc/cpuinfo:
processor	: 0
vendor_id	: GenuineIntel
cpu family	: 6
model		: 94
model name	: Intel(R) Core(TM) i5-6600K CPU @ 3.50GHz
stepping	: 3
cpu MHz		: 3503.994
cache size	: 6144 KB
physical id	: 0
siblings	: 2
core id		: 0
cpu cores	: 2
apicid		: 0
initial apicid	: 0
fpu		: yes
fpu_exception	: yes
cpuid level	: 22
wp		: yes
flags		: fpu vme de pse tsc msr pae mce cx8 apic sep mtrr pge mca cmov pat pse36 clflush mmx fxsr sse sse2 ht syscall nx rdtscp lm constant_tsc rep_good nopl xtopology nonstop_tsc cpuid tsc_known_freq pni pclmulqdq ssse3 cx16 pcid sse4_1 sse4_2 x2apic movbe popcnt aes xsave avx rdrand hypervisor lahf_lm abm 3dnowprefetch invpcid_single pti fsgsbase avx2 invpcid rdseed clflushopt md_clear flush_l1d
bugs		: cpu_meltdown spectre_v1 spectre_v2 spec_store_bypass l1tf mds swapgs itlb_multihit srbds
bogomips	: 7007.98
clflush size	: 64
cache_alignment	: 64
address sizes	: 39 bits physical, 48 bits virtual
power management:

processor	: 1
vendor_id	: GenuineIntel
cpu family	: 6
model		: 94
model name	: Intel(R) Core(TM) i5-6600K CPU @ 3.50GHz
stepping	: 3
cpu MHz		: 3503.994
cache size	: 6144 KB
physical id	: 0
siblings	: 2
core id		: 1
cpu cores	: 2
apicid		: 1
initial apicid	: 1
fpu		: yes
fpu_exception	: yes
cpuid level	: 22
wp		: yes
flags		: fpu vme de pse tsc msr pae mce cx8 apic sep mtrr pge mca cmov pat pse36 clflush mmx fxsr sse sse2 ht syscall nx rdtscp lm constant_tsc rep_good nopl xtopology nonstop_tsc cpuid tsc_known_freq pni pclmulqdq ssse3 cx16 pcid sse4_1 sse4_2 x2apic movbe popcnt aes xsave avx rdrand hypervisor lahf_lm abm 3dnowprefetch invpcid_single pti fsgsbase avx2 invpcid rdseed clflushopt md_clear flush_l1d
bugs		: cpu_meltdown spectre_v1 spectre_v2 spec_store_bypass l1tf mds swapgs itlb_multihit srbds
bogomips	: 7007.98
clflush size	: 64
cache_alignment	: 64
address sizes	: 39 bits physical, 48 bits virtual
power management:



Memory: 4k page, physical 8153304k(3850332k free), swap 922924k(922924k free)

vm_info: OpenJDK 64-Bit Server VM (25.252-b09) for linux-amd64 JRE (1.8.0_252-8u252-b09-1~18.04-b09), built on Apr 15 2020 18:48:05 by "buildd" with gcc 7.5.0

time: Thu Jun 18 19:54:31 2020
timezone: BST
elapsed time: 17 seconds (0d 0h 0m 17s)

